[0.262s] Invoking command in '/home/vatsan/robo/src/ros2_learners/build/navigation_tb3': CMAKE_PREFIX_PATH=${CMAKE_PREFIX_PATH}:/home/vatsan/robo/src/ros2_learners/install/stamp:/home/vatsan/robo/src/ros2_learners/install/robot_math:/home/vatsan/robo/src/ros2_learners/install/pc:/home/vatsan/robo/src/ros2_learners/install/my_robot_controller:/opt/ros/humble DEBUGINFOD_URLS=https://debuginfod.ubuntu.com /home/vatsan/.local/bin/cmake --build /home/vatsan/robo/src/ros2_learners/build/navigation_tb3 -- -j8 -l8
[0.760s] [  0%] Built target ament_cmake_python_copy_navigation_tb3
[0.761s] [100%] Built target pub_occupancy_grid
[0.761s] running egg_info
[0.761s] writing navigation_tb3.egg-info/PKG-INFO
[0.761s] writing dependency_links to navigation_tb3.egg-info/dependency_links.txt
[0.761s] writing top-level names to navigation_tb3.egg-info/top_level.txt
[0.761s] reading manifest file 'navigation_tb3.egg-info/SOURCES.txt'
[0.762s] writing manifest file 'navigation_tb3.egg-info/SOURCES.txt'
[0.762s] [100%] Built target ament_cmake_python_build_navigation_tb3_egg
[0.764s] Invoked command in '/home/vatsan/robo/src/ros2_learners/build/navigation_tb3' returned '0': CMAKE_PREFIX_PATH=${CMAKE_PREFIX_PATH}:/home/vatsan/robo/src/ros2_learners/install/stamp:/home/vatsan/robo/src/ros2_learners/install/robot_math:/home/vatsan/robo/src/ros2_learners/install/pc:/home/vatsan/robo/src/ros2_learners/install/my_robot_controller:/opt/ros/humble DEBUGINFOD_URLS=https://debuginfod.ubuntu.com /home/vatsan/.local/bin/cmake --build /home/vatsan/robo/src/ros2_learners/build/navigation_tb3 -- -j8 -l8
[0.830s] Invoking command in '/home/vatsan/robo/src/ros2_learners/build/navigation_tb3': CMAKE_PREFIX_PATH=${CMAKE_PREFIX_PATH}:/home/vatsan/robo/src/ros2_learners/install/stamp:/home/vatsan/robo/src/ros2_learners/install/robot_math:/home/vatsan/robo/src/ros2_learners/install/pc:/home/vatsan/robo/src/ros2_learners/install/my_robot_controller:/opt/ros/humble DEBUGINFOD_URLS=https://debuginfod.ubuntu.com /home/vatsan/.local/bin/cmake --install /home/vatsan/robo/src/ros2_learners/build/navigation_tb3
[0.953s] -- Install configuration: ""
[0.954s] -- Up-to-date: /home/vatsan/robo/src/ros2_learners/install/navigation_tb3/lib/navigation_tb3/pub_occupancy_grid
[0.954s] -- Up-to-date: /home/vatsan/robo/src/ros2_learners/install/navigation_tb3/share/navigation_tb3/launch
[0.954s] -- Up-to-date: /home/vatsan/robo/src/ros2_learners/install/navigation_tb3/share/navigation_tb3/launch/mapping.launch.py
[0.955s] -- Up-to-date: /home/vatsan/robo/src/ros2_learners/install/navigation_tb3/share/navigation_tb3/launch/navigation.launch.py
[0.955s] -- Up-to-date: /home/vatsan/robo/src/ros2_learners/install/navigation_tb3/share/navigation_tb3/config
[0.955s] -- Up-to-date: /home/vatsan/robo/src/ros2_learners/install/navigation_tb3/share/navigation_tb3/config/mapping.rviz
[0.955s] -- Up-to-date: /home/vatsan/robo/src/ros2_learners/install/navigation_tb3/share/navigation_tb3/config/tb3_nav2_params.yaml
[0.955s] -- Up-to-date: /home/vatsan/robo/src/ros2_learners/install/navigation_tb3/share/navigation_tb3/config/tb3_map.pgm
[0.955s] -- Up-to-date: /home/vatsan/robo/src/ros2_learners/install/navigation_tb3/share/navigation_tb3/config/tb3_map.yaml
[0.955s] -- Up-to-date: /home/vatsan/robo/src/ros2_learners/install/navigation_tb3/share/navigation_tb3/config/navigation.rviz
[0.955s] -- Up-to-date: /home/vatsan/robo/src/ros2_learners/install/navigation_tb3/share/navigation_tb3/config/turtlebot3_lds_2d.lua
[0.955s] -- Up-to-date: /home/vatsan/robo/src/ros2_learners/install/navigation_tb3/share/navigation_tb3/environment/pythonpath.sh
[0.955s] -- Up-to-date: /home/vatsan/robo/src/ros2_learners/install/navigation_tb3/share/navigation_tb3/environment/pythonpath.dsv
[0.956s] -- Up-to-date: /home/vatsan/robo/src/ros2_learners/install/navigation_tb3/local/lib/python3.10/dist-packages/navigation_tb3-0.0.0-py3.10.egg-info
[0.956s] -- Installing: /home/vatsan/robo/src/ros2_learners/install/navigation_tb3/local/lib/python3.10/dist-packages/navigation_tb3-0.0.0-py3.10.egg-info/dependency_links.txt
[0.956s] -- Installing: /home/vatsan/robo/src/ros2_learners/install/navigation_tb3/local/lib/python3.10/dist-packages/navigation_tb3-0.0.0-py3.10.egg-info/top_level.txt
[0.956s] -- Installing: /home/vatsan/robo/src/ros2_learners/install/navigation_tb3/local/lib/python3.10/dist-packages/navigation_tb3-0.0.0-py3.10.egg-info/PKG-INFO
[0.956s] -- Installing: /home/vatsan/robo/src/ros2_learners/install/navigation_tb3/local/lib/python3.10/dist-packages/navigation_tb3-0.0.0-py3.10.egg-info/SOURCES.txt
[0.956s] -- Up-to-date: /home/vatsan/robo/src/ros2_learners/install/navigation_tb3/local/lib/python3.10/dist-packages/navigation_tb3
[0.956s] -- Up-to-date: /home/vatsan/robo/src/ros2_learners/install/navigation_tb3/local/lib/python3.10/dist-packages/navigation_tb3/__init__.py
[0.992s] Listing '/home/vatsan/robo/src/ros2_learners/install/navigation_tb3/local/lib/python3.10/dist-packages/navigation_tb3'...
[0.997s] -- Up-to-date: /home/vatsan/robo/src/ros2_learners/install/navigation_tb3/lib/navigation_tb3/single_goal_nav.py
[0.997s] -- Up-to-date: /home/vatsan/robo/src/ros2_learners/install/navigation_tb3/lib/navigation_tb3/multi_waypoints.py
[0.997s] -- Up-to-date: /home/vatsan/robo/src/ros2_learners/install/navigation_tb3/share/ament_index/resource_index/package_run_dependencies/navigation_tb3
[0.997s] -- Up-to-date: /home/vatsan/robo/src/ros2_learners/install/navigation_tb3/share/ament_index/resource_index/parent_prefix_path/navigation_tb3
[0.997s] -- Up-to-date: /home/vatsan/robo/src/ros2_learners/install/navigation_tb3/share/navigation_tb3/environment/ament_prefix_path.sh
[0.998s] -- Up-to-date: /home/vatsan/robo/src/ros2_learners/install/navigation_tb3/share/navigation_tb3/environment/ament_prefix_path.dsv
[0.998s] -- Up-to-date: /home/vatsan/robo/src/ros2_learners/install/navigation_tb3/share/navigation_tb3/environment/path.sh
[0.998s] -- Up-to-date: /home/vatsan/robo/src/ros2_learners/install/navigation_tb3/share/navigation_tb3/environment/path.dsv
[0.998s] -- Up-to-date: /home/vatsan/robo/src/ros2_learners/install/navigation_tb3/share/navigation_tb3/local_setup.bash
[0.998s] -- Up-to-date: /home/vatsan/robo/src/ros2_learners/install/navigation_tb3/share/navigation_tb3/local_setup.sh
[0.998s] -- Up-to-date: /home/vatsan/robo/src/ros2_learners/install/navigation_tb3/share/navigation_tb3/local_setup.zsh
[0.998s] -- Up-to-date: /home/vatsan/robo/src/ros2_learners/install/navigation_tb3/share/navigation_tb3/local_setup.dsv
[0.998s] -- Installing: /home/vatsan/robo/src/ros2_learners/install/navigation_tb3/share/navigation_tb3/package.dsv
[0.998s] -- Up-to-date: /home/vatsan/robo/src/ros2_learners/install/navigation_tb3/share/ament_index/resource_index/packages/navigation_tb3
[0.998s] -- Up-to-date: /home/vatsan/robo/src/ros2_learners/install/navigation_tb3/share/navigation_tb3/cmake/navigation_tb3Config.cmake
[0.999s] -- Up-to-date: /home/vatsan/robo/src/ros2_learners/install/navigation_tb3/share/navigation_tb3/cmake/navigation_tb3Config-version.cmake
[0.999s] -- Up-to-date: /home/vatsan/robo/src/ros2_learners/install/navigation_tb3/share/navigation_tb3/package.xml
[1.031s] Invoked command in '/home/vatsan/robo/src/ros2_learners/build/navigation_tb3' returned '0': CMAKE_PREFIX_PATH=${CMAKE_PREFIX_PATH}:/home/vatsan/robo/src/ros2_learners/install/stamp:/home/vatsan/robo/src/ros2_learners/install/robot_math:/home/vatsan/robo/src/ros2_learners/install/pc:/home/vatsan/robo/src/ros2_learners/install/my_robot_controller:/opt/ros/humble DEBUGINFOD_URLS=https://debuginfod.ubuntu.com /home/vatsan/.local/bin/cmake --install /home/vatsan/robo/src/ros2_learners/build/navigation_tb3
