running egg_info
creating ../build/stamp/stamp.egg-info
writing ../build/stamp/stamp.egg-info/PKG-INFO
writing dependency_links to ../build/stamp/stamp.egg-info/dependency_links.txt
writing entry points to ../build/stamp/stamp.egg-info/entry_points.txt
writing requirements to ../build/stamp/stamp.egg-info/requires.txt
writing top-level names to ../build/stamp/stamp.egg-info/top_level.txt
writing manifest file '../build/stamp/stamp.egg-info/SOURCES.txt'
reading manifest file '../build/stamp/stamp.egg-info/SOURCES.txt'
writing manifest file '../build/stamp/stamp.egg-info/SOURCES.txt'
running build
running build_py
creating /home/vatsan/robo/src/ros2_learners/build/stamp/build
creating /home/vatsan/robo/src/ros2_learners/build/stamp/build/lib
creating /home/vatsan/robo/src/ros2_learners/build/stamp/build/lib/stamp
copying stamp/__init__.py -> /home/vatsan/robo/src/ros2_learners/build/stamp/build/lib/stamp
copying stamp/p.py -> /home/vatsan/robo/src/ros2_learners/build/stamp/build/lib/stamp
copying stamp/match.py -> /home/vatsan/robo/src/ros2_learners/build/stamp/build/lib/stamp
copying stamp/data.py -> /home/vatsan/robo/src/ros2_learners/build/stamp/build/lib/stamp
running install
running install_lib
creating /home/vatsan/robo/src/ros2_learners/install/stamp/lib/python3.10/site-packages/stamp
copying /home/vatsan/robo/src/ros2_learners/build/stamp/build/lib/stamp/__init__.py -> /home/vatsan/robo/src/ros2_learners/install/stamp/lib/python3.10/site-packages/stamp
copying /home/vatsan/robo/src/ros2_learners/build/stamp/build/lib/stamp/p.py -> /home/vatsan/robo/src/ros2_learners/install/stamp/lib/python3.10/site-packages/stamp
copying /home/vatsan/robo/src/ros2_learners/build/stamp/build/lib/stamp/match.py -> /home/vatsan/robo/src/ros2_learners/install/stamp/lib/python3.10/site-packages/stamp
copying /home/vatsan/robo/src/ros2_learners/build/stamp/build/lib/stamp/data.py -> /home/vatsan/robo/src/ros2_learners/install/stamp/lib/python3.10/site-packages/stamp
byte-compiling /home/vatsan/robo/src/ros2_learners/install/stamp/lib/python3.10/site-packages/stamp/__init__.py to __init__.cpython-310.pyc
byte-compiling /home/vatsan/robo/src/ros2_learners/install/stamp/lib/python3.10/site-packages/stamp/p.py to p.cpython-310.pyc
byte-compiling /home/vatsan/robo/src/ros2_learners/install/stamp/lib/python3.10/site-packages/stamp/match.py to match.cpython-310.pyc
byte-compiling /home/vatsan/robo/src/ros2_learners/install/stamp/lib/python3.10/site-packages/stamp/data.py to data.cpython-310.pyc
running install_data
creating /home/vatsan/robo/src/ros2_learners/install/stamp/share/ament_index
creating /home/vatsan/robo/src/ros2_learners/install/stamp/share/ament_index/resource_index
creating /home/vatsan/robo/src/ros2_learners/install/stamp/share/ament_index/resource_index/packages
copying resource/stamp -> /home/vatsan/robo/src/ros2_learners/install/stamp/share/ament_index/resource_index/packages
copying package.xml -> /home/vatsan/robo/src/ros2_learners/install/stamp/share/stamp
running install_egg_info
Copying ../build/stamp/stamp.egg-info to /home/vatsan/robo/src/ros2_learners/install/stamp/lib/python3.10/site-packages/stamp-0.0.0-py3.10.egg-info
running install_scripts
writing list of installed files to '/home/vatsan/robo/src/ros2_learners/build/stamp/install.log'
