[0.252s] Invoking command in '/home/vatsan/robo/src/ros2_learners/build/nodes': CMAKE_PREFIX_PATH=/opt/ros/humble DEBUGINFOD_URLS=https://debuginfod.ubuntu.com /home/vatsan/.local/bin/cmake --build /home/vatsan/robo/src/ros2_learners/build/nodes -- -j8 -l8
[0.761s] [ 33%] Built target pub_node
[0.761s] [ 66%] Built target laser_pub
[0.761s] [100%] Built target sub_node
[0.763s] Invoked command in '/home/vatsan/robo/src/ros2_learners/build/nodes' returned '0': CMAKE_PREFIX_PATH=/opt/ros/humble DEBUGINFOD_URLS=https://debuginfod.ubuntu.com /home/vatsan/.local/bin/cmake --build /home/vatsan/robo/src/ros2_learners/build/nodes -- -j8 -l8
[0.825s] Invoking command in '/home/vatsan/robo/src/ros2_learners/build/nodes': CMAKE_PREFIX_PATH=/opt/ros/humble DEBUGINFOD_URLS=https://debuginfod.ubuntu.com /home/vatsan/.local/bin/cmake --install /home/vatsan/robo/src/ros2_learners/build/nodes
[0.927s] -- Install configuration: ""
[0.927s] -- Up-to-date: /home/vatsan/robo/src/ros2_learners/install/nodes/lib/nodes/pub_node
[0.927s] -- Up-to-date: /home/vatsan/robo/src/ros2_learners/install/nodes/lib/nodes/sub_node
[0.927s] -- Up-to-date: /home/vatsan/robo/src/ros2_learners/install/nodes/lib/nodes/laser_pub
[0.928s] -- Up-to-date: /home/vatsan/robo/src/ros2_learners/install/nodes/share/ament_index/resource_index/package_run_dependencies/nodes
[0.928s] -- Up-to-date: /home/vatsan/robo/src/ros2_learners/install/nodes/share/ament_index/resource_index/parent_prefix_path/nodes
[0.928s] -- Up-to-date: /home/vatsan/robo/src/ros2_learners/install/nodes/share/nodes/environment/ament_prefix_path.sh
[0.928s] -- Up-to-date: /home/vatsan/robo/src/ros2_learners/install/nodes/share/nodes/environment/ament_prefix_path.dsv
[0.928s] -- Up-to-date: /home/vatsan/robo/src/ros2_learners/install/nodes/share/nodes/environment/path.sh
[0.928s] -- Up-to-date: /home/vatsan/robo/src/ros2_learners/install/nodes/share/nodes/environment/path.dsv
[0.928s] -- Up-to-date: /home/vatsan/robo/src/ros2_learners/install/nodes/share/nodes/local_setup.bash
[0.928s] -- Up-to-date: /home/vatsan/robo/src/ros2_learners/install/nodes/share/nodes/local_setup.sh
[0.929s] -- Up-to-date: /home/vatsan/robo/src/ros2_learners/install/nodes/share/nodes/local_setup.zsh
[0.929s] -- Up-to-date: /home/vatsan/robo/src/ros2_learners/install/nodes/share/nodes/local_setup.dsv
[0.929s] -- Installing: /home/vatsan/robo/src/ros2_learners/install/nodes/share/nodes/package.dsv
[0.929s] -- Up-to-date: /home/vatsan/robo/src/ros2_learners/install/nodes/share/ament_index/resource_index/packages/nodes
[0.929s] -- Up-to-date: /home/vatsan/robo/src/ros2_learners/install/nodes/share/nodes/cmake/nodesConfig.cmake
[0.929s] -- Up-to-date: /home/vatsan/robo/src/ros2_learners/install/nodes/share/nodes/cmake/nodesConfig-version.cmake
[0.929s] -- Up-to-date: /home/vatsan/robo/src/ros2_learners/install/nodes/share/nodes/package.xml
[0.934s] Invoked command in '/home/vatsan/robo/src/ros2_learners/build/nodes' returned '0': CMAKE_PREFIX_PATH=/opt/ros/humble DEBUGINFOD_URLS=https://debuginfod.ubuntu.com /home/vatsan/.local/bin/cmake --install /home/vatsan/robo/src/ros2_learners/build/nodes
