[0.247s] Invoking command in '/home/vatsan/robo/src/ros2_learners/build/nodes': CMAKE_PREFIX_PATH=/opt/ros/humble DEBUGINFOD_URLS=https://debuginfod.ubuntu.com /home/vatsan/.local/bin/cmake /home/vatsan/robo/src/ros2_learners/nodes -DCMAKE_INSTALL_PREFIX=/home/vatsan/robo/src/ros2_learners/install/nodes
[0.995s] -- The C compiler identification is GNU 11.4.0
[0.995s] -- The CXX compiler identification is GNU 11.4.0
[0.995s] -- Detecting C compiler ABI info
[0.995s] -- Detecting C compiler ABI info - done
[0.995s] -- Check for working C compiler: /usr/bin/cc - skipped
[0.995s] -- Detecting C compile features
[0.996s] -- Detecting C compile features - done
[0.996s] -- Detecting CXX compiler ABI info
[0.996s] -- Detecting CXX compiler ABI info - done
[0.996s] -- Check for working CXX compiler: /usr/bin/c++ - skipped
[0.996s] -- Detecting CXX compile features
[0.996s] -- Detecting CXX compile features - done
[0.996s] -- Found ament_cmake: 1.3.10 (/opt/ros/humble/share/ament_cmake/cmake)
[0.996s] -- Found Python3: /usr/bin/python3 (found version "3.10.12") found components: Interpreter
[0.997s] -- Found rclcpp: 16.0.10 (/opt/ros/humble/share/rclcpp/cmake)
[0.997s] -- Found rosidl_generator_c: 3.1.5 (/opt/ros/humble/share/rosidl_generator_c/cmake)
[0.997s] -- Found rosidl_adapter: 3.1.5 (/opt/ros/humble/share/rosidl_adapter/cmake)
[0.997s] -- Found rosidl_generator_cpp: 3.1.5 (/opt/ros/humble/share/rosidl_generator_cpp/cmake)
[0.997s] -- Using all available rosidl_typesupport_c: rosidl_typesupport_fastrtps_c;rosidl_typesupport_introspection_c
[0.997s] -- Using all available rosidl_typesupport_cpp: rosidl_typesupport_fastrtps_cpp;rosidl_typesupport_introspection_cpp
[0.997s] -- Found rmw_implementation_cmake: 6.1.2 (/opt/ros/humble/share/rmw_implementation_cmake/cmake)
[0.997s] -- Found rmw_fastrtps_cpp: 6.2.7 (/opt/ros/humble/share/rmw_fastrtps_cpp/cmake)
[0.997s] -- Found OpenSSL: /usr/lib/x86_64-linux-gnu/libcrypto.so (found version "3.0.2")
[0.997s] -- Found FastRTPS: /opt/ros/humble/include
[0.997s] -- Using RMW implementation 'rmw_fastrtps_cpp' as default
[0.998s] -- Performing Test CMAKE_HAVE_LIBC_PTHREAD
[0.998s] [0mCMake Deprecation Warning at CMakeLists.txt:1 (cmake_minimum_required):
[0.998s]   Compatibility with CMake < 3.10 will be removed from a future version of
[0.998s]   CMake.
[0.998s] 
[0.998s]   Update the VERSION argument <min> value.  Or, use the <min>...<max> syntax
[0.998s]   to tell CMake that the project requires at least <min> but has been updated
[0.999s]   to work with policies introduced by <max> or earlier.
[0.999s] 
[0.999s] [0m
[1.062s] -- Performing Test CMAKE_HAVE_LIBC_PTHREAD - Success
[1.065s] -- Found Threads: TRUE
[1.165s] -- Found sensor_msgs: 4.2.4 (/opt/ros/humble/share/sensor_msgs/cmake)
[1.232s] -- Found ament_lint_auto: 0.12.11 (/opt/ros/humble/share/ament_lint_auto/cmake)
[1.334s] -- Added test 'cppcheck' to perform static code analysis on C / C++ code
[1.335s] -- Configured cppcheck include dirs: 
[1.335s] -- Configured cppcheck exclude dirs and/or files: 
[1.335s] -- Added test 'flake8' to check Python code syntax and style conventions
[1.336s] -- Added test 'lint_cmake' to check CMake code style
[1.339s] -- Added test 'pep257' to check Python code against some of the docstring style conventions in PEP 257
[1.339s] -- Added test 'uncrustify' to check C / C++ code style
[1.339s] -- Configured uncrustify additional arguments: 
[1.340s] -- Added test 'xmllint' to check XML markup files
[1.342s] -- Configuring done (1.0s)
[1.367s] -- Generating done (0.0s)
[1.378s] -- Build files have been written to: /home/vatsan/robo/src/ros2_learners/build/nodes
[1.391s] Invoked command in '/home/vatsan/robo/src/ros2_learners/build/nodes' returned '0': CMAKE_PREFIX_PATH=/opt/ros/humble DEBUGINFOD_URLS=https://debuginfod.ubuntu.com /home/vatsan/.local/bin/cmake /home/vatsan/robo/src/ros2_learners/nodes -DCMAKE_INSTALL_PREFIX=/home/vatsan/robo/src/ros2_learners/install/nodes
[1.392s] Invoking command in '/home/vatsan/robo/src/ros2_learners/build/nodes': CMAKE_PREFIX_PATH=/opt/ros/humble DEBUGINFOD_URLS=https://debuginfod.ubuntu.com /home/vatsan/.local/bin/cmake --build /home/vatsan/robo/src/ros2_learners/build/nodes -- -j8 -l8
[1.531s] [ 33%] [32mBuilding CXX object CMakeFiles/sub_node.dir/src/subscriber.cpp.o[0m
[1.531s] [ 33%] [32mBuilding CXX object CMakeFiles/pub_node.dir/src/publisher.cpp.o[0m
[1.543s] [ 50%] [32mBuilding CXX object CMakeFiles/laser_pub.dir/src/laser_publisher.cpp.o[0m
[7.956s] [ 66%] [32m[1mLinking CXX executable laser_pub[0m
[8.250s] [ 66%] Built target laser_pub
[11.610s] [ 83%] [32m[1mLinking CXX executable pub_node[0m
[11.981s] [ 83%] Built target pub_node
[18.041s] [100%] [32m[1mLinking CXX executable sub_node[0m
[18.859s] [100%] Built target sub_node
[18.865s] Invoked command in '/home/vatsan/robo/src/ros2_learners/build/nodes' returned '0': CMAKE_PREFIX_PATH=/opt/ros/humble DEBUGINFOD_URLS=https://debuginfod.ubuntu.com /home/vatsan/.local/bin/cmake --build /home/vatsan/robo/src/ros2_learners/build/nodes -- -j8 -l8
[18.868s] Invoking command in '/home/vatsan/robo/src/ros2_learners/build/nodes': CMAKE_PREFIX_PATH=/opt/ros/humble DEBUGINFOD_URLS=https://debuginfod.ubuntu.com /home/vatsan/.local/bin/cmake --install /home/vatsan/robo/src/ros2_learners/build/nodes
[18.981s] -- Install configuration: ""
[18.981s] -- Installing: /home/vatsan/robo/src/ros2_learners/install/nodes/lib/nodes/pub_node
[18.983s] -- Set non-toolchain portion of runtime path of "/home/vatsan/robo/src/ros2_learners/install/nodes/lib/nodes/pub_node" to ""
[18.983s] -- Installing: /home/vatsan/robo/src/ros2_learners/install/nodes/lib/nodes/sub_node
[18.987s] -- Set non-toolchain portion of runtime path of "/home/vatsan/robo/src/ros2_learners/install/nodes/lib/nodes/sub_node" to ""
[18.987s] -- Installing: /home/vatsan/robo/src/ros2_learners/install/nodes/lib/nodes/laser_pub
[18.988s] -- Set non-toolchain portion of runtime path of "/home/vatsan/robo/src/ros2_learners/install/nodes/lib/nodes/laser_pub" to ""
[18.988s] -- Installing: /home/vatsan/robo/src/ros2_learners/install/nodes/share/ament_index/resource_index/package_run_dependencies/nodes
[18.988s] -- Installing: /home/vatsan/robo/src/ros2_learners/install/nodes/share/ament_index/resource_index/parent_prefix_path/nodes
[18.988s] -- Installing: /home/vatsan/robo/src/ros2_learners/install/nodes/share/nodes/environment/ament_prefix_path.sh
[18.988s] -- Installing: /home/vatsan/robo/src/ros2_learners/install/nodes/share/nodes/environment/ament_prefix_path.dsv
[18.989s] -- Installing: /home/vatsan/robo/src/ros2_learners/install/nodes/share/nodes/environment/path.sh
[18.989s] -- Installing: /home/vatsan/robo/src/ros2_learners/install/nodes/share/nodes/environment/path.dsv
[18.989s] -- Installing: /home/vatsan/robo/src/ros2_learners/install/nodes/share/nodes/local_setup.bash
[18.989s] -- Installing: /home/vatsan/robo/src/ros2_learners/install/nodes/share/nodes/local_setup.sh
[18.989s] -- Installing: /home/vatsan/robo/src/ros2_learners/install/nodes/share/nodes/local_setup.zsh
[18.989s] -- Installing: /home/vatsan/robo/src/ros2_learners/install/nodes/share/nodes/local_setup.dsv
[18.989s] -- Installing: /home/vatsan/robo/src/ros2_learners/install/nodes/share/nodes/package.dsv
[18.990s] -- Installing: /home/vatsan/robo/src/ros2_learners/install/nodes/share/ament_index/resource_index/packages/nodes
[18.990s] -- Installing: /home/vatsan/robo/src/ros2_learners/install/nodes/share/nodes/cmake/nodesConfig.cmake
[18.990s] -- Installing: /home/vatsan/robo/src/ros2_learners/install/nodes/share/nodes/cmake/nodesConfig-version.cmake
[18.990s] -- Installing: /home/vatsan/robo/src/ros2_learners/install/nodes/share/nodes/package.xml
[18.993s] Invoked command in '/home/vatsan/robo/src/ros2_learners/build/nodes' returned '0': CMAKE_PREFIX_PATH=/opt/ros/humble DEBUGINFOD_URLS=https://debuginfod.ubuntu.com /home/vatsan/.local/bin/cmake --install /home/vatsan/robo/src/ros2_learners/build/nodes
