[0.780s] Invoking command in '/home/vatsan/robo/src/ros2_learners/build/transforms': CMAKE_PREFIX_PATH=${CMAKE_PREFIX_PATH}:/home/vatsan/robo/src/ros2_learners/install/stamp:/home/vatsan/robo/src/ros2_learners/install/robot_math:/home/vatsan/robo/src/ros2_learners/install/pc:/home/vatsan/robo/src/ros2_learners/install/my_robot_controller:/opt/ros/humble DEBUGINFOD_URLS=https://debuginfod.ubuntu.com /home/vatsan/.local/bin/cmake --build /home/vatsan/robo/src/ros2_learners/build/transforms -- -j8 -l8
[0.886s] [ 40%] Built target transform_order
[0.886s] [ 40%] Built target rotation_frame
[0.886s] [ 60%] Built target translation_frame
[0.901s] [ 80%] Built target static_dynamic_frame
[0.901s] [100%] Built target frame_chains
[0.919s] Invoked command in '/home/vatsan/robo/src/ros2_learners/build/transforms' returned '0': CMAKE_PREFIX_PATH=${CMAKE_PREFIX_PATH}:/home/vatsan/robo/src/ros2_learners/install/stamp:/home/vatsan/robo/src/ros2_learners/install/robot_math:/home/vatsan/robo/src/ros2_learners/install/pc:/home/vatsan/robo/src/ros2_learners/install/my_robot_controller:/opt/ros/humble DEBUGINFOD_URLS=https://debuginfod.ubuntu.com /home/vatsan/.local/bin/cmake --build /home/vatsan/robo/src/ros2_learners/build/transforms -- -j8 -l8
[0.920s] Invoking command in '/home/vatsan/robo/src/ros2_learners/build/transforms': CMAKE_PREFIX_PATH=${CMAKE_PREFIX_PATH}:/home/vatsan/robo/src/ros2_learners/install/stamp:/home/vatsan/robo/src/ros2_learners/install/robot_math:/home/vatsan/robo/src/ros2_learners/install/pc:/home/vatsan/robo/src/ros2_learners/install/my_robot_controller:/opt/ros/humble DEBUGINFOD_URLS=https://debuginfod.ubuntu.com /home/vatsan/.local/bin/cmake --install /home/vatsan/robo/src/ros2_learners/build/transforms
[1.023s] -- Install configuration: ""
[1.023s] -- Up-to-date: /home/vatsan/robo/src/ros2_learners/install/transforms/lib/transforms/translation_frame
[1.023s] -- Up-to-date: /home/vatsan/robo/src/ros2_learners/install/transforms/lib/transforms/rotation_frame
[1.024s] -- Up-to-date: /home/vatsan/robo/src/ros2_learners/install/transforms/lib/transforms/transform_order
[1.024s] -- Up-to-date: /home/vatsan/robo/src/ros2_learners/install/transforms/lib/transforms/frame_chains
[1.025s] -- Up-to-date: /home/vatsan/robo/src/ros2_learners/install/transforms/lib/transforms/static_dynamic_frame
[1.025s] -- Up-to-date: /home/vatsan/robo/src/ros2_learners/install/transforms/share/transforms/launch
[1.025s] -- Up-to-date: /home/vatsan/robo/src/ros2_learners/install/transforms/share/transforms/launch/rviz.launch.py
[1.026s] -- Up-to-date: /home/vatsan/robo/src/ros2_learners/install/transforms/share/transforms/launch/gazebo.launch.py
[1.026s] -- Up-to-date: /home/vatsan/robo/src/ros2_learners/install/transforms/share/transforms/urdf
[1.026s] -- Up-to-date: /home/vatsan/robo/src/ros2_learners/install/transforms/share/transforms/urdf/diff_drive.urdf
[1.027s] -- Up-to-date: /home/vatsan/robo/src/ros2_learners/install/transforms/share/transforms/config
[1.027s] -- Up-to-date: /home/vatsan/robo/src/ros2_learners/install/transforms/share/transforms/config/urdf_view.rviz
[1.027s] -- Up-to-date: /home/vatsan/robo/src/ros2_learners/install/transforms/share/ament_index/resource_index/package_run_dependencies/transforms
[1.028s] -- Up-to-date: /home/vatsan/robo/src/ros2_learners/install/transforms/share/ament_index/resource_index/parent_prefix_path/transforms
[1.028s] -- Up-to-date: /home/vatsan/robo/src/ros2_learners/install/transforms/share/transforms/environment/ament_prefix_path.sh
[1.028s] -- Up-to-date: /home/vatsan/robo/src/ros2_learners/install/transforms/share/transforms/environment/ament_prefix_path.dsv
[1.028s] -- Up-to-date: /home/vatsan/robo/src/ros2_learners/install/transforms/share/transforms/environment/path.sh
[1.028s] -- Up-to-date: /home/vatsan/robo/src/ros2_learners/install/transforms/share/transforms/environment/path.dsv
[1.029s] -- Up-to-date: /home/vatsan/robo/src/ros2_learners/install/transforms/share/transforms/local_setup.bash
[1.029s] -- Up-to-date: /home/vatsan/robo/src/ros2_learners/install/transforms/share/transforms/local_setup.sh
[1.029s] -- Up-to-date: /home/vatsan/robo/src/ros2_learners/install/transforms/share/transforms/local_setup.zsh
[1.029s] -- Up-to-date: /home/vatsan/robo/src/ros2_learners/install/transforms/share/transforms/local_setup.dsv
[1.030s] -- Installing: /home/vatsan/robo/src/ros2_learners/install/transforms/share/transforms/package.dsv
[1.031s] -- Up-to-date: /home/vatsan/robo/src/ros2_learners/install/transforms/share/ament_index/resource_index/packages/transforms
[1.031s] -- Up-to-date: /home/vatsan/robo/src/ros2_learners/install/transforms/share/transforms/cmake/transformsConfig.cmake
[1.031s] -- Up-to-date: /home/vatsan/robo/src/ros2_learners/install/transforms/share/transforms/cmake/transformsConfig-version.cmake
[1.032s] -- Up-to-date: /home/vatsan/robo/src/ros2_learners/install/transforms/share/transforms/package.xml
[1.036s] Invoked command in '/home/vatsan/robo/src/ros2_learners/build/transforms' returned '0': CMAKE_PREFIX_PATH=${CMAKE_PREFIX_PATH}:/home/vatsan/robo/src/ros2_learners/install/stamp:/home/vatsan/robo/src/ros2_learners/install/robot_math:/home/vatsan/robo/src/ros2_learners/install/pc:/home/vatsan/robo/src/ros2_learners/install/my_robot_controller:/opt/ros/humble DEBUGINFOD_URLS=https://debuginfod.ubuntu.com /home/vatsan/.local/bin/cmake --install /home/vatsan/robo/src/ros2_learners/build/transforms
