[0.495s] Invoking command in '/home/vatsan/robo/src/ros2_learners/build/point_cloud_perception': CMAKE_PREFIX_PATH=/opt/ros/humble DEBUGINFOD_URLS=https://debuginfod.ubuntu.com /home/vatsan/.local/bin/cmake /home/vatsan/robo/src/ros2_learners/point_cloud_perception -DCMAKE_INSTALL_PREFIX=/home/vatsan/robo/src/ros2_learners/install/point_cloud_perception
[0.993s] -- The C compiler identification is GNU 11.4.0
[0.993s] -- The CXX compiler identification is GNU 11.4.0
[0.994s] -- Detecting C compiler ABI info
[0.994s] -- Detecting C compiler ABI info - done
[0.994s] -- Check for working C compiler: /usr/bin/cc - skipped
[0.994s] -- Detecting C compile features
[0.994s] -- Detecting C compile features - done
[0.994s] -- Detecting CXX compiler ABI info
[0.994s] -- Detecting CXX compiler ABI info - done
[0.994s] -- Check for working CXX compiler: /usr/bin/c++ - skipped
[0.994s] -- Detecting CXX compile features
[0.994s] -- Detecting CXX compile features - done
[0.996s] -- Found ament_cmake: 1.3.10 (/opt/ros/humble/share/ament_cmake/cmake)
[0.996s] -- Found Python3: /usr/bin/python3 (found version "3.10.12") found components: Interpreter
[0.996s] -- Checking for module 'eigen3'
[0.996s] --   Found eigen3, version 3.4.0
[0.996s] [0mCMake Deprecation Warning at CMakeLists.txt:1 (cmake_minimum_required):
[0.996s]   Compatibility with CMake < 3.10 will be removed from a future version of
[0.996s]   CMake.
[0.996s] 
[0.996s]   Update the VERSION argument <min> value.  Or, use the <min>...<max> syntax
[0.996s]   to tell CMake that the project requires at least <min> but has been updated
[0.996s]   to work with policies introduced by <max> or earlier.
[0.997s] 
[0.997s] [0m
[0.997s] [33mCMake Warning (dev) at /usr/lib/x86_64-linux-gnu/cmake/pcl/PCLConfig.cmake:146 (find_package):
[0.997s]   Policy CMP0144 is not set: find_package uses upper-case <PACKAGENAME>_ROOT
[0.997s]   variables.  Run "cmake --help-policy CMP0144" for policy details.  Use the
[0.997s]   cmake_policy command to set the policy and suppress this warning.
[0.997s] 
[0.997s]   CMake variable EIGEN_ROOT is set to:
[0.997s] 
[0.998s]     /usr/include/eigen3
[0.998s] 
[0.998s]   For compatibility, find_package is ignoring the variable, but code in a
[0.998s]   .cmake module might still use it.
[0.998s] Call Stack (most recent call first):
[0.998s]   /usr/lib/x86_64-linux-gnu/cmake/pcl/PCLConfig.cmake:299 (find_eigen)
[0.998s]   /usr/lib/x86_64-linux-gnu/cmake/pcl/PCLConfig.cmake:543 (find_external_library)
[0.998s]   CMakeLists.txt:10 (find_package)
[0.998s] This warning is for project developers.  Use -Wno-dev to suppress it.
[0.998s] [0m
[0.998s] -- Found Eigen: /usr/include/eigen3 (Required is at least version "3.1")
[0.998s] -- Eigen found (include: /usr/include/eigen3, version: 3.4.0)
[0.999s] [33mCMake Warning (dev) at /usr/lib/x86_64-linux-gnu/cmake/pcl/PCLConfig.cmake:128 (find_package):
[0.999s]   Policy CMP0167 is not set: The FindBoost module is removed.  Run "cmake
[0.999s]   --help-policy CMP0167" for policy details.  Use the cmake_policy command to
[0.999s]   set the policy and suppress this warning.
[0.999s] 
[0.999s] Call Stack (most recent call first):
[0.999s]   /usr/lib/x86_64-linux-gnu/cmake/pcl/PCLConfig.cmake:297 (find_boost)
[0.999s]   /usr/lib/x86_64-linux-gnu/cmake/pcl/PCLConfig.cmake:543 (find_external_library)
[0.999s]   CMakeLists.txt:10 (find_package)
[0.999s] This warning is for project developers.  Use -Wno-dev to suppress it.
[0.999s] [0m
[1.014s] -- Found Boost: /usr/lib/x86_64-linux-gnu/cmake/Boost-1.74.0/BoostConfig.cmake (found suitable version "1.74.0", minimum required is "1.65.0") found components: system filesystem date_time iostreams serialization
[1.015s] [33mCMake Warning (dev) at /usr/lib/x86_64-linux-gnu/cmake/pcl/Modules/FindFLANN.cmake:44 (find_package):
[1.015s]   Policy CMP0144 is not set: find_package uses upper-case <PACKAGENAME>_ROOT
[1.015s]   variables.  Run "cmake --help-policy CMP0144" for policy details.  Use the
[1.015s]   cmake_policy command to set the policy and suppress this warning.
[1.015s] 
[1.015s]   CMake variable FLANN_ROOT is set to:
[1.015s] 
[1.015s]     /usr
[1.015s] 
[1.016s]   For compatibility, find_package is ignoring the variable, but code in a
[1.016s]   .cmake module might still use it.
[1.016s] Call Stack (most recent call first):
[1.016s]   /usr/lib/x86_64-linux-gnu/cmake/pcl/PCLConfig.cmake:256 (find_package)
[1.016s]   /usr/lib/x86_64-linux-gnu/cmake/pcl/PCLConfig.cmake:301 (find_flann)
[1.016s]   /usr/lib/x86_64-linux-gnu/cmake/pcl/PCLConfig.cmake:543 (find_external_library)
[1.016s]   CMakeLists.txt:10 (find_package)
[1.016s] This warning is for project developers.  Use -Wno-dev to suppress it.
[1.016s] [0m
[1.034s] -- Checking for module 'flann'
[1.045s] --   Found flann, version 1.9.1
[1.104s] -- Found FLANN: /usr/lib/x86_64-linux-gnu/libflann_cpp.so
[1.104s] -- FLANN found (include: /usr/include, lib: /usr/lib/x86_64-linux-gnu/libflann_cpp.so)
[1.170s] -- Performing Test CMAKE_HAVE_LIBC_PTHREAD
[1.245s] -- Performing Test CMAKE_HAVE_LIBC_PTHREAD - Success
[1.247s] -- Found Threads: TRUE
[1.250s] -- Found GLEW: /usr/lib/x86_64-linux-gnu/libGLEW.so
[1.260s] -- Found OpenGL: /usr/lib/x86_64-linux-gnu/libOpenGL.so  found components: OpenGL GLX
[1.437s] -- Found MPI_C: /usr/lib/x86_64-linux-gnu/libmpi.so (found version "3.1")
[1.437s] -- Found MPI: TRUE (found version "3.1") found components: C
[1.441s] -- Found JsonCpp: /usr/lib/x86_64-linux-gnu/libjsoncpp.so (found suitable version "1.9.5", minimum required is "0.7.0")
[1.464s] -- Found ZLIB: /usr/lib/x86_64-linux-gnu/libz.so (found version "1.2.11")
[1.513s] -- Found PNG: /usr/lib/x86_64-linux-gnu/libpng.so (found version "1.6.37")
[1.538s] -- Found Eigen3: /usr/include/eigen3 (found version "3.4.0")
[1.848s] -- Found X11: /usr/include
[1.852s] -- Looking for XOpenDisplay in /usr/lib/x86_64-linux-gnu/libX11.so;/usr/lib/x86_64-linux-gnu/libXext.so
[1.996s] -- Looking for XOpenDisplay in /usr/lib/x86_64-linux-gnu/libX11.so;/usr/lib/x86_64-linux-gnu/libXext.so - found
[1.997s] -- Looking for gethostbyname
[2.133s] -- Looking for gethostbyname - found
[2.133s] -- Looking for connect
[2.215s] -- Looking for connect - found
[2.217s] -- Looking for remove
[2.292s] -- Looking for remove - found
[2.292s] -- Looking for shmat
[2.374s] -- Looking for shmat - found
[2.374s] -- Looking for IceConnectionNumber in ICE
[2.444s] -- Looking for IceConnectionNumber in ICE - found
[2.657s] -- Found EXPAT: /usr/lib/x86_64-linux-gnu/libexpat.so (found version "2.4.7")
[2.660s] -- Found double-conversion: /usr/lib/x86_64-linux-gnu/libdouble-conversion.so
[2.665s] -- Found LZ4: /usr/lib/x86_64-linux-gnu/liblz4.so (found version "1.9.3")
[2.669s] -- Found LZMA: /usr/lib/x86_64-linux-gnu/liblzma.so (found version "5.2.5")
[2.692s] -- Found JPEG: /usr/lib/x86_64-linux-gnu/libjpeg.so (found version "80")
[2.717s] -- Found TIFF: /usr/lib/x86_64-linux-gnu/libtiff.so (found version "4.3.0")
[2.731s] -- Found Freetype: /usr/lib/x86_64-linux-gnu/libfreetype.so (found version "2.11.1")
[2.739s] -- Found utf8cpp: /usr/include/utf8cpp
[2.834s] -- Checking for module 'libusb-1.0'
[2.849s] --   Found libusb-1.0, version 1.0.25
[2.887s] -- Found libusb: /usr/lib/x86_64-linux-gnu/libusb-1.0.so
[2.889s] -- Found OpenNI: /usr/lib/libOpenNI.so;libusb::libusb (found version "1.5.4.0")
[2.889s] -- OpenNI found (version: 1.5.4.0, include: /usr/include/ni, lib: /usr/lib/libOpenNI.so;libusb::libusb)
[2.953s] -- Found OpenNI2: /usr/lib/x86_64-linux-gnu/libOpenNI2.so;libusb::libusb (found version "2.2.0.33")
[2.953s] -- OpenNI2 found (version: 2.2.0.33, include: /usr/include/openni2, lib: /usr/lib/x86_64-linux-gnu/libOpenNI2.so;libusb::libusb)
[2.953s] [0m** WARNING ** io features related to pcap will be disabled[0m
[3.658s] [33mCMake Warning (dev) at /usr/lib/x86_64-linux-gnu/cmake/pcl/PCLConfig.cmake:128 (find_package):
[3.658s]   Policy CMP0167 is not set: The FindBoost module is removed.  Run "cmake
[3.658s]   --help-policy CMP0167" for policy details.  Use the cmake_policy command to
[3.658s]   set the policy and suppress this warning.
[3.658s] 
[3.658s] Call Stack (most recent call first):
[3.658s]   /usr/lib/x86_64-linux-gnu/cmake/pcl/PCLConfig.cmake:297 (find_boost)
[3.658s]   /usr/lib/x86_64-linux-gnu/cmake/pcl/PCLConfig.cmake:543 (find_external_library)
[3.659s]   CMakeLists.txt:10 (find_package)
[3.659s] This warning is for project developers.  Use -Wno-dev to suppress it.
[3.659s] [0m
[3.697s] -- Eigen found (include: /usr/include/eigen3, version: 3.4.0)
[3.713s] -- OpenNI found (version: 1.5.4.0, include: /usr/include/ni, lib: /usr/lib/libOpenNI.so;libusb::libusb)
[3.729s] -- OpenNI2 found (version: 2.2.0.33, include: /usr/include/openni2, lib: /usr/lib/x86_64-linux-gnu/libOpenNI2.so;libusb::libusb)
[4.584s] -- Found Qhull version 8.0.2
[5.422s] -- OpenNI found (version: 1.5.4.0, include: /usr/include/ni, lib: /usr/lib/libOpenNI.so;libusb::libusb)
[6.244s] -- looking for PCL_COMMON
[6.249s] -- Found PCL_COMMON: /usr/lib/x86_64-linux-gnu/libpcl_common.so
[6.249s] -- looking for PCL_KDTREE
[6.251s] -- Found PCL_KDTREE: /usr/lib/x86_64-linux-gnu/libpcl_kdtree.so
[6.252s] -- looking for PCL_OCTREE
[6.260s] -- Found PCL_OCTREE: /usr/lib/x86_64-linux-gnu/libpcl_octree.so
[6.260s] -- looking for PCL_SEARCH
[6.260s] -- Found PCL_SEARCH: /usr/lib/x86_64-linux-gnu/libpcl_search.so
[6.266s] -- looking for PCL_SAMPLE_CONSENSUS
[6.271s] -- Found PCL_SAMPLE_CONSENSUS: /usr/lib/x86_64-linux-gnu/libpcl_sample_consensus.so
[6.271s] -- looking for PCL_FILTERS
[6.273s] -- Found PCL_FILTERS: /usr/lib/x86_64-linux-gnu/libpcl_filters.so
[6.274s] -- looking for PCL_2D
[6.276s] -- Found PCL_2D: /usr/include/pcl-1.12
[6.276s] -- looking for PCL_GEOMETRY
[6.277s] -- Found PCL_GEOMETRY: /usr/include/pcl-1.12
[6.277s] -- looking for PCL_IO
[6.282s] -- Found PCL_IO: /usr/lib/x86_64-linux-gnu/libpcl_io.so
[6.282s] -- looking for PCL_FEATURES
[6.284s] -- Found PCL_FEATURES: /usr/lib/x86_64-linux-gnu/libpcl_features.so
[6.285s] -- looking for PCL_ML
[6.287s] -- Found PCL_ML: /usr/lib/x86_64-linux-gnu/libpcl_ml.so
[6.291s] -- looking for PCL_SEGMENTATION
[6.291s] -- Found PCL_SEGMENTATION: /usr/lib/x86_64-linux-gnu/libpcl_segmentation.so
[6.291s] -- looking for PCL_VISUALIZATION
[6.292s] -- Found PCL_VISUALIZATION: /usr/lib/x86_64-linux-gnu/libpcl_visualization.so
[6.292s] -- looking for PCL_SURFACE
[6.294s] -- Found PCL_SURFACE: /usr/lib/x86_64-linux-gnu/libpcl_surface.so
[6.295s] -- looking for PCL_REGISTRATION
[6.297s] -- Found PCL_REGISTRATION: /usr/lib/x86_64-linux-gnu/libpcl_registration.so
[6.297s] -- looking for PCL_KEYPOINTS
[6.299s] -- Found PCL_KEYPOINTS: /usr/lib/x86_64-linux-gnu/libpcl_keypoints.so
[6.299s] -- looking for PCL_TRACKING
[6.301s] -- Found PCL_TRACKING: /usr/lib/x86_64-linux-gnu/libpcl_tracking.so
[6.302s] -- looking for PCL_RECOGNITION
[6.304s] -- Found PCL_RECOGNITION: /usr/lib/x86_64-linux-gnu/libpcl_recognition.so
[6.305s] -- looking for PCL_STEREO
[6.307s] -- Found PCL_STEREO: /usr/lib/x86_64-linux-gnu/libpcl_stereo.so
[6.307s] -- looking for PCL_APPS
[6.309s] -- Found PCL_APPS: /usr/lib/x86_64-linux-gnu/libpcl_apps.so
[6.312s] -- looking for PCL_IN_HAND_SCANNER
[6.312s] -- Found PCL_IN_HAND_SCANNER: /usr/include/pcl-1.12
[6.312s] -- looking for PCL_MODELER
[6.312s] -- Found PCL_MODELER: /usr/include/pcl-1.12
[6.312s] -- looking for PCL_POINT_CLOUD_EDITOR
[6.312s] -- Found PCL_POINT_CLOUD_EDITOR: /usr/include/pcl-1.12
[6.312s] -- looking for PCL_OUTOFCORE
[6.315s] -- Found PCL_OUTOFCORE: /usr/lib/x86_64-linux-gnu/libpcl_outofcore.so
[6.315s] -- looking for PCL_PEOPLE
[6.317s] -- Found PCL_PEOPLE: /usr/lib/x86_64-linux-gnu/libpcl_people.so
[6.323s] -- Found PCL: pcl_common;pcl_kdtree;pcl_octree;pcl_search;pcl_sample_consensus;pcl_filters;pcl_io;pcl_features;pcl_ml;pcl_segmentation;pcl_visualization;pcl_surface;pcl_registration;pcl_keypoints;pcl_tracking;pcl_recognition;pcl_stereo;pcl_apps;pcl_outofcore;pcl_people;Boost::system;Boost::filesystem;Boost::date_time;Boost::iostreams;Boost::serialization;/usr/lib/libOpenNI.so;libusb::libusb;/usr/lib/x86_64-linux-gnu/libOpenNI2.so;libusb::libusb;VTK::ChartsCore;VTK::CommonColor;VTK::CommonComputationalGeometry;VTK::CommonCore;VTK::CommonDataModel;VTK::CommonExecutionModel;VTK::CommonMath;VTK::CommonMisc;VTK::CommonTransforms;VTK::FiltersCore;VTK::FiltersExtraction;VTK::FiltersGeneral;VTK::FiltersGeometry;VTK::FiltersModeling;VTK::FiltersSources;VTK::ImagingCore;VTK::ImagingSources;VTK::InteractionImage;VTK::InteractionStyle;VTK::InteractionWidgets;VTK::IOCore;VTK::IOGeometry;VTK::IOImage;VTK::IOLegacy;VTK::IOPLY;VTK::RenderingAnnotation;VTK::RenderingCore;VTK::RenderingContext2D;VTK::RenderingLOD;VTK::RenderingFreeType;VTK::ViewsCore;VTK::ViewsContext2D;VTK::RenderingOpenGL2;VTK::GUISupportQt;FLANN::FLANN;QHULL::QHULL
[6.352s] -- Found OpenCV: /usr (found version "4.5.4")
[6.359s] -- Found ament_lint_auto: 0.12.11 (/opt/ros/humble/share/ament_lint_auto/cmake)
[6.567s] -- Added test 'cppcheck' to perform static code analysis on C / C++ code
[6.567s] -- Configured cppcheck include dirs: /home/vatsan/robo/src/ros2_learners/point_cloud_perception/include
[6.567s] -- Configured cppcheck exclude dirs and/or files: 
[6.570s] -- Added test 'flake8' to check Python code syntax and style conventions
[6.571s] -- Added test 'lint_cmake' to check CMake code style
[6.578s] -- Added test 'pep257' to check Python code against some of the docstring style conventions in PEP 257
[6.580s] -- Added test 'uncrustify' to check C / C++ code style
[6.580s] -- Configured uncrustify additional arguments: 
[6.585s] -- Added test 'xmllint' to check XML markup files
[6.585s] -- Configuring done (6.0s)
[6.653s] -- Generating done (0.1s)
[6.662s] -- Build files have been written to: /home/vatsan/robo/src/ros2_learners/build/point_cloud_perception
[6.705s] Invoked command in '/home/vatsan/robo/src/ros2_learners/build/point_cloud_perception' returned '0': CMAKE_PREFIX_PATH=/opt/ros/humble DEBUGINFOD_URLS=https://debuginfod.ubuntu.com /home/vatsan/.local/bin/cmake /home/vatsan/robo/src/ros2_learners/point_cloud_perception -DCMAKE_INSTALL_PREFIX=/home/vatsan/robo/src/ros2_learners/install/point_cloud_perception
[6.708s] Invoking command in '/home/vatsan/robo/src/ros2_learners/build/point_cloud_perception': CMAKE_PREFIX_PATH=/opt/ros/humble DEBUGINFOD_URLS=https://debuginfod.ubuntu.com /home/vatsan/.local/bin/cmake --build /home/vatsan/robo/src/ros2_learners/build/point_cloud_perception -- -j8 -l8
[7.006s] [ 16%] [32mBuilding CXX object CMakeFiles/voxeling.dir/src/voxelizing.cpp.o[0m
[7.013s] [ 33%] [32mBuilding CXX object CMakeFiles/planner_seg.dir/src/planner_seg.cpp.o[0m
[7.020s] [ 50%] [32mBuilding CXX object CMakeFiles/clustering.dir/src/clustering.cpp.o[0m
[14.681s] [ 66%] [32m[1mLinking CXX executable voxeling[0m
[14.710s] [ 83%] [32m[1mLinking CXX executable planner_seg[0m
[15.533s] [ 83%] Built target voxeling
[16.027s] [ 83%] Built target planner_seg
[17.958s] [100%] [32m[1mLinking CXX executable clustering[0m
[19.868s] [100%] Built target clustering
[19.873s] Invoked command in '/home/vatsan/robo/src/ros2_learners/build/point_cloud_perception' returned '0': CMAKE_PREFIX_PATH=/opt/ros/humble DEBUGINFOD_URLS=https://debuginfod.ubuntu.com /home/vatsan/.local/bin/cmake --build /home/vatsan/robo/src/ros2_learners/build/point_cloud_perception -- -j8 -l8
[19.874s] Invoking command in '/home/vatsan/robo/src/ros2_learners/build/point_cloud_perception': CMAKE_PREFIX_PATH=/opt/ros/humble DEBUGINFOD_URLS=https://debuginfod.ubuntu.com /home/vatsan/.local/bin/cmake --install /home/vatsan/robo/src/ros2_learners/build/point_cloud_perception
[19.938s] -- Install configuration: ""
[19.938s] -- Installing: /home/vatsan/robo/src/ros2_learners/install/point_cloud_perception/lib/point_cloud_perception/voxeling
[19.938s] -- Installing: /home/vatsan/robo/src/ros2_learners/install/point_cloud_perception/lib/point_cloud_perception/planner_seg
[19.938s] -- Installing: /home/vatsan/robo/src/ros2_learners/install/point_cloud_perception/lib/point_cloud_perception/clustering
[19.939s] -- Installing: /home/vatsan/robo/src/ros2_learners/install/point_cloud_perception/share/point_cloud_perception//launch
[19.939s] -- Installing: /home/vatsan/robo/src/ros2_learners/install/point_cloud_perception/share/point_cloud_perception//launch/rtab_mapping.launch.py
[19.939s] -- Installing: /home/vatsan/robo/src/ros2_learners/install/point_cloud_perception/share/point_cloud_perception//launch/3d_depth_mapping_rtab3.launch.py
[19.939s] -- Installing: /home/vatsan/robo/src/ros2_learners/install/point_cloud_perception/share/point_cloud_perception//launch/3d_depth_mapping_rtab.launch.py
[19.939s] -- Installing: /home/vatsan/robo/src/ros2_learners/install/point_cloud_perception/share/point_cloud_perception//launch/3d_depth_mapping_rtab1.launch.py
[19.939s] -- Installing: /home/vatsan/robo/src/ros2_learners/install/point_cloud_perception/share/ament_index/resource_index/package_run_dependencies/point_cloud_perception
[19.939s] -- Installing: /home/vatsan/robo/src/ros2_learners/install/point_cloud_perception/share/ament_index/resource_index/parent_prefix_path/point_cloud_perception
[19.939s] -- Installing: /home/vatsan/robo/src/ros2_learners/install/point_cloud_perception/share/point_cloud_perception/environment/ament_prefix_path.sh
[19.939s] -- Installing: /home/vatsan/robo/src/ros2_learners/install/point_cloud_perception/share/point_cloud_perception/environment/ament_prefix_path.dsv
[19.939s] -- Installing: /home/vatsan/robo/src/ros2_learners/install/point_cloud_perception/share/point_cloud_perception/environment/path.sh
[19.940s] -- Installing: /home/vatsan/robo/src/ros2_learners/install/point_cloud_perception/share/point_cloud_perception/environment/path.dsv
[19.940s] -- Installing: /home/vatsan/robo/src/ros2_learners/install/point_cloud_perception/share/point_cloud_perception/local_setup.bash
[19.940s] -- Installing: /home/vatsan/robo/src/ros2_learners/install/point_cloud_perception/share/point_cloud_perception/local_setup.sh
[19.940s] -- Installing: /home/vatsan/robo/src/ros2_learners/install/point_cloud_perception/share/point_cloud_perception/local_setup.zsh
[19.940s] -- Installing: /home/vatsan/robo/src/ros2_learners/install/point_cloud_perception/share/point_cloud_perception/local_setup.dsv
[19.940s] -- Installing: /home/vatsan/robo/src/ros2_learners/install/point_cloud_perception/share/point_cloud_perception/package.dsv
[19.940s] -- Installing: /home/vatsan/robo/src/ros2_learners/install/point_cloud_perception/share/ament_index/resource_index/packages/point_cloud_perception
[19.940s] -- Installing: /home/vatsan/robo/src/ros2_learners/install/point_cloud_perception/share/point_cloud_perception/cmake/point_cloud_perceptionConfig.cmake
[19.940s] -- Installing: /home/vatsan/robo/src/ros2_learners/install/point_cloud_perception/share/point_cloud_perception/cmake/point_cloud_perceptionConfig-version.cmake
[19.940s] -- Installing: /home/vatsan/robo/src/ros2_learners/install/point_cloud_perception/share/point_cloud_perception/package.xml
[19.942s] Invoked command in '/home/vatsan/robo/src/ros2_learners/build/point_cloud_perception' returned '0': CMAKE_PREFIX_PATH=/opt/ros/humble DEBUGINFOD_URLS=https://debuginfod.ubuntu.com /home/vatsan/.local/bin/cmake --install /home/vatsan/robo/src/ros2_learners/build/point_cloud_perception
