[0.275s] Invoking command in '/home/vatsan/robo/src/ros2_learners/build/nodes': CMAKE_PREFIX_PATH=${CMAKE_PREFIX_PATH}:/home/vatsan/robo/src/ros2_learners/install/stamp:/home/vatsan/robo/src/ros2_learners/install/robot_math:/home/vatsan/robo/src/ros2_learners/install/pc:/home/vatsan/robo/src/ros2_learners/install/my_robot_controller:/opt/ros/humble DEBUGINFOD_URLS=https://debuginfod.ubuntu.com /home/vatsan/.local/bin/cmake --build /home/vatsan/robo/src/ros2_learners/build/nodes -- -j8 -l8
[0.782s] [ 33%] Built target pub_node
[0.782s] [ 83%] Built target sub_node
[0.782s] [100%] Built target laser_pub
[0.784s] Invoked command in '/home/vatsan/robo/src/ros2_learners/build/nodes' returned '0': CMAKE_PREFIX_PATH=${CMAKE_PREFIX_PATH}:/home/vatsan/robo/src/ros2_learners/install/stamp:/home/vatsan/robo/src/ros2_learners/install/robot_math:/home/vatsan/robo/src/ros2_learners/install/pc:/home/vatsan/robo/src/ros2_learners/install/my_robot_controller:/opt/ros/humble DEBUGINFOD_URLS=https://debuginfod.ubuntu.com /home/vatsan/.local/bin/cmake --build /home/vatsan/robo/src/ros2_learners/build/nodes -- -j8 -l8
[0.853s] Invoking command in '/home/vatsan/robo/src/ros2_learners/build/nodes': CMAKE_PREFIX_PATH=${CMAKE_PREFIX_PATH}:/home/vatsan/robo/src/ros2_learners/install/stamp:/home/vatsan/robo/src/ros2_learners/install/robot_math:/home/vatsan/robo/src/ros2_learners/install/pc:/home/vatsan/robo/src/ros2_learners/install/my_robot_controller:/opt/ros/humble DEBUGINFOD_URLS=https://debuginfod.ubuntu.com /home/vatsan/.local/bin/cmake --install /home/vatsan/robo/src/ros2_learners/build/nodes
[0.975s] -- Install configuration: ""
[0.975s] -- Up-to-date: /home/vatsan/robo/src/ros2_learners/install/nodes/lib/nodes/pub_node
[0.975s] -- Up-to-date: /home/vatsan/robo/src/ros2_learners/install/nodes/lib/nodes/sub_node
[0.976s] -- Up-to-date: /home/vatsan/robo/src/ros2_learners/install/nodes/lib/nodes/laser_pub
[0.976s] -- Up-to-date: /home/vatsan/robo/src/ros2_learners/install/nodes/share/ament_index/resource_index/package_run_dependencies/nodes
[0.977s] -- Up-to-date: /home/vatsan/robo/src/ros2_learners/install/nodes/share/ament_index/resource_index/parent_prefix_path/nodes
[0.977s] -- Up-to-date: /home/vatsan/robo/src/ros2_learners/install/nodes/share/nodes/environment/ament_prefix_path.sh
[0.978s] -- Up-to-date: /home/vatsan/robo/src/ros2_learners/install/nodes/share/nodes/environment/ament_prefix_path.dsv
[0.978s] -- Up-to-date: /home/vatsan/robo/src/ros2_learners/install/nodes/share/nodes/environment/path.sh
[0.978s] -- Up-to-date: /home/vatsan/robo/src/ros2_learners/install/nodes/share/nodes/environment/path.dsv
[0.978s] -- Up-to-date: /home/vatsan/robo/src/ros2_learners/install/nodes/share/nodes/local_setup.bash
[0.978s] -- Up-to-date: /home/vatsan/robo/src/ros2_learners/install/nodes/share/nodes/local_setup.sh
[0.979s] -- Up-to-date: /home/vatsan/robo/src/ros2_learners/install/nodes/share/nodes/local_setup.zsh
[0.979s] -- Up-to-date: /home/vatsan/robo/src/ros2_learners/install/nodes/share/nodes/local_setup.dsv
[0.979s] -- Installing: /home/vatsan/robo/src/ros2_learners/install/nodes/share/nodes/package.dsv
[0.979s] -- Up-to-date: /home/vatsan/robo/src/ros2_learners/install/nodes/share/ament_index/resource_index/packages/nodes
[0.980s] -- Up-to-date: /home/vatsan/robo/src/ros2_learners/install/nodes/share/nodes/cmake/nodesConfig.cmake
[0.981s] -- Up-to-date: /home/vatsan/robo/src/ros2_learners/install/nodes/share/nodes/cmake/nodesConfig-version.cmake
[0.981s] -- Up-to-date: /home/vatsan/robo/src/ros2_learners/install/nodes/share/nodes/package.xml
[0.989s] Invoked command in '/home/vatsan/robo/src/ros2_learners/build/nodes' returned '0': CMAKE_PREFIX_PATH=${CMAKE_PREFIX_PATH}:/home/vatsan/robo/src/ros2_learners/install/stamp:/home/vatsan/robo/src/ros2_learners/install/robot_math:/home/vatsan/robo/src/ros2_learners/install/pc:/home/vatsan/robo/src/ros2_learners/install/my_robot_controller:/opt/ros/humble DEBUGINFOD_URLS=https://debuginfod.ubuntu.com /home/vatsan/.local/bin/cmake --install /home/vatsan/robo/src/ros2_learners/build/nodes
