[0.006s] Invoking command in '/home/vatsan/robo/src/ros2_learners/build/turtlebot3_gazebo': CMAKE_PREFIX_PATH=/opt/ros/humble DEBUGINFOD_URLS=https://debuginfod.ubuntu.com /home/vatsan/.local/bin/cmake /home/vatsan/robo/src/ros2_learners/turtlebot3_gazebo -DCMAKE_INSTALL_PREFIX=/home/vatsan/robo/src/ros2_learners/install/turtlebot3_gazebo
[0.125s] [0mCMake Deprecation Warning at CMakeLists.txt:4 (cmake_minimum_required):
[0.125s]   Compatibility with CMake < 3.10 will be removed from a future version of
[0.126s]   CMake.
[0.126s] 
[0.126s]   Update the VERSION argument <min> value.  Or, use the <min>...<max> syntax
[0.126s]   to tell CMake that the project requires at least <min> but has been updated
[0.126s]   to work with policies introduced by <max> or earlier.
[0.126s] 
[0.126s] [0m
[0.189s] -- The C compiler identification is GNU 11.4.0
[0.262s] -- The CXX compiler identification is GNU 11.4.0
[0.274s] -- Detecting C compiler ABI info
[0.337s] -- Detecting C compiler ABI info - done
[0.361s] -- Check for working C compiler: /usr/bin/cc - skipped
[0.362s] -- Detecting C compile features
[0.362s] -- Detecting C compile features - done
[0.377s] -- Detecting CXX compiler ABI info
[0.463s] -- Detecting CXX compiler ABI info - done
[0.489s] -- Check for working CXX compiler: /usr/bin/c++ - skipped
[0.489s] -- Detecting CXX compile features
[0.491s] -- Detecting CXX compile features - done
[0.500s] -- Found ament_cmake: 1.3.10 (/opt/ros/humble/share/ament_cmake/cmake)
[0.668s] -- Found Python3: /usr/bin/python3 (found version "3.10.12") found components: Interpreter
[0.795s] [33mCMake Warning (dev) at /home/vatsan/.local/lib/python3.10/site-packages/cmake/data/share/cmake-3.31/Modules/FindPackageHandleStandardArgs.cmake:441 (message):
[0.797s]   The package name passed to `find_package_handle_standard_args` (PkgConfig)
[0.797s]   does not match the name of the calling package (gazebo).  This can lead to
[0.797s]   problems in calling code that expects `find_package` result variables
[0.798s]   (e.g., `_FOUND`) to follow a certain pattern.
[0.798s] Call Stack (most recent call first):
[0.798s]   /home/vatsan/.local/lib/python3.10/site-packages/cmake/data/share/cmake-3.31/Modules/FindPkgConfig.cmake:114 (find_package_handle_standard_args)
[0.798s]   /usr/lib/x86_64-linux-gnu/cmake/gazebo/gazebo-config.cmake:72 (include)
[0.798s]   CMakeLists.txt:23 (find_package)
[0.798s] This warning is for project developers.  Use -Wno-dev to suppress it.
[0.798s] [0m
[0.798s] -- Found PkgConfig: /usr/bin/pkg-config (found version "0.29.2")
[0.803s] -- Checking for module 'bullet>=2.82'
[0.815s] --   Found bullet, version 3.05
[0.921s] -- Found fcl: /usr/include (found suitable version "0.7.0", minimum required is "0.5.0")
[0.971s] -- Found assimp: /usr/include (found version "5.2.0")
[0.971s] [33mCMake Warning (dev) at /usr/share/dart/cmake/DARTFindBoost.cmake:20 (find_package):
[0.971s]   Policy CMP0167 is not set: The FindBoost module is removed.  Run "cmake
[0.971s]   --help-policy CMP0167" for policy details.  Use the cmake_policy command to
[0.971s]   set the policy and suppress this warning.
[0.971s] 
[0.972s] Call Stack (most recent call first):
[0.972s]   /usr/share/dart/cmake/dart_dartComponent.cmake:6 (include)
[0.972s]   /usr/share/dart/cmake/DARTConfig.cmake:73 (include)
[0.972s]   /usr/share/dart/cmake/DARTConfig.cmake:133 (dart_traverse_components)
[0.972s]   /usr/share/dart/cmake/DARTConfig.cmake:181 (dart_package_init)
[0.972s]   /usr/lib/x86_64-linux-gnu/cmake/gazebo/gazebo-config.cmake:166 (find_package)
[0.972s]   CMakeLists.txt:23 (find_package)
[0.972s] This warning is for project developers.  Use -Wno-dev to suppress it.
[0.972s] [0m
[1.000s] -- Found DART: /usr/include (Required is at least version "6.6") found components: dart
[1.029s] [33mCMake Warning (dev) at /usr/lib/x86_64-linux-gnu/cmake/gazebo/gazebo-config.cmake:197 (find_package):
[1.029s]   Policy CMP0167 is not set: The FindBoost module is removed.  Run "cmake
[1.029s]   --help-policy CMP0167" for policy details.  Use the cmake_policy command to
[1.030s]   set the policy and suppress this warning.
[1.030s] 
[1.030s] Call Stack (most recent call first):
[1.030s]   CMakeLists.txt:23 (find_package)
[1.030s] This warning is for project developers.  Use -Wno-dev to suppress it.
[1.030s] [0m
[1.239s] -- Found Boost: /usr/lib/x86_64-linux-gnu/cmake/Boost-1.74.0/BoostConfig.cmake (found suitable version "1.74.0", minimum required is "1.40.0") found components: thread system filesystem program_options regex iostreams date_time
[1.295s] -- Found Protobuf: /usr/lib/x86_64-linux-gnu/libprotobuf.so (found version "3.12.4")
[1.305s] -- Looking for ignition-math6 -- found version 6.15.1
[1.325s] -- Searching for dependencies of ignition-math6
[1.327s] -- Looking for OGRE...
[1.328s] -- OGRE_PREFIX_WATCH changed.
[1.339s] -- Checking for module 'OGRE'
[1.370s] --   Found OGRE, version 1.9.0
[1.441s] -- Found Ogre Ghadamon (1.9.0)
[1.486s] -- Found OGRE: optimized;/usr/lib/x86_64-linux-gnu/libOgreMain.so;debug;/usr/lib/x86_64-linux-gnu/libOgreMain.so
[1.487s] [33mCMake Warning (dev) at /usr/share/OGRE/cmake/modules/FindOGRE.cmake:309 (find_package):
[1.487s]   Policy CMP0167 is not set: The FindBoost module is removed.  Run "cmake
[1.487s]   --help-policy CMP0167" for policy details.  Use the cmake_policy command to
[1.487s]   set the policy and suppress this warning.
[1.487s] 
[1.487s] Call Stack (most recent call first):
[1.487s]   /usr/lib/x86_64-linux-gnu/cmake/gazebo/gazebo-config.cmake:213 (find_package)
[1.487s]   CMakeLists.txt:23 (find_package)
[1.487s] This warning is for project developers.  Use -Wno-dev to suppress it.
[1.487s] [0m
[1.501s] [33mCMake Warning (dev) at /usr/share/OGRE/cmake/modules/FindOGRE.cmake:318 (find_package):
[1.502s]   Policy CMP0167 is not set: The FindBoost module is removed.  Run "cmake
[1.502s]   --help-policy CMP0167" for policy details.  Use the cmake_policy command to
[1.502s]   set the policy and suppress this warning.
[1.502s] 
[1.502s] Call Stack (most recent call first):
[1.502s]   /usr/lib/x86_64-linux-gnu/cmake/gazebo/gazebo-config.cmake:213 (find_package)
[1.502s]   CMakeLists.txt:23 (find_package)
[1.502s] This warning is for project developers.  Use -Wno-dev to suppress it.
[1.502s] [0m
[1.519s] -- Looking for OGRE_Paging...
[1.559s] -- Found OGRE_Paging: optimized;/usr/lib/x86_64-linux-gnu/libOgrePaging.so;debug;/usr/lib/x86_64-linux-gnu/libOgrePaging.so
[1.559s] -- Looking for OGRE_Terrain...
[1.595s] -- Found OGRE_Terrain: optimized;/usr/lib/x86_64-linux-gnu/libOgreTerrain.so;debug;/usr/lib/x86_64-linux-gnu/libOgreTerrain.so
[1.598s] -- Looking for OGRE_Property...
[1.633s] -- Found OGRE_Property: optimized;/usr/lib/x86_64-linux-gnu/libOgreProperty.so;debug;/usr/lib/x86_64-linux-gnu/libOgreProperty.so
[1.633s] -- Looking for OGRE_RTShaderSystem...
[1.651s] -- Found OGRE_RTShaderSystem: optimized;/usr/lib/x86_64-linux-gnu/libOgreRTShaderSystem.so;debug;/usr/lib/x86_64-linux-gnu/libOgreRTShaderSystem.so
[1.651s] -- Looking for OGRE_Volume...
[1.669s] -- Found OGRE_Volume: optimized;/usr/lib/x86_64-linux-gnu/libOgreVolume.so;debug;/usr/lib/x86_64-linux-gnu/libOgreVolume.so
[1.670s] -- Looking for OGRE_Overlay...
[1.689s] -- Found OGRE_Overlay: optimized;/usr/lib/x86_64-linux-gnu/libOgreOverlay.so;debug;/usr/lib/x86_64-linux-gnu/libOgreOverlay.so
[2.291s] -- Looking for ignition-math6 -- found version 6.15.1
[2.297s] -- Looking for ignition-transport8 -- found version 8.2.1
[2.298s] -- Searching for dependencies of ignition-transport8
[2.336s] -- Found Protobuf: /usr/lib/x86_64-linux-gnu/libprotobuf.so (found suitable version "3.12.4", minimum required is "3")
[2.359s] -- Config-file not installed for ZeroMQ -- checking for pkg-config
[2.371s] -- Checking for module 'libzmq >= 4'
[2.399s] --   Found libzmq, version 4.3.4
[2.465s] -- Found ZeroMQ: TRUE (Required is at least version "4")
[2.477s] -- Checking for module 'uuid'
[2.503s] --   Found uuid, version 2.37.2
[2.579s] -- Found UUID: TRUE
[2.579s] -- Looking for ignition-msgs5 -- found version 5.8.1
[2.580s] -- Searching for dependencies of ignition-msgs5
[2.625s] -- Looking for ignition-math6 -- found version 6.15.1
[2.635s] -- Checking for module 'tinyxml2'
[2.663s] --   Found tinyxml2, version 9.0.0
[2.732s] -- Looking for ignition-msgs5 -- found version 5.8.1
[2.735s] -- Looking for ignition-common3 -- found version 3.14.0
[2.736s] -- Searching for dependencies of ignition-common3
[2.737s] -- Looking for dlfcn.h - found
[2.739s] -- Looking for libdl - found
[2.742s] -- Found DL: TRUE
[2.758s] -- Found tinyobjloader: /usr/lib/x86_64-linux-gnu/cmake/tinyobjloader/tinyobjloader-config.cmake (found version "2.0.0")
[2.759s] -- Searching for <ignition-common3> component [graphics]
[2.762s] -- Looking for ignition-common3-graphics -- found version 3.14.0
[2.763s] -- Searching for dependencies of ignition-common3-graphics
[2.766s] -- Looking for ignition-math6 -- found version 6.15.1
[2.768s] -- Looking for ignition-fuel_tools4 -- found version 4.4.0
[2.768s] -- Searching for dependencies of ignition-fuel_tools4
[2.859s] -- Found CURL: /usr/lib/x86_64-linux-gnu/libcurl.so (found version "7.81.0")
[2.863s] [0mCMake Deprecation Warning at /usr/lib/x86_64-linux-gnu/cmake/jsoncpp/jsoncppConfig.cmake:2 (cmake_policy):
[2.864s]   Compatibility with CMake < 3.10 will be removed from a future version of
[2.864s]   CMake.
[2.864s] 
[2.866s]   Update the VERSION argument <min> value.  Or, use the <min>...<max> syntax
[2.866s]   to tell CMake that the project requires at least <min> but has been updated
[2.866s]   to work with policies introduced by <max> or earlier.
[2.867s] Call Stack (most recent call first):
[2.867s]   /usr/share/cmake/ignition-cmake2/cmake2/FindJSONCPP.cmake:34 (find_package)
[2.867s]   /usr/lib/x86_64-linux-gnu/cmake/ignition-fuel_tools4/ignition-fuel_tools4-config.cmake:94 (find_package)
[2.867s]   /usr/lib/x86_64-linux-gnu/cmake/gazebo/gazebo-config.cmake:251 (find_package)
[2.867s]   CMakeLists.txt:23 (find_package)
[2.867s] 
[2.867s] [0m
[2.874s] -- Checking for module 'jsoncpp'
[2.897s] --   Found jsoncpp, version 1.9.5
[2.969s] -- Found JSONCPP: TRUE
[2.981s] -- Checking for module 'libzip'
[3.006s] --   Found libzip, version 1.7.3
[3.055s] -- Found ZIP: TRUE
[3.056s] -- Looking for ignition-common3 -- found version 3.14.0
[3.057s] -- Looking for ignition-math6 -- found version 6.15.1
[3.058s] -- Looking for ignition-msgs5 -- found version 5.8.1
[3.064s] -- Found gazebo_ros_pkgs: 3.7.0 (/opt/ros/humble/share/gazebo_ros_pkgs/cmake)
[3.066s] -- Found geometry_msgs: 4.2.4 (/opt/ros/humble/share/geometry_msgs/cmake)
[3.115s] -- Found rosidl_generator_c: 3.1.5 (/opt/ros/humble/share/rosidl_generator_c/cmake)
[3.128s] -- Found rosidl_adapter: 3.1.5 (/opt/ros/humble/share/rosidl_adapter/cmake)
[3.140s] -- Found rosidl_generator_cpp: 3.1.5 (/opt/ros/humble/share/rosidl_generator_cpp/cmake)
[3.162s] -- Using all available rosidl_typesupport_c: rosidl_typesupport_fastrtps_c;rosidl_typesupport_introspection_c
[3.191s] -- Using all available rosidl_typesupport_cpp: rosidl_typesupport_fastrtps_cpp;rosidl_typesupport_introspection_cpp
[3.272s] -- Found nav_msgs: 4.2.4 (/opt/ros/humble/share/nav_msgs/cmake)
[3.310s] -- Found rclcpp: 16.0.10 (/opt/ros/humble/share/rclcpp/cmake)
[3.376s] -- Found rmw_implementation_cmake: 6.1.2 (/opt/ros/humble/share/rmw_implementation_cmake/cmake)
[3.383s] -- Found rmw_fastrtps_cpp: 6.2.7 (/opt/ros/humble/share/rmw_fastrtps_cpp/cmake)
[3.578s] -- Found OpenSSL: /usr/lib/x86_64-linux-gnu/libcrypto.so (found version "3.0.2")
[3.660s] -- Found FastRTPS: /opt/ros/humble/include
[3.763s] -- Using RMW implementation 'rmw_fastrtps_cpp' as default
[3.786s] -- Found Threads: TRUE
[3.945s] -- Found sensor_msgs: 4.2.4 (/opt/ros/humble/share/sensor_msgs/cmake)
[3.996s] -- Found tf2: 0.25.8 (/opt/ros/humble/share/tf2/cmake)
[4.170s] -- Configuring done (4.0s)
[4.250s] -- Generating done (0.1s)
[4.259s] -- Build files have been written to: /home/vatsan/robo/src/ros2_learners/build/turtlebot3_gazebo
[4.288s] Invoked command in '/home/vatsan/robo/src/ros2_learners/build/turtlebot3_gazebo' returned '0': CMAKE_PREFIX_PATH=/opt/ros/humble DEBUGINFOD_URLS=https://debuginfod.ubuntu.com /home/vatsan/.local/bin/cmake /home/vatsan/robo/src/ros2_learners/turtlebot3_gazebo -DCMAKE_INSTALL_PREFIX=/home/vatsan/robo/src/ros2_learners/install/turtlebot3_gazebo
[4.290s] Invoking command in '/home/vatsan/robo/src/ros2_learners/build/turtlebot3_gazebo': CMAKE_PREFIX_PATH=/opt/ros/humble DEBUGINFOD_URLS=https://debuginfod.ubuntu.com /home/vatsan/.local/bin/cmake --build /home/vatsan/robo/src/ros2_learners/build/turtlebot3_gazebo -- -j8 -l8
[4.503s] [ 25%] [32mBuilding CXX object CMakeFiles/turtlebot3_drive.dir/src/turtlebot3_drive.cpp.o[0m
[4.503s] [ 25%] [32mBuilding CXX object CMakeFiles/obstacle1.dir/models/turtlebot3_dqn_world/obstacle_plugin/obstacle1.cc.o[0m
[4.515s] [ 50%] [32mBuilding CXX object CMakeFiles/obstacle2.dir/models/turtlebot3_dqn_world/obstacle_plugin/obstacle2.cc.o[0m
[4.515s] [ 50%] [32mBuilding CXX object CMakeFiles/obstacles.dir/models/turtlebot3_dqn_world/obstacle_plugin/obstacles.cc.o[0m
[18.930s] [ 62%] [32m[1mLinking CXX executable turtlebot3_drive[0m
[19.461s] [ 62%] Built target turtlebot3_drive
[20.972s] [ 75%] [32m[1mLinking CXX shared library libobstacle2.so[0m
[21.052s] [ 87%] [32m[1mLinking CXX shared library libobstacles.so[0m
[21.166s] [ 87%] Built target obstacle2
[21.239s] [ 87%] Built target obstacles
[21.331s] [100%] [32m[1mLinking CXX shared library libobstacle1.so[0m
[21.481s] [100%] Built target obstacle1
[21.485s] Invoked command in '/home/vatsan/robo/src/ros2_learners/build/turtlebot3_gazebo' returned '0': CMAKE_PREFIX_PATH=/opt/ros/humble DEBUGINFOD_URLS=https://debuginfod.ubuntu.com /home/vatsan/.local/bin/cmake --build /home/vatsan/robo/src/ros2_learners/build/turtlebot3_gazebo -- -j8 -l8
[21.486s] Invoking command in '/home/vatsan/robo/src/ros2_learners/build/turtlebot3_gazebo': CMAKE_PREFIX_PATH=/opt/ros/humble DEBUGINFOD_URLS=https://debuginfod.ubuntu.com /home/vatsan/.local/bin/cmake --install /home/vatsan/robo/src/ros2_learners/build/turtlebot3_gazebo
[21.544s] -- Install configuration: ""
[21.544s] -- Installing: /home/vatsan/robo/src/ros2_learners/install/turtlebot3_gazebo/lib/turtlebot3_gazebo/turtlebot3_drive
[21.547s] -- Set non-toolchain portion of runtime path of "/home/vatsan/robo/src/ros2_learners/install/turtlebot3_gazebo/lib/turtlebot3_gazebo/turtlebot3_drive" to ""
[21.547s] -- Installing: /home/vatsan/robo/src/ros2_learners/install/turtlebot3_gazebo/share/turtlebot3_gazebo//launch
[21.547s] -- Installing: /home/vatsan/robo/src/ros2_learners/install/turtlebot3_gazebo/share/turtlebot3_gazebo//launch/spawn_turtlebot3.launch.py
[21.547s] -- Installing: /home/vatsan/robo/src/ros2_learners/install/turtlebot3_gazebo/share/turtlebot3_gazebo//launch/turtlebot3_world.launch.py
[21.547s] -- Installing: /home/vatsan/robo/src/ros2_learners/install/turtlebot3_gazebo/share/turtlebot3_gazebo//launch/turtlebot3_dqn_stage4.launch.py
[21.547s] -- Installing: /home/vatsan/robo/src/ros2_learners/install/turtlebot3_gazebo/share/turtlebot3_gazebo//launch/turtlebot3_dqn_stage3.launch.py
[21.547s] -- Installing: /home/vatsan/robo/src/ros2_learners/install/turtlebot3_gazebo/share/turtlebot3_gazebo//launch/empty_world.launch.py
[21.547s] -- Installing: /home/vatsan/robo/src/ros2_learners/install/turtlebot3_gazebo/share/turtlebot3_gazebo//launch/robot_state_publisher.launch.py
[21.547s] -- Installing: /home/vatsan/robo/src/ros2_learners/install/turtlebot3_gazebo/share/turtlebot3_gazebo//launch/turtlebot3_house.launch.py
[21.547s] -- Installing: /home/vatsan/robo/src/ros2_learners/install/turtlebot3_gazebo/share/turtlebot3_gazebo//launch/turtlebot3_dqn_stage2.launch.py
[21.547s] -- Installing: /home/vatsan/robo/src/ros2_learners/install/turtlebot3_gazebo/share/turtlebot3_gazebo//launch/turtlebot3_dqn_stage1.launch.py
[21.547s] -- Installing: /home/vatsan/robo/src/ros2_learners/install/turtlebot3_gazebo/share/turtlebot3_gazebo//models
[21.548s] -- Installing: /home/vatsan/robo/src/ros2_learners/install/turtlebot3_gazebo/share/turtlebot3_gazebo//models/turtlebot3_waffle
[21.548s] -- Installing: /home/vatsan/robo/src/ros2_learners/install/turtlebot3_gazebo/share/turtlebot3_gazebo//models/turtlebot3_waffle/model-1_4.sdf
[21.548s] -- Installing: /home/vatsan/robo/src/ros2_learners/install/turtlebot3_gazebo/share/turtlebot3_gazebo//models/turtlebot3_waffle/model.config
[21.548s] -- Installing: /home/vatsan/robo/src/ros2_learners/install/turtlebot3_gazebo/share/turtlebot3_gazebo//models/turtlebot3_waffle/model.sdf
[21.548s] -- Installing: /home/vatsan/robo/src/ros2_learners/install/turtlebot3_gazebo/share/turtlebot3_gazebo//models/aws_robomaker_warehouse_TrashCanC_01
[21.548s] -- Installing: /home/vatsan/robo/src/ros2_learners/install/turtlebot3_gazebo/share/turtlebot3_gazebo//models/aws_robomaker_warehouse_TrashCanC_01/meshes
[21.548s] -- Installing: /home/vatsan/robo/src/ros2_learners/install/turtlebot3_gazebo/share/turtlebot3_gazebo//models/aws_robomaker_warehouse_TrashCanC_01/meshes/aws_robomaker_warehouse_TrashCanC_01_visual.DAE
[21.548s] -- Installing: /home/vatsan/robo/src/ros2_learners/install/turtlebot3_gazebo/share/turtlebot3_gazebo//models/aws_robomaker_warehouse_TrashCanC_01/meshes/aws_robomaker_warehouse_TrashCanC_01_collision.DAE
[21.548s] -- Installing: /home/vatsan/robo/src/ros2_learners/install/turtlebot3_gazebo/share/turtlebot3_gazebo//models/aws_robomaker_warehouse_TrashCanC_01/materials
[21.548s] -- Installing: /home/vatsan/robo/src/ros2_learners/install/turtlebot3_gazebo/share/turtlebot3_gazebo//models/aws_robomaker_warehouse_TrashCanC_01/materials/textures
[21.548s] -- Installing: /home/vatsan/robo/src/ros2_learners/install/turtlebot3_gazebo/share/turtlebot3_gazebo//models/aws_robomaker_warehouse_TrashCanC_01/materials/textures/aws_robomaker_warehouse_TrashCanC_01.png
[21.548s] -- Installing: /home/vatsan/robo/src/ros2_learners/install/turtlebot3_gazebo/share/turtlebot3_gazebo//models/aws_robomaker_warehouse_TrashCanC_01/model.config
[21.548s] -- Installing: /home/vatsan/robo/src/ros2_learners/install/turtlebot3_gazebo/share/turtlebot3_gazebo//models/aws_robomaker_warehouse_TrashCanC_01/model.sdf
[21.548s] -- Installing: /home/vatsan/robo/src/ros2_learners/install/turtlebot3_gazebo/share/turtlebot3_gazebo//models/aws_robomaker_warehouse_ShelfF_01
[21.548s] -- Installing: /home/vatsan/robo/src/ros2_learners/install/turtlebot3_gazebo/share/turtlebot3_gazebo//models/aws_robomaker_warehouse_ShelfF_01/meshes
[21.548s] -- Installing: /home/vatsan/robo/src/ros2_learners/install/turtlebot3_gazebo/share/turtlebot3_gazebo//models/aws_robomaker_warehouse_ShelfF_01/meshes/aws_robomaker_warehouse_ShelfF_01_visual.DAE
[21.549s] -- Installing: /home/vatsan/robo/src/ros2_learners/install/turtlebot3_gazebo/share/turtlebot3_gazebo//models/aws_robomaker_warehouse_ShelfF_01/meshes/aws_robomaker_warehouse_ShelfF_01_collision.DAE
[21.549s] -- Installing: /home/vatsan/robo/src/ros2_learners/install/turtlebot3_gazebo/share/turtlebot3_gazebo//models/aws_robomaker_warehouse_ShelfF_01/materials
[21.549s] -- Installing: /home/vatsan/robo/src/ros2_learners/install/turtlebot3_gazebo/share/turtlebot3_gazebo//models/aws_robomaker_warehouse_ShelfF_01/materials/textures
[21.549s] -- Installing: /home/vatsan/robo/src/ros2_learners/install/turtlebot3_gazebo/share/turtlebot3_gazebo//models/aws_robomaker_warehouse_ShelfF_01/materials/textures/aws_robomaker_warehouse_ShelfF_03.png
[21.549s] -- Installing: /home/vatsan/robo/src/ros2_learners/install/turtlebot3_gazebo/share/turtlebot3_gazebo//models/aws_robomaker_warehouse_ShelfF_01/materials/textures/aws_robomaker_warehouse_ShelfF_01.png
[21.549s] -- Installing: /home/vatsan/robo/src/ros2_learners/install/turtlebot3_gazebo/share/turtlebot3_gazebo//models/aws_robomaker_warehouse_ShelfF_01/materials/textures/aws_robomaker_warehouse_ShelfF_02.png
[21.549s] -- Installing: /home/vatsan/robo/src/ros2_learners/install/turtlebot3_gazebo/share/turtlebot3_gazebo//models/aws_robomaker_warehouse_ShelfF_01/model.config
[21.549s] -- Installing: /home/vatsan/robo/src/ros2_learners/install/turtlebot3_gazebo/share/turtlebot3_gazebo//models/aws_robomaker_warehouse_ShelfF_01/model.sdf
[21.549s] -- Installing: /home/vatsan/robo/src/ros2_learners/install/turtlebot3_gazebo/share/turtlebot3_gazebo//models/aws_robomaker_warehouse_WallB_01
[21.550s] -- Installing: /home/vatsan/robo/src/ros2_learners/install/turtlebot3_gazebo/share/turtlebot3_gazebo//models/aws_robomaker_warehouse_WallB_01/meshes
[21.550s] -- Installing: /home/vatsan/robo/src/ros2_learners/install/turtlebot3_gazebo/share/turtlebot3_gazebo//models/aws_robomaker_warehouse_WallB_01/meshes/aws_robomaker_warehouse_WallB_01_visual.DAE
[21.550s] -- Installing: /home/vatsan/robo/src/ros2_learners/install/turtlebot3_gazebo/share/turtlebot3_gazebo//models/aws_robomaker_warehouse_WallB_01/meshes/aws_robomaker_warehouse_WallB_01_collision.DAE
[21.550s] -- Installing: /home/vatsan/robo/src/ros2_learners/install/turtlebot3_gazebo/share/turtlebot3_gazebo//models/aws_robomaker_warehouse_WallB_01/materials
[21.550s] -- Installing: /home/vatsan/robo/src/ros2_learners/install/turtlebot3_gazebo/share/turtlebot3_gazebo//models/aws_robomaker_warehouse_WallB_01/materials/textures
[21.550s] -- Installing: /home/vatsan/robo/src/ros2_learners/install/turtlebot3_gazebo/share/turtlebot3_gazebo//models/aws_robomaker_warehouse_WallB_01/materials/textures/aws_robomaker_warehouse_WallB_01.png
[21.550s] -- Installing: /home/vatsan/robo/src/ros2_learners/install/turtlebot3_gazebo/share/turtlebot3_gazebo//models/aws_robomaker_warehouse_WallB_01/model.config
[21.550s] -- Installing: /home/vatsan/robo/src/ros2_learners/install/turtlebot3_gazebo/share/turtlebot3_gazebo//models/aws_robomaker_warehouse_WallB_01/model.sdf
[21.550s] -- Installing: /home/vatsan/robo/src/ros2_learners/install/turtlebot3_gazebo/share/turtlebot3_gazebo//models/turtlebot3_dqn_world
[21.550s] -- Installing: /home/vatsan/robo/src/ros2_learners/install/turtlebot3_gazebo/share/turtlebot3_gazebo//models/turtlebot3_dqn_world/inner_walls
[21.550s] -- Installing: /home/vatsan/robo/src/ros2_learners/install/turtlebot3_gazebo/share/turtlebot3_gazebo//models/turtlebot3_dqn_world/inner_walls/model.config
[21.550s] -- Installing: /home/vatsan/robo/src/ros2_learners/install/turtlebot3_gazebo/share/turtlebot3_gazebo//models/turtlebot3_dqn_world/inner_walls/model.sdf
[21.550s] -- Installing: /home/vatsan/robo/src/ros2_learners/install/turtlebot3_gazebo/share/turtlebot3_gazebo//models/turtlebot3_dqn_world/goal_box
[21.550s] -- Installing: /home/vatsan/robo/src/ros2_learners/install/turtlebot3_gazebo/share/turtlebot3_gazebo//models/turtlebot3_dqn_world/goal_box/model.config
[21.550s] -- Installing: /home/vatsan/robo/src/ros2_learners/install/turtlebot3_gazebo/share/turtlebot3_gazebo//models/turtlebot3_dqn_world/goal_box/model.sdf
[21.550s] -- Installing: /home/vatsan/robo/src/ros2_learners/install/turtlebot3_gazebo/share/turtlebot3_gazebo//models/turtlebot3_dqn_world/obstacles
[21.551s] -- Installing: /home/vatsan/robo/src/ros2_learners/install/turtlebot3_gazebo/share/turtlebot3_gazebo//models/turtlebot3_dqn_world/obstacles/model.config
[21.551s] -- Installing: /home/vatsan/robo/src/ros2_learners/install/turtlebot3_gazebo/share/turtlebot3_gazebo//models/turtlebot3_dqn_world/obstacles/model.sdf
[21.551s] -- Installing: /home/vatsan/robo/src/ros2_learners/install/turtlebot3_gazebo/share/turtlebot3_gazebo//models/turtlebot3_dqn_world/obstacle_plugin
[21.551s] -- Installing: /home/vatsan/robo/src/ros2_learners/install/turtlebot3_gazebo/share/turtlebot3_gazebo//models/turtlebot3_dqn_world/obstacle_plugin/obstacle1.cc
[21.551s] -- Installing: /home/vatsan/robo/src/ros2_learners/install/turtlebot3_gazebo/share/turtlebot3_gazebo//models/turtlebot3_dqn_world/obstacle_plugin/obstacles.cc
[21.551s] -- Installing: /home/vatsan/robo/src/ros2_learners/install/turtlebot3_gazebo/share/turtlebot3_gazebo//models/turtlebot3_dqn_world/obstacle_plugin/obstacle2.cc
[21.551s] -- Installing: /home/vatsan/robo/src/ros2_learners/install/turtlebot3_gazebo/share/turtlebot3_gazebo//models/turtlebot3_dqn_world/obstacle_plugin/CMakeLists.txt
[21.551s] -- Installing: /home/vatsan/robo/src/ros2_learners/install/turtlebot3_gazebo/share/turtlebot3_gazebo//models/turtlebot3_dqn_world/model.config
[21.551s] -- Installing: /home/vatsan/robo/src/ros2_learners/install/turtlebot3_gazebo/share/turtlebot3_gazebo//models/turtlebot3_dqn_world/obstacle1
[21.551s] -- Installing: /home/vatsan/robo/src/ros2_learners/install/turtlebot3_gazebo/share/turtlebot3_gazebo//models/turtlebot3_dqn_world/obstacle1/model.config
[21.551s] -- Installing: /home/vatsan/robo/src/ros2_learners/install/turtlebot3_gazebo/share/turtlebot3_gazebo//models/turtlebot3_dqn_world/obstacle1/model.sdf
[21.551s] -- Installing: /home/vatsan/robo/src/ros2_learners/install/turtlebot3_gazebo/share/turtlebot3_gazebo//models/turtlebot3_dqn_world/model.sdf
[21.551s] -- Installing: /home/vatsan/robo/src/ros2_learners/install/turtlebot3_gazebo/share/turtlebot3_gazebo//models/turtlebot3_dqn_world/obstacle2
[21.551s] -- Installing: /home/vatsan/robo/src/ros2_learners/install/turtlebot3_gazebo/share/turtlebot3_gazebo//models/turtlebot3_dqn_world/obstacle2/model.config
[21.551s] -- Installing: /home/vatsan/robo/src/ros2_learners/install/turtlebot3_gazebo/share/turtlebot3_gazebo//models/turtlebot3_dqn_world/obstacle2/model.sdf
[21.551s] -- Installing: /home/vatsan/robo/src/ros2_learners/install/turtlebot3_gazebo/share/turtlebot3_gazebo//models/aws_robomaker_warehouse_ClutteringC_01
[21.551s] -- Installing: /home/vatsan/robo/src/ros2_learners/install/turtlebot3_gazebo/share/turtlebot3_gazebo//models/aws_robomaker_warehouse_ClutteringC_01/meshes
[21.552s] -- Installing: /home/vatsan/robo/src/ros2_learners/install/turtlebot3_gazebo/share/turtlebot3_gazebo//models/aws_robomaker_warehouse_ClutteringC_01/meshes/aws_robomaker_warehouse_ClutteringC_01_visual.DAE
[21.552s] -- Installing: /home/vatsan/robo/src/ros2_learners/install/turtlebot3_gazebo/share/turtlebot3_gazebo//models/aws_robomaker_warehouse_ClutteringC_01/meshes/aws_robomaker_warehouse_ClutteringC_01_collision.DAE
[21.552s] -- Installing: /home/vatsan/robo/src/ros2_learners/install/turtlebot3_gazebo/share/turtlebot3_gazebo//models/aws_robomaker_warehouse_ClutteringC_01/materials
[21.552s] -- Installing: /home/vatsan/robo/src/ros2_learners/install/turtlebot3_gazebo/share/turtlebot3_gazebo//models/aws_robomaker_warehouse_ClutteringC_01/materials/textures
[21.552s] -- Installing: /home/vatsan/robo/src/ros2_learners/install/turtlebot3_gazebo/share/turtlebot3_gazebo//models/aws_robomaker_warehouse_ClutteringC_01/materials/textures/aws_robomaker_warehouse_ClutteringC_02.png
[21.552s] -- Installing: /home/vatsan/robo/src/ros2_learners/install/turtlebot3_gazebo/share/turtlebot3_gazebo//models/aws_robomaker_warehouse_ClutteringC_01/materials/textures/aws_robomaker_warehouse_ClutteringC_01.png
[21.552s] -- Installing: /home/vatsan/robo/src/ros2_learners/install/turtlebot3_gazebo/share/turtlebot3_gazebo//models/aws_robomaker_warehouse_ClutteringC_01/model.config
[21.552s] -- Installing: /home/vatsan/robo/src/ros2_learners/install/turtlebot3_gazebo/share/turtlebot3_gazebo//models/aws_robomaker_warehouse_ClutteringC_01/model.sdf
[21.552s] -- Installing: /home/vatsan/robo/src/ros2_learners/install/turtlebot3_gazebo/share/turtlebot3_gazebo//models/turtlebot3_world
[21.552s] -- Installing: /home/vatsan/robo/src/ros2_learners/install/turtlebot3_gazebo/share/turtlebot3_gazebo//models/turtlebot3_world/model-1_4.sdf
[21.552s] -- Installing: /home/vatsan/robo/src/ros2_learners/install/turtlebot3_gazebo/share/turtlebot3_gazebo//models/turtlebot3_world/meshes
[21.552s] -- Installing: /home/vatsan/robo/src/ros2_learners/install/turtlebot3_gazebo/share/turtlebot3_gazebo//models/turtlebot3_world/meshes/wall.dae
[21.552s] -- Installing: /home/vatsan/robo/src/ros2_learners/install/turtlebot3_gazebo/share/turtlebot3_gazebo//models/turtlebot3_world/meshes/hexagon.dae
[21.552s] -- Installing: /home/vatsan/robo/src/ros2_learners/install/turtlebot3_gazebo/share/turtlebot3_gazebo//models/turtlebot3_world/model.config
[21.553s] -- Installing: /home/vatsan/robo/src/ros2_learners/install/turtlebot3_gazebo/share/turtlebot3_gazebo//models/turtlebot3_world/model.sdf
[21.553s] -- Installing: /home/vatsan/robo/src/ros2_learners/install/turtlebot3_gazebo/share/turtlebot3_gazebo//models/aws_robomaker_warehouse_ClutteringA_01
[21.553s] -- Installing: /home/vatsan/robo/src/ros2_learners/install/turtlebot3_gazebo/share/turtlebot3_gazebo//models/aws_robomaker_warehouse_ClutteringA_01/meshes
[21.553s] -- Installing: /home/vatsan/robo/src/ros2_learners/install/turtlebot3_gazebo/share/turtlebot3_gazebo//models/aws_robomaker_warehouse_ClutteringA_01/meshes/aws_robomaker_warehouse_ClutteringA_01_visual.DAE
[21.553s] -- Installing: /home/vatsan/robo/src/ros2_learners/install/turtlebot3_gazebo/share/turtlebot3_gazebo//models/aws_robomaker_warehouse_ClutteringA_01/meshes/aws_robomaker_warehouse_ClutteringA_01_collision.DAE
[21.553s] -- Installing: /home/vatsan/robo/src/ros2_learners/install/turtlebot3_gazebo/share/turtlebot3_gazebo//models/aws_robomaker_warehouse_ClutteringA_01/materials
[21.553s] -- Installing: /home/vatsan/robo/src/ros2_learners/install/turtlebot3_gazebo/share/turtlebot3_gazebo//models/aws_robomaker_warehouse_ClutteringA_01/materials/textures
[21.553s] -- Installing: /home/vatsan/robo/src/ros2_learners/install/turtlebot3_gazebo/share/turtlebot3_gazebo//models/aws_robomaker_warehouse_ClutteringA_01/materials/textures/aws_robomaker_warehouse_ClutteringA_02.png
[21.553s] -- Installing: /home/vatsan/robo/src/ros2_learners/install/turtlebot3_gazebo/share/turtlebot3_gazebo//models/aws_robomaker_warehouse_ClutteringA_01/materials/textures/aws_robomaker_warehouse_ClutteringA_03.png
[21.553s] -- Installing: /home/vatsan/robo/src/ros2_learners/install/turtlebot3_gazebo/share/turtlebot3_gazebo//models/aws_robomaker_warehouse_ClutteringA_01/materials/textures/aws_robomaker_warehouse_ClutteringA_01.png
[21.553s] -- Installing: /home/vatsan/robo/src/ros2_learners/install/turtlebot3_gazebo/share/turtlebot3_gazebo//models/aws_robomaker_warehouse_ClutteringA_01/model.config
[21.553s] -- Installing: /home/vatsan/robo/src/ros2_learners/install/turtlebot3_gazebo/share/turtlebot3_gazebo//models/aws_robomaker_warehouse_ClutteringA_01/model.sdf
[21.554s] -- Installing: /home/vatsan/robo/src/ros2_learners/install/turtlebot3_gazebo/share/turtlebot3_gazebo//models/aws_robomaker_warehouse_ClutteringD_01
[21.554s] -- Installing: /home/vatsan/robo/src/ros2_learners/install/turtlebot3_gazebo/share/turtlebot3_gazebo//models/aws_robomaker_warehouse_ClutteringD_01/meshes
[21.554s] -- Installing: /home/vatsan/robo/src/ros2_learners/install/turtlebot3_gazebo/share/turtlebot3_gazebo//models/aws_robomaker_warehouse_ClutteringD_01/meshes/aws_robomaker_warehouse_ClutteringD_01_collision.DAE
[21.554s] -- Installing: /home/vatsan/robo/src/ros2_learners/install/turtlebot3_gazebo/share/turtlebot3_gazebo//models/aws_robomaker_warehouse_ClutteringD_01/meshes/aws_robomaker_warehouse_ClutteringD_01_visual.DAE
[21.554s] -- Installing: /home/vatsan/robo/src/ros2_learners/install/turtlebot3_gazebo/share/turtlebot3_gazebo//models/aws_robomaker_warehouse_ClutteringD_01/materials
[21.554s] -- Installing: /home/vatsan/robo/src/ros2_learners/install/turtlebot3_gazebo/share/turtlebot3_gazebo//models/aws_robomaker_warehouse_ClutteringD_01/materials/textures
[21.554s] -- Installing: /home/vatsan/robo/src/ros2_learners/install/turtlebot3_gazebo/share/turtlebot3_gazebo//models/aws_robomaker_warehouse_ClutteringD_01/materials/textures/aws_robomaker_warehouse_ClutteringD_01.png
[21.554s] -- Installing: /home/vatsan/robo/src/ros2_learners/install/turtlebot3_gazebo/share/turtlebot3_gazebo//models/aws_robomaker_warehouse_ClutteringD_01/materials/textures/aws_robomaker_warehouse_ClutteringD_02.png
[21.554s] -- Installing: /home/vatsan/robo/src/ros2_learners/install/turtlebot3_gazebo/share/turtlebot3_gazebo//models/aws_robomaker_warehouse_ClutteringD_01/model.config
[21.554s] -- Installing: /home/vatsan/robo/src/ros2_learners/install/turtlebot3_gazebo/share/turtlebot3_gazebo//models/aws_robomaker_warehouse_ClutteringD_01/model.sdf
[21.554s] -- Installing: /home/vatsan/robo/src/ros2_learners/install/turtlebot3_gazebo/share/turtlebot3_gazebo//models/aws_robomaker_warehouse_GroundB_01
[21.554s] -- Installing: /home/vatsan/robo/src/ros2_learners/install/turtlebot3_gazebo/share/turtlebot3_gazebo//models/aws_robomaker_warehouse_GroundB_01/meshes
[21.554s] -- Installing: /home/vatsan/robo/src/ros2_learners/install/turtlebot3_gazebo/share/turtlebot3_gazebo//models/aws_robomaker_warehouse_GroundB_01/meshes/aws_robomaker_warehouse_GroundB_01_collision.DAE
[21.555s] -- Installing: /home/vatsan/robo/src/ros2_learners/install/turtlebot3_gazebo/share/turtlebot3_gazebo//models/aws_robomaker_warehouse_GroundB_01/meshes/aws_robomaker_warehouse_GroundB_01_visual.DAE
[21.555s] -- Installing: /home/vatsan/robo/src/ros2_learners/install/turtlebot3_gazebo/share/turtlebot3_gazebo//models/aws_robomaker_warehouse_GroundB_01/materials
[21.555s] -- Installing: /home/vatsan/robo/src/ros2_learners/install/turtlebot3_gazebo/share/turtlebot3_gazebo//models/aws_robomaker_warehouse_GroundB_01/materials/textures
[21.555s] -- Installing: /home/vatsan/robo/src/ros2_learners/install/turtlebot3_gazebo/share/turtlebot3_gazebo//models/aws_robomaker_warehouse_GroundB_01/materials/textures/aws_robomaker_warehouse_GroundB_02.png
[21.555s] -- Installing: /home/vatsan/robo/src/ros2_learners/install/turtlebot3_gazebo/share/turtlebot3_gazebo//models/aws_robomaker_warehouse_GroundB_01/materials/textures/aws_robomaker_warehouse_GroundB_01.png
[21.556s] -- Installing: /home/vatsan/robo/src/ros2_learners/install/turtlebot3_gazebo/share/turtlebot3_gazebo//models/aws_robomaker_warehouse_GroundB_01/model.config
[21.556s] -- Installing: /home/vatsan/robo/src/ros2_learners/install/turtlebot3_gazebo/share/turtlebot3_gazebo//models/aws_robomaker_warehouse_GroundB_01/model.sdf
[21.556s] -- Installing: /home/vatsan/robo/src/ros2_learners/install/turtlebot3_gazebo/share/turtlebot3_gazebo//models/turtlebot3_common
[21.556s] -- Installing: /home/vatsan/robo/src/ros2_learners/install/turtlebot3_gazebo/share/turtlebot3_gazebo//models/turtlebot3_common/meshes
[21.556s] -- Installing: /home/vatsan/robo/src/ros2_learners/install/turtlebot3_gazebo/share/turtlebot3_gazebo//models/turtlebot3_common/meshes/lds.dae
[21.556s] -- Installing: /home/vatsan/robo/src/ros2_learners/install/turtlebot3_gazebo/share/turtlebot3_gazebo//models/turtlebot3_common/meshes/burger_base.dae
[21.556s] -- Installing: /home/vatsan/robo/src/ros2_learners/install/turtlebot3_gazebo/share/turtlebot3_gazebo//models/turtlebot3_common/meshes/waffle_base.dae
[21.556s] -- Installing: /home/vatsan/robo/src/ros2_learners/install/turtlebot3_gazebo/share/turtlebot3_gazebo//models/turtlebot3_common/meshes/r200.dae
[21.556s] -- Installing: /home/vatsan/robo/src/ros2_learners/install/turtlebot3_gazebo/share/turtlebot3_gazebo//models/turtlebot3_common/meshes/waffle_pi_base.dae
[21.556s] -- Installing: /home/vatsan/robo/src/ros2_learners/install/turtlebot3_gazebo/share/turtlebot3_gazebo//models/turtlebot3_common/meshes/tire.dae
[21.556s] -- Installing: /home/vatsan/robo/src/ros2_learners/install/turtlebot3_gazebo/share/turtlebot3_gazebo//models/turtlebot3_common/model.config
[21.556s] -- Installing: /home/vatsan/robo/src/ros2_learners/install/turtlebot3_gazebo/share/turtlebot3_gazebo//models/aws_robomaker_warehouse_DeskC_01
[21.556s] -- Installing: /home/vatsan/robo/src/ros2_learners/install/turtlebot3_gazebo/share/turtlebot3_gazebo//models/aws_robomaker_warehouse_DeskC_01/meshes
[21.557s] -- Installing: /home/vatsan/robo/src/ros2_learners/install/turtlebot3_gazebo/share/turtlebot3_gazebo//models/aws_robomaker_warehouse_DeskC_01/meshes/aws_robomaker_warehouse_DeskC_01_collision.DAE
[21.557s] -- Installing: /home/vatsan/robo/src/ros2_learners/install/turtlebot3_gazebo/share/turtlebot3_gazebo//models/aws_robomaker_warehouse_DeskC_01/meshes/aws_robomaker_warehouse_DeskC_01_visual.DAE
[21.557s] -- Installing: /home/vatsan/robo/src/ros2_learners/install/turtlebot3_gazebo/share/turtlebot3_gazebo//models/aws_robomaker_warehouse_DeskC_01/materials
[21.557s] -- Installing: /home/vatsan/robo/src/ros2_learners/install/turtlebot3_gazebo/share/turtlebot3_gazebo//models/aws_robomaker_warehouse_DeskC_01/materials/textures
[21.557s] -- Installing: /home/vatsan/robo/src/ros2_learners/install/turtlebot3_gazebo/share/turtlebot3_gazebo//models/aws_robomaker_warehouse_DeskC_01/materials/textures/aws_robomaker_warehouse_DeskC_02.png
[21.557s] -- Installing: /home/vatsan/robo/src/ros2_learners/install/turtlebot3_gazebo/share/turtlebot3_gazebo//models/aws_robomaker_warehouse_DeskC_01/materials/textures/aws_robomaker_warehouse_DeskC_03.png
[21.557s] -- Installing: /home/vatsan/robo/src/ros2_learners/install/turtlebot3_gazebo/share/turtlebot3_gazebo//models/aws_robomaker_warehouse_DeskC_01/materials/textures/aws_robomaker_warehouse_DeskC_04.png
[21.557s] -- Installing: /home/vatsan/robo/src/ros2_learners/install/turtlebot3_gazebo/share/turtlebot3_gazebo//models/aws_robomaker_warehouse_DeskC_01/materials/textures/aws_robomaker_warehouse_DeskC_03.psd
[21.558s] -- Installing: /home/vatsan/robo/src/ros2_learners/install/turtlebot3_gazebo/share/turtlebot3_gazebo//models/aws_robomaker_warehouse_DeskC_01/materials/textures/aws_robomaker_warehouse_DeskC_01.png
[21.559s] -- Installing: /home/vatsan/robo/src/ros2_learners/install/turtlebot3_gazebo/share/turtlebot3_gazebo//models/aws_robomaker_warehouse_DeskC_01/model.config
[21.559s] -- Installing: /home/vatsan/robo/src/ros2_learners/install/turtlebot3_gazebo/share/turtlebot3_gazebo//models/aws_robomaker_warehouse_DeskC_01/model.sdf
[21.559s] -- Installing: /home/vatsan/robo/src/ros2_learners/install/turtlebot3_gazebo/share/turtlebot3_gazebo//models/aws_robomaker_warehouse_RoofB_01
[21.559s] -- Installing: /home/vatsan/robo/src/ros2_learners/install/turtlebot3_gazebo/share/turtlebot3_gazebo//models/aws_robomaker_warehouse_RoofB_01/meshes
[21.559s] -- Installing: /home/vatsan/robo/src/ros2_learners/install/turtlebot3_gazebo/share/turtlebot3_gazebo//models/aws_robomaker_warehouse_RoofB_01/meshes/aws_robomaker_warehouse_RoofB_01_visual.DAE
[21.559s] -- Installing: /home/vatsan/robo/src/ros2_learners/install/turtlebot3_gazebo/share/turtlebot3_gazebo//models/aws_robomaker_warehouse_RoofB_01/meshes/aws_robomaker_warehouse_RoofB_01_collision.DAE
[21.559s] -- Installing: /home/vatsan/robo/src/ros2_learners/install/turtlebot3_gazebo/share/turtlebot3_gazebo//models/aws_robomaker_warehouse_RoofB_01/materials
[21.559s] -- Installing: /home/vatsan/robo/src/ros2_learners/install/turtlebot3_gazebo/share/turtlebot3_gazebo//models/aws_robomaker_warehouse_RoofB_01/materials/textures
[21.559s] -- Installing: /home/vatsan/robo/src/ros2_learners/install/turtlebot3_gazebo/share/turtlebot3_gazebo//models/aws_robomaker_warehouse_RoofB_01/materials/textures/aws_robomaker_warehouse_RoofB_01.png
[21.559s] -- Installing: /home/vatsan/robo/src/ros2_learners/install/turtlebot3_gazebo/share/turtlebot3_gazebo//models/aws_robomaker_warehouse_RoofB_01/model.config
[21.559s] -- Installing: /home/vatsan/robo/src/ros2_learners/install/turtlebot3_gazebo/share/turtlebot3_gazebo//models/aws_robomaker_warehouse_RoofB_01/model.sdf
[21.560s] -- Installing: /home/vatsan/robo/src/ros2_learners/install/turtlebot3_gazebo/share/turtlebot3_gazebo//models/aws_robomaker_warehouse_ShelfE_01
[21.560s] -- Installing: /home/vatsan/robo/src/ros2_learners/install/turtlebot3_gazebo/share/turtlebot3_gazebo//models/aws_robomaker_warehouse_ShelfE_01/meshes
[21.560s] -- Installing: /home/vatsan/robo/src/ros2_learners/install/turtlebot3_gazebo/share/turtlebot3_gazebo//models/aws_robomaker_warehouse_ShelfE_01/meshes/aws_robomaker_warehouse_ShelfE_01_visual.DAE
[21.560s] -- Installing: /home/vatsan/robo/src/ros2_learners/install/turtlebot3_gazebo/share/turtlebot3_gazebo//models/aws_robomaker_warehouse_ShelfE_01/meshes/aws_robomaker_warehouse_ShelfE_01_collision.DAE
[21.560s] -- Installing: /home/vatsan/robo/src/ros2_learners/install/turtlebot3_gazebo/share/turtlebot3_gazebo//models/aws_robomaker_warehouse_ShelfE_01/materials
[21.560s] -- Installing: /home/vatsan/robo/src/ros2_learners/install/turtlebot3_gazebo/share/turtlebot3_gazebo//models/aws_robomaker_warehouse_ShelfE_01/materials/textures
[21.560s] -- Installing: /home/vatsan/robo/src/ros2_learners/install/turtlebot3_gazebo/share/turtlebot3_gazebo//models/aws_robomaker_warehouse_ShelfE_01/materials/textures/aws_robomaker_warehouse_ShelfE_01.png
[21.560s] -- Installing: /home/vatsan/robo/src/ros2_learners/install/turtlebot3_gazebo/share/turtlebot3_gazebo//models/aws_robomaker_warehouse_ShelfE_01/materials/textures/aws_robomaker_warehouse_ShelfE_03.png
[21.560s] -- Installing: /home/vatsan/robo/src/ros2_learners/install/turtlebot3_gazebo/share/turtlebot3_gazebo//models/aws_robomaker_warehouse_ShelfE_01/materials/textures/aws_robomaker_warehouse_ShelfE_04.png
[21.560s] -- Installing: /home/vatsan/robo/src/ros2_learners/install/turtlebot3_gazebo/share/turtlebot3_gazebo//models/aws_robomaker_warehouse_ShelfE_01/materials/textures/aws_robomaker_warehouse_ShelfE_02.png
[21.560s] -- Installing: /home/vatsan/robo/src/ros2_learners/install/turtlebot3_gazebo/share/turtlebot3_gazebo//models/aws_robomaker_warehouse_ShelfE_01/model.config
[21.561s] -- Installing: /home/vatsan/robo/src/ros2_learners/install/turtlebot3_gazebo/share/turtlebot3_gazebo//models/aws_robomaker_warehouse_ShelfE_01/model.sdf
[21.561s] -- Installing: /home/vatsan/robo/src/ros2_learners/install/turtlebot3_gazebo/share/turtlebot3_gazebo//models/aws_robomaker_warehouse_Lamp_01
[21.561s] -- Installing: /home/vatsan/robo/src/ros2_learners/install/turtlebot3_gazebo/share/turtlebot3_gazebo//models/aws_robomaker_warehouse_Lamp_01/meshes
[21.561s] -- Installing: /home/vatsan/robo/src/ros2_learners/install/turtlebot3_gazebo/share/turtlebot3_gazebo//models/aws_robomaker_warehouse_Lamp_01/meshes/aws_robomaker_warehouse_Lamp_01_collision.DAE
[21.561s] -- Installing: /home/vatsan/robo/src/ros2_learners/install/turtlebot3_gazebo/share/turtlebot3_gazebo//models/aws_robomaker_warehouse_Lamp_01/meshes/aws_robomaker_warehouse_Lamp_01_visual.DAE
[21.561s] -- Installing: /home/vatsan/robo/src/ros2_learners/install/turtlebot3_gazebo/share/turtlebot3_gazebo//models/aws_robomaker_warehouse_Lamp_01/materials
[21.561s] -- Installing: /home/vatsan/robo/src/ros2_learners/install/turtlebot3_gazebo/share/turtlebot3_gazebo//models/aws_robomaker_warehouse_Lamp_01/materials/textures
[21.561s] -- Installing: /home/vatsan/robo/src/ros2_learners/install/turtlebot3_gazebo/share/turtlebot3_gazebo//models/aws_robomaker_warehouse_Lamp_01/materials/textures/aws_robomaker_warehouse_Lamp_01.png
[21.561s] -- Installing: /home/vatsan/robo/src/ros2_learners/install/turtlebot3_gazebo/share/turtlebot3_gazebo//models/aws_robomaker_warehouse_Lamp_01/model.config
[21.561s] -- Installing: /home/vatsan/robo/src/ros2_learners/install/turtlebot3_gazebo/share/turtlebot3_gazebo//models/aws_robomaker_warehouse_Lamp_01/model.sdf
[21.561s] -- Installing: /home/vatsan/robo/src/ros2_learners/install/turtlebot3_gazebo/share/turtlebot3_gazebo//models/aws_robomaker_warehouse_ShelfD_01
[21.561s] -- Installing: /home/vatsan/robo/src/ros2_learners/install/turtlebot3_gazebo/share/turtlebot3_gazebo//models/aws_robomaker_warehouse_ShelfD_01/materials
[21.561s] -- Installing: /home/vatsan/robo/src/ros2_learners/install/turtlebot3_gazebo/share/turtlebot3_gazebo//models/aws_robomaker_warehouse_ShelfD_01/materials/textures
[21.561s] -- Installing: /home/vatsan/robo/src/ros2_learners/install/turtlebot3_gazebo/share/turtlebot3_gazebo//models/aws_robomaker_warehouse_ShelfD_01/materials/textures/aws_robomaker_warehouse_ShelfD_04.png
[21.562s] -- Installing: /home/vatsan/robo/src/ros2_learners/install/turtlebot3_gazebo/share/turtlebot3_gazebo//models/aws_robomaker_warehouse_ShelfD_01/materials/textures/aws_robomaker_warehouse_ShelfD_01.png
[21.562s] -- Installing: /home/vatsan/robo/src/ros2_learners/install/turtlebot3_gazebo/share/turtlebot3_gazebo//models/aws_robomaker_warehouse_ShelfD_01/materials/textures/aws_robomaker_warehouse_ShelfD_03.png
[21.562s] -- Installing: /home/vatsan/robo/src/ros2_learners/install/turtlebot3_gazebo/share/turtlebot3_gazebo//models/aws_robomaker_warehouse_ShelfD_01/materials/textures/aws_robomaker_warehouse_ShelfD_02.png
[21.562s] -- Installing: /home/vatsan/robo/src/ros2_learners/install/turtlebot3_gazebo/share/turtlebot3_gazebo//models/aws_robomaker_warehouse_ShelfD_01/model.config
[21.562s] -- Installing: /home/vatsan/robo/src/ros2_learners/install/turtlebot3_gazebo/share/turtlebot3_gazebo//models/aws_robomaker_warehouse_ShelfD_01/model.sdf
[21.562s] -- Installing: /home/vatsan/robo/src/ros2_learners/install/turtlebot3_gazebo/share/turtlebot3_gazebo//models/aws_robomaker_warehouse_PalletJackB_01
[21.562s] -- Installing: /home/vatsan/robo/src/ros2_learners/install/turtlebot3_gazebo/share/turtlebot3_gazebo//models/aws_robomaker_warehouse_PalletJackB_01/meshes
[21.562s] -- Installing: /home/vatsan/robo/src/ros2_learners/install/turtlebot3_gazebo/share/turtlebot3_gazebo//models/aws_robomaker_warehouse_PalletJackB_01/meshes/aws_robomaker_warehouse_PalletJackB_01_collision.DAE
[21.562s] -- Installing: /home/vatsan/robo/src/ros2_learners/install/turtlebot3_gazebo/share/turtlebot3_gazebo//models/aws_robomaker_warehouse_PalletJackB_01/meshes/aws_robomaker_warehouse_PalletJackB_01_visual.DAE
[21.563s] -- Installing: /home/vatsan/robo/src/ros2_learners/install/turtlebot3_gazebo/share/turtlebot3_gazebo//models/aws_robomaker_warehouse_PalletJackB_01/materials
[21.563s] -- Installing: /home/vatsan/robo/src/ros2_learners/install/turtlebot3_gazebo/share/turtlebot3_gazebo//models/aws_robomaker_warehouse_PalletJackB_01/materials/textures
[21.563s] -- Installing: /home/vatsan/robo/src/ros2_learners/install/turtlebot3_gazebo/share/turtlebot3_gazebo//models/aws_robomaker_warehouse_PalletJackB_01/materials/textures/aws_robomaker_warehouse_PalletJackB_02.png
[21.563s] -- Installing: /home/vatsan/robo/src/ros2_learners/install/turtlebot3_gazebo/share/turtlebot3_gazebo//models/aws_robomaker_warehouse_PalletJackB_01/materials/textures/aws_robomaker_warehouse_PalletJackB_01.png
[21.563s] -- Installing: /home/vatsan/robo/src/ros2_learners/install/turtlebot3_gazebo/share/turtlebot3_gazebo//models/aws_robomaker_warehouse_PalletJackB_01/model.config
[21.563s] -- Installing: /home/vatsan/robo/src/ros2_learners/install/turtlebot3_gazebo/share/turtlebot3_gazebo//models/aws_robomaker_warehouse_PalletJackB_01/model.sdf
[21.563s] -- Installing: /home/vatsan/robo/src/ros2_learners/install/turtlebot3_gazebo/share/turtlebot3_gazebo//models/turtlebot3_house
[21.563s] -- Installing: /home/vatsan/robo/src/ros2_learners/install/turtlebot3_gazebo/share/turtlebot3_gazebo//models/turtlebot3_house/model.config
[21.563s] -- Installing: /home/vatsan/robo/src/ros2_learners/install/turtlebot3_gazebo/share/turtlebot3_gazebo//models/turtlebot3_house/model.sdf
[21.564s] -- Installing: /home/vatsan/robo/src/ros2_learners/install/turtlebot3_gazebo/share/turtlebot3_gazebo//rviz
[21.564s] -- Installing: /home/vatsan/robo/src/ros2_learners/install/turtlebot3_gazebo/share/turtlebot3_gazebo//rviz/tb3_gazebo.rviz
[21.564s] -- Installing: /home/vatsan/robo/src/ros2_learners/install/turtlebot3_gazebo/share/turtlebot3_gazebo//urdf
[21.564s] -- Installing: /home/vatsan/robo/src/ros2_learners/install/turtlebot3_gazebo/share/turtlebot3_gazebo//urdf/turtlebot3_burger.urdf
[21.564s] -- Installing: /home/vatsan/robo/src/ros2_learners/install/turtlebot3_gazebo/share/turtlebot3_gazebo//urdf/turtlebot3_waffle_pi.urdf
[21.564s] -- Installing: /home/vatsan/robo/src/ros2_learners/install/turtlebot3_gazebo/share/turtlebot3_gazebo//urdf/turtlebot3_waffle.urdf
[21.564s] -- Installing: /home/vatsan/robo/src/ros2_learners/install/turtlebot3_gazebo/share/turtlebot3_gazebo//urdf/common_properties.urdf
[21.564s] -- Installing: /home/vatsan/robo/src/ros2_learners/install/turtlebot3_gazebo/share/turtlebot3_gazebo//worlds
[21.564s] -- Installing: /home/vatsan/robo/src/ros2_learners/install/turtlebot3_gazebo/share/turtlebot3_gazebo//worlds/turtlebot3_world.world
[21.564s] -- Installing: /home/vatsan/robo/src/ros2_learners/install/turtlebot3_gazebo/share/turtlebot3_gazebo//worlds/warehouse_willow.world
[21.565s] -- Installing: /home/vatsan/robo/src/ros2_learners/install/turtlebot3_gazebo/share/turtlebot3_gazebo//worlds/RL (copy).world
[21.565s] -- Installing: /home/vatsan/robo/src/ros2_learners/install/turtlebot3_gazebo/share/turtlebot3_gazebo//worlds/turtlebot3_house.world
[21.565s] -- Installing: /home/vatsan/robo/src/ros2_learners/install/turtlebot3_gazebo/share/turtlebot3_gazebo//worlds/empty_world.world
[21.565s] -- Installing: /home/vatsan/robo/src/ros2_learners/install/turtlebot3_gazebo/share/turtlebot3_gazebo//worlds/warehouse.world
[21.566s] -- Installing: /home/vatsan/robo/src/ros2_learners/install/turtlebot3_gazebo/share/turtlebot3_gazebo//worlds/RL.world
[21.566s] -- Installing: /home/vatsan/robo/src/ros2_learners/install/turtlebot3_gazebo/share/turtlebot3_gazebo//worlds/turtlebot3_dqn_stage1.world
[21.566s] -- Installing: /home/vatsan/robo/src/ros2_learners/install/turtlebot3_gazebo/share/turtlebot3_gazebo//worlds/damn.world
[21.566s] -- Installing: /home/vatsan/robo/src/ros2_learners/install/turtlebot3_gazebo/share/turtlebot3_gazebo//worlds/final_new.world
[21.566s] -- Installing: /home/vatsan/robo/src/ros2_learners/install/turtlebot3_gazebo/share/turtlebot3_gazebo//worlds/final.world
[21.567s] -- Installing: /home/vatsan/robo/src/ros2_learners/install/turtlebot3_gazebo/share/turtlebot3_gazebo//worlds/turtlebot3_dqn_stage3.world
[21.567s] -- Installing: /home/vatsan/robo/src/ros2_learners/install/turtlebot3_gazebo/share/turtlebot3_gazebo//worlds/turtlebot3_dqn_stage2.world
[21.567s] -- Installing: /home/vatsan/robo/src/ros2_learners/install/turtlebot3_gazebo/share/turtlebot3_gazebo//worlds/warehouse_old.world
[21.567s] -- Installing: /home/vatsan/robo/src/ros2_learners/install/turtlebot3_gazebo/share/turtlebot3_gazebo//worlds/turtlebot3_dqn_stage4.world
[21.567s] -- Installing: /home/vatsan/robo/src/ros2_learners/install/turtlebot3_gazebo/include/
[21.567s] -- Installing: /home/vatsan/robo/src/ros2_learners/install/turtlebot3_gazebo/include//turtlebot3_gazebo
[21.567s] -- Installing: /home/vatsan/robo/src/ros2_learners/install/turtlebot3_gazebo/include//turtlebot3_gazebo/turtlebot3_drive.hpp
[21.567s] -- Installing: /home/vatsan/robo/src/ros2_learners/install/turtlebot3_gazebo/share/ament_index/resource_index/package_run_dependencies/turtlebot3_gazebo
[21.567s] -- Installing: /home/vatsan/robo/src/ros2_learners/install/turtlebot3_gazebo/share/ament_index/resource_index/parent_prefix_path/turtlebot3_gazebo
[21.567s] -- Installing: /home/vatsan/robo/src/ros2_learners/install/turtlebot3_gazebo/share/turtlebot3_gazebo/environment/ament_prefix_path.sh
[21.567s] -- Installing: /home/vatsan/robo/src/ros2_learners/install/turtlebot3_gazebo/share/turtlebot3_gazebo/environment/ament_prefix_path.dsv
[21.567s] -- Installing: /home/vatsan/robo/src/ros2_learners/install/turtlebot3_gazebo/share/turtlebot3_gazebo/environment/path.sh
[21.568s] -- Installing: /home/vatsan/robo/src/ros2_learners/install/turtlebot3_gazebo/share/turtlebot3_gazebo/environment/path.dsv
[21.568s] -- Installing: /home/vatsan/robo/src/ros2_learners/install/turtlebot3_gazebo/share/turtlebot3_gazebo/local_setup.bash
[21.568s] -- Installing: /home/vatsan/robo/src/ros2_learners/install/turtlebot3_gazebo/share/turtlebot3_gazebo/local_setup.sh
[21.568s] -- Installing: /home/vatsan/robo/src/ros2_learners/install/turtlebot3_gazebo/share/turtlebot3_gazebo/local_setup.zsh
[21.568s] -- Installing: /home/vatsan/robo/src/ros2_learners/install/turtlebot3_gazebo/share/turtlebot3_gazebo/local_setup.dsv
[21.568s] -- Installing: /home/vatsan/robo/src/ros2_learners/install/turtlebot3_gazebo/share/turtlebot3_gazebo/package.dsv
[21.568s] -- Installing: /home/vatsan/robo/src/ros2_learners/install/turtlebot3_gazebo/share/ament_index/resource_index/packages/turtlebot3_gazebo
[21.568s] -- Installing: /home/vatsan/robo/src/ros2_learners/install/turtlebot3_gazebo/share/turtlebot3_gazebo/cmake/ament_cmake_export_include_directories-extras.cmake
[21.568s] -- Installing: /home/vatsan/robo/src/ros2_learners/install/turtlebot3_gazebo/share/turtlebot3_gazebo/cmake/ament_cmake_export_dependencies-extras.cmake
[21.568s] -- Installing: /home/vatsan/robo/src/ros2_learners/install/turtlebot3_gazebo/share/turtlebot3_gazebo/cmake/turtlebot3_gazeboConfig.cmake
[21.568s] -- Installing: /home/vatsan/robo/src/ros2_learners/install/turtlebot3_gazebo/share/turtlebot3_gazebo/cmake/turtlebot3_gazeboConfig-version.cmake
[21.569s] -- Installing: /home/vatsan/robo/src/ros2_learners/install/turtlebot3_gazebo/share/turtlebot3_gazebo/package.xml
[21.570s] Invoked command in '/home/vatsan/robo/src/ros2_learners/build/turtlebot3_gazebo' returned '0': CMAKE_PREFIX_PATH=/opt/ros/humble DEBUGINFOD_URLS=https://debuginfod.ubuntu.com /home/vatsan/.local/bin/cmake --install /home/vatsan/robo/src/ros2_learners/build/turtlebot3_gazebo
