[ 20%] Built target translation_frame
[ 40%] Built target rotation_frame
[ 60%] Built target frame_chains
[ 80%] Built target transform_order
[100%] Built target static_dynamic_frame
-- Install configuration: ""
-- Up-to-date: /home/vatsan/robo/src/ros2_learners/install/transforms/lib/transforms/translation_frame
-- Up-to-date: /home/vatsan/robo/src/ros2_learners/install/transforms/lib/transforms/rotation_frame
-- Up-to-date: /home/vatsan/robo/src/ros2_learners/install/transforms/lib/transforms/transform_order
-- Up-to-date: /home/vatsan/robo/src/ros2_learners/install/transforms/lib/transforms/frame_chains
-- Up-to-date: /home/vatsan/robo/src/ros2_learners/install/transforms/lib/transforms/static_dynamic_frame
-- Up-to-date: /home/vatsan/robo/src/ros2_learners/install/transforms/share/transforms/launch
-- Up-to-date: /home/vatsan/robo/src/ros2_learners/install/transforms/share/transforms/launch/rviz.launch.py
-- Up-to-date: /home/vatsan/robo/src/ros2_learners/install/transforms/share/transforms/launch/gazebo.launch.py
-- Up-to-date: /home/vatsan/robo/src/ros2_learners/install/transforms/share/transforms/urdf
-- Up-to-date: /home/vatsan/robo/src/ros2_learners/install/transforms/share/transforms/urdf/diff_drive.urdf
-- Up-to-date: /home/vatsan/robo/src/ros2_learners/install/transforms/share/transforms/config
-- Up-to-date: /home/vatsan/robo/src/ros2_learners/install/transforms/share/transforms/config/urdf_view.rviz
-- Up-to-date: /home/vatsan/robo/src/ros2_learners/install/transforms/share/ament_index/resource_index/package_run_dependencies/transforms
-- Up-to-date: /home/vatsan/robo/src/ros2_learners/install/transforms/share/ament_index/resource_index/parent_prefix_path/transforms
-- Up-to-date: /home/vatsan/robo/src/ros2_learners/install/transforms/share/transforms/environment/ament_prefix_path.sh
-- Up-to-date: /home/vatsan/robo/src/ros2_learners/install/transforms/share/transforms/environment/ament_prefix_path.dsv
-- Up-to-date: /home/vatsan/robo/src/ros2_learners/install/transforms/share/transforms/environment/path.sh
-- Up-to-date: /home/vatsan/robo/src/ros2_learners/install/transforms/share/transforms/environment/path.dsv
-- Up-to-date: /home/vatsan/robo/src/ros2_learners/install/transforms/share/transforms/local_setup.bash
-- Up-to-date: /home/vatsan/robo/src/ros2_learners/install/transforms/share/transforms/local_setup.sh
-- Up-to-date: /home/vatsan/robo/src/ros2_learners/install/transforms/share/transforms/local_setup.zsh
-- Up-to-date: /home/vatsan/robo/src/ros2_learners/install/transforms/share/transforms/local_setup.dsv
-- Installing: /home/vatsan/robo/src/ros2_learners/install/transforms/share/transforms/package.dsv
-- Up-to-date: /home/vatsan/robo/src/ros2_learners/install/transforms/share/ament_index/resource_index/packages/transforms
-- Up-to-date: /home/vatsan/robo/src/ros2_learners/install/transforms/share/transforms/cmake/transformsConfig.cmake
-- Up-to-date: /home/vatsan/robo/src/ros2_learners/install/transforms/share/transforms/cmake/transformsConfig-version.cmake
-- Up-to-date: /home/vatsan/robo/src/ros2_learners/install/transforms/share/transforms/package.xml
