[0.732s] Invoking command in '/home/vatsan/robo/src/ros2_learners/build/turtlebot3_gazebo': CMAKE_PREFIX_PATH=${CMAKE_PREFIX_PATH}:/home/vatsan/robo/src/ros2_learners/install/stamp:/home/vatsan/robo/src/ros2_learners/install/robot_math:/home/vatsan/robo/src/ros2_learners/install/pc:/home/vatsan/robo/src/ros2_learners/install/my_robot_controller:/opt/ros/humble DEBUGINFOD_URLS=https://debuginfod.ubuntu.com /home/vatsan/.local/bin/cmake --build /home/vatsan/robo/src/ros2_learners/build/turtlebot3_gazebo -- -j8 -l8
[0.825s] [ 25%] Built target turtlebot3_drive
[0.850s] [ 50%] Built target obstacle2
[0.857s] [ 75%] Built target obstacles
[0.860s] [100%] Built target obstacle1
[0.865s] Invoked command in '/home/vatsan/robo/src/ros2_learners/build/turtlebot3_gazebo' returned '0': CMAKE_PREFIX_PATH=${CMAKE_PREFIX_PATH}:/home/vatsan/robo/src/ros2_learners/install/stamp:/home/vatsan/robo/src/ros2_learners/install/robot_math:/home/vatsan/robo/src/ros2_learners/install/pc:/home/vatsan/robo/src/ros2_learners/install/my_robot_controller:/opt/ros/humble DEBUGINFOD_URLS=https://debuginfod.ubuntu.com /home/vatsan/.local/bin/cmake --build /home/vatsan/robo/src/ros2_learners/build/turtlebot3_gazebo -- -j8 -l8
[0.867s] Invoking command in '/home/vatsan/robo/src/ros2_learners/build/turtlebot3_gazebo': CMAKE_PREFIX_PATH=${CMAKE_PREFIX_PATH}:/home/vatsan/robo/src/ros2_learners/install/stamp:/home/vatsan/robo/src/ros2_learners/install/robot_math:/home/vatsan/robo/src/ros2_learners/install/pc:/home/vatsan/robo/src/ros2_learners/install/my_robot_controller:/opt/ros/humble DEBUGINFOD_URLS=https://debuginfod.ubuntu.com /home/vatsan/.local/bin/cmake --install /home/vatsan/robo/src/ros2_learners/build/turtlebot3_gazebo
[0.956s] -- Install configuration: ""
[0.956s] -- Up-to-date: /home/vatsan/robo/src/ros2_learners/install/turtlebot3_gazebo/lib/turtlebot3_gazebo/turtlebot3_drive
[0.956s] -- Up-to-date: /home/vatsan/robo/src/ros2_learners/install/turtlebot3_gazebo/share/turtlebot3_gazebo//launch
[0.956s] -- Up-to-date: /home/vatsan/robo/src/ros2_learners/install/turtlebot3_gazebo/share/turtlebot3_gazebo//launch/spawn_turtlebot3.launch.py
[0.956s] -- Installing: /home/vatsan/robo/src/ros2_learners/install/turtlebot3_gazebo/share/turtlebot3_gazebo//launch/turtlebot3_world.launch.py
[0.956s] -- Up-to-date: /home/vatsan/robo/src/ros2_learners/install/turtlebot3_gazebo/share/turtlebot3_gazebo//launch/turtlebot3_dqn_stage4.launch.py
[0.956s] -- Up-to-date: /home/vatsan/robo/src/ros2_learners/install/turtlebot3_gazebo/share/turtlebot3_gazebo//launch/turtlebot3_dqn_stage3.launch.py
[0.956s] -- Up-to-date: /home/vatsan/robo/src/ros2_learners/install/turtlebot3_gazebo/share/turtlebot3_gazebo//launch/empty_world.launch.py
[0.957s] -- Up-to-date: /home/vatsan/robo/src/ros2_learners/install/turtlebot3_gazebo/share/turtlebot3_gazebo//launch/robot_state_publisher.launch.py
[0.957s] -- Up-to-date: /home/vatsan/robo/src/ros2_learners/install/turtlebot3_gazebo/share/turtlebot3_gazebo//launch/turtlebot3_house.launch.py
[0.957s] -- Up-to-date: /home/vatsan/robo/src/ros2_learners/install/turtlebot3_gazebo/share/turtlebot3_gazebo//launch/turtlebot3_dqn_stage2.launch.py
[0.957s] -- Up-to-date: /home/vatsan/robo/src/ros2_learners/install/turtlebot3_gazebo/share/turtlebot3_gazebo//launch/turtlebot3_dqn_stage1.launch.py
[0.958s] -- Up-to-date: /home/vatsan/robo/src/ros2_learners/install/turtlebot3_gazebo/share/turtlebot3_gazebo//models
[0.958s] -- Up-to-date: /home/vatsan/robo/src/ros2_learners/install/turtlebot3_gazebo/share/turtlebot3_gazebo//models/turtlebot3_waffle
[0.958s] -- Up-to-date: /home/vatsan/robo/src/ros2_learners/install/turtlebot3_gazebo/share/turtlebot3_gazebo//models/turtlebot3_waffle/model-1_4.sdf
[0.959s] -- Up-to-date: /home/vatsan/robo/src/ros2_learners/install/turtlebot3_gazebo/share/turtlebot3_gazebo//models/turtlebot3_waffle/model.config
[0.959s] -- Up-to-date: /home/vatsan/robo/src/ros2_learners/install/turtlebot3_gazebo/share/turtlebot3_gazebo//models/turtlebot3_waffle/model.sdf
[0.959s] -- Up-to-date: /home/vatsan/robo/src/ros2_learners/install/turtlebot3_gazebo/share/turtlebot3_gazebo//models/aws_robomaker_warehouse_TrashCanC_01
[0.959s] -- Up-to-date: /home/vatsan/robo/src/ros2_learners/install/turtlebot3_gazebo/share/turtlebot3_gazebo//models/aws_robomaker_warehouse_TrashCanC_01/meshes
[0.961s] -- Up-to-date: /home/vatsan/robo/src/ros2_learners/install/turtlebot3_gazebo/share/turtlebot3_gazebo//models/aws_robomaker_warehouse_TrashCanC_01/meshes/aws_robomaker_warehouse_TrashCanC_01_visual.DAE
[0.961s] -- Up-to-date: /home/vatsan/robo/src/ros2_learners/install/turtlebot3_gazebo/share/turtlebot3_gazebo//models/aws_robomaker_warehouse_TrashCanC_01/meshes/aws_robomaker_warehouse_TrashCanC_01_collision.DAE
[0.961s] -- Up-to-date: /home/vatsan/robo/src/ros2_learners/install/turtlebot3_gazebo/share/turtlebot3_gazebo//models/aws_robomaker_warehouse_TrashCanC_01/materials
[0.961s] -- Up-to-date: /home/vatsan/robo/src/ros2_learners/install/turtlebot3_gazebo/share/turtlebot3_gazebo//models/aws_robomaker_warehouse_TrashCanC_01/materials/textures
[0.961s] -- Up-to-date: /home/vatsan/robo/src/ros2_learners/install/turtlebot3_gazebo/share/turtlebot3_gazebo//models/aws_robomaker_warehouse_TrashCanC_01/materials/textures/aws_robomaker_warehouse_TrashCanC_01.png
[0.961s] -- Up-to-date: /home/vatsan/robo/src/ros2_learners/install/turtlebot3_gazebo/share/turtlebot3_gazebo//models/aws_robomaker_warehouse_TrashCanC_01/model.config
[0.962s] -- Up-to-date: /home/vatsan/robo/src/ros2_learners/install/turtlebot3_gazebo/share/turtlebot3_gazebo//models/aws_robomaker_warehouse_TrashCanC_01/model.sdf
[0.962s] -- Up-to-date: /home/vatsan/robo/src/ros2_learners/install/turtlebot3_gazebo/share/turtlebot3_gazebo//models/aws_robomaker_warehouse_ShelfF_01
[0.962s] -- Up-to-date: /home/vatsan/robo/src/ros2_learners/install/turtlebot3_gazebo/share/turtlebot3_gazebo//models/aws_robomaker_warehouse_ShelfF_01/meshes
[0.962s] -- Up-to-date: /home/vatsan/robo/src/ros2_learners/install/turtlebot3_gazebo/share/turtlebot3_gazebo//models/aws_robomaker_warehouse_ShelfF_01/meshes/aws_robomaker_warehouse_ShelfF_01_visual.DAE
[0.962s] -- Up-to-date: /home/vatsan/robo/src/ros2_learners/install/turtlebot3_gazebo/share/turtlebot3_gazebo//models/aws_robomaker_warehouse_ShelfF_01/meshes/aws_robomaker_warehouse_ShelfF_01_collision.DAE
[0.962s] -- Up-to-date: /home/vatsan/robo/src/ros2_learners/install/turtlebot3_gazebo/share/turtlebot3_gazebo//models/aws_robomaker_warehouse_ShelfF_01/materials
[0.962s] -- Up-to-date: /home/vatsan/robo/src/ros2_learners/install/turtlebot3_gazebo/share/turtlebot3_gazebo//models/aws_robomaker_warehouse_ShelfF_01/materials/textures
[0.962s] -- Up-to-date: /home/vatsan/robo/src/ros2_learners/install/turtlebot3_gazebo/share/turtlebot3_gazebo//models/aws_robomaker_warehouse_ShelfF_01/materials/textures/aws_robomaker_warehouse_ShelfF_03.png
[0.962s] -- Up-to-date: /home/vatsan/robo/src/ros2_learners/install/turtlebot3_gazebo/share/turtlebot3_gazebo//models/aws_robomaker_warehouse_ShelfF_01/materials/textures/aws_robomaker_warehouse_ShelfF_01.png
[0.963s] -- Up-to-date: /home/vatsan/robo/src/ros2_learners/install/turtlebot3_gazebo/share/turtlebot3_gazebo//models/aws_robomaker_warehouse_ShelfF_01/materials/textures/aws_robomaker_warehouse_ShelfF_02.png
[0.963s] -- Up-to-date: /home/vatsan/robo/src/ros2_learners/install/turtlebot3_gazebo/share/turtlebot3_gazebo//models/aws_robomaker_warehouse_ShelfF_01/model.config
[0.963s] -- Up-to-date: /home/vatsan/robo/src/ros2_learners/install/turtlebot3_gazebo/share/turtlebot3_gazebo//models/aws_robomaker_warehouse_ShelfF_01/model.sdf
[0.963s] -- Up-to-date: /home/vatsan/robo/src/ros2_learners/install/turtlebot3_gazebo/share/turtlebot3_gazebo//models/aws_robomaker_warehouse_WallB_01
[0.963s] -- Up-to-date: /home/vatsan/robo/src/ros2_learners/install/turtlebot3_gazebo/share/turtlebot3_gazebo//models/aws_robomaker_warehouse_WallB_01/meshes
[0.963s] -- Up-to-date: /home/vatsan/robo/src/ros2_learners/install/turtlebot3_gazebo/share/turtlebot3_gazebo//models/aws_robomaker_warehouse_WallB_01/meshes/aws_robomaker_warehouse_WallB_01_visual.DAE
[0.963s] -- Up-to-date: /home/vatsan/robo/src/ros2_learners/install/turtlebot3_gazebo/share/turtlebot3_gazebo//models/aws_robomaker_warehouse_WallB_01/meshes/aws_robomaker_warehouse_WallB_01_collision.DAE
[0.963s] -- Up-to-date: /home/vatsan/robo/src/ros2_learners/install/turtlebot3_gazebo/share/turtlebot3_gazebo//models/aws_robomaker_warehouse_WallB_01/materials
[0.963s] -- Up-to-date: /home/vatsan/robo/src/ros2_learners/install/turtlebot3_gazebo/share/turtlebot3_gazebo//models/aws_robomaker_warehouse_WallB_01/materials/textures
[0.963s] -- Up-to-date: /home/vatsan/robo/src/ros2_learners/install/turtlebot3_gazebo/share/turtlebot3_gazebo//models/aws_robomaker_warehouse_WallB_01/materials/textures/aws_robomaker_warehouse_WallB_01.png
[0.963s] -- Up-to-date: /home/vatsan/robo/src/ros2_learners/install/turtlebot3_gazebo/share/turtlebot3_gazebo//models/aws_robomaker_warehouse_WallB_01/model.config
[0.963s] -- Up-to-date: /home/vatsan/robo/src/ros2_learners/install/turtlebot3_gazebo/share/turtlebot3_gazebo//models/aws_robomaker_warehouse_WallB_01/model.sdf
[0.963s] -- Up-to-date: /home/vatsan/robo/src/ros2_learners/install/turtlebot3_gazebo/share/turtlebot3_gazebo//models/turtlebot3_dqn_world
[0.963s] -- Up-to-date: /home/vatsan/robo/src/ros2_learners/install/turtlebot3_gazebo/share/turtlebot3_gazebo//models/turtlebot3_dqn_world/inner_walls
[0.964s] -- Up-to-date: /home/vatsan/robo/src/ros2_learners/install/turtlebot3_gazebo/share/turtlebot3_gazebo//models/turtlebot3_dqn_world/inner_walls/model.config
[0.964s] -- Up-to-date: /home/vatsan/robo/src/ros2_learners/install/turtlebot3_gazebo/share/turtlebot3_gazebo//models/turtlebot3_dqn_world/inner_walls/model.sdf
[0.964s] -- Up-to-date: /home/vatsan/robo/src/ros2_learners/install/turtlebot3_gazebo/share/turtlebot3_gazebo//models/turtlebot3_dqn_world/goal_box
[0.964s] -- Up-to-date: /home/vatsan/robo/src/ros2_learners/install/turtlebot3_gazebo/share/turtlebot3_gazebo//models/turtlebot3_dqn_world/goal_box/model.config
[0.964s] -- Up-to-date: /home/vatsan/robo/src/ros2_learners/install/turtlebot3_gazebo/share/turtlebot3_gazebo//models/turtlebot3_dqn_world/goal_box/model.sdf
[0.964s] -- Up-to-date: /home/vatsan/robo/src/ros2_learners/install/turtlebot3_gazebo/share/turtlebot3_gazebo//models/turtlebot3_dqn_world/obstacles
[0.964s] -- Up-to-date: /home/vatsan/robo/src/ros2_learners/install/turtlebot3_gazebo/share/turtlebot3_gazebo//models/turtlebot3_dqn_world/obstacles/model.config
[0.964s] -- Up-to-date: /home/vatsan/robo/src/ros2_learners/install/turtlebot3_gazebo/share/turtlebot3_gazebo//models/turtlebot3_dqn_world/obstacles/model.sdf
[0.964s] -- Up-to-date: /home/vatsan/robo/src/ros2_learners/install/turtlebot3_gazebo/share/turtlebot3_gazebo//models/turtlebot3_dqn_world/obstacle_plugin
[0.964s] -- Up-to-date: /home/vatsan/robo/src/ros2_learners/install/turtlebot3_gazebo/share/turtlebot3_gazebo//models/turtlebot3_dqn_world/obstacle_plugin/obstacle1.cc
[0.964s] -- Up-to-date: /home/vatsan/robo/src/ros2_learners/install/turtlebot3_gazebo/share/turtlebot3_gazebo//models/turtlebot3_dqn_world/obstacle_plugin/obstacles.cc
[0.964s] -- Up-to-date: /home/vatsan/robo/src/ros2_learners/install/turtlebot3_gazebo/share/turtlebot3_gazebo//models/turtlebot3_dqn_world/obstacle_plugin/obstacle2.cc
[0.964s] -- Up-to-date: /home/vatsan/robo/src/ros2_learners/install/turtlebot3_gazebo/share/turtlebot3_gazebo//models/turtlebot3_dqn_world/obstacle_plugin/CMakeLists.txt
[0.964s] -- Up-to-date: /home/vatsan/robo/src/ros2_learners/install/turtlebot3_gazebo/share/turtlebot3_gazebo//models/turtlebot3_dqn_world/model.config
[0.965s] -- Up-to-date: /home/vatsan/robo/src/ros2_learners/install/turtlebot3_gazebo/share/turtlebot3_gazebo//models/turtlebot3_dqn_world/obstacle1
[0.965s] -- Up-to-date: /home/vatsan/robo/src/ros2_learners/install/turtlebot3_gazebo/share/turtlebot3_gazebo//models/turtlebot3_dqn_world/obstacle1/model.config
[0.965s] -- Up-to-date: /home/vatsan/robo/src/ros2_learners/install/turtlebot3_gazebo/share/turtlebot3_gazebo//models/turtlebot3_dqn_world/obstacle1/model.sdf
[0.965s] -- Up-to-date: /home/vatsan/robo/src/ros2_learners/install/turtlebot3_gazebo/share/turtlebot3_gazebo//models/turtlebot3_dqn_world/model.sdf
[0.965s] -- Up-to-date: /home/vatsan/robo/src/ros2_learners/install/turtlebot3_gazebo/share/turtlebot3_gazebo//models/turtlebot3_dqn_world/obstacle2
[0.965s] -- Up-to-date: /home/vatsan/robo/src/ros2_learners/install/turtlebot3_gazebo/share/turtlebot3_gazebo//models/turtlebot3_dqn_world/obstacle2/model.config
[0.965s] -- Up-to-date: /home/vatsan/robo/src/ros2_learners/install/turtlebot3_gazebo/share/turtlebot3_gazebo//models/turtlebot3_dqn_world/obstacle2/model.sdf
[0.965s] -- Up-to-date: /home/vatsan/robo/src/ros2_learners/install/turtlebot3_gazebo/share/turtlebot3_gazebo//models/aws_robomaker_warehouse_ClutteringC_01
[0.965s] -- Up-to-date: /home/vatsan/robo/src/ros2_learners/install/turtlebot3_gazebo/share/turtlebot3_gazebo//models/aws_robomaker_warehouse_ClutteringC_01/meshes
[0.965s] -- Up-to-date: /home/vatsan/robo/src/ros2_learners/install/turtlebot3_gazebo/share/turtlebot3_gazebo//models/aws_robomaker_warehouse_ClutteringC_01/meshes/aws_robomaker_warehouse_ClutteringC_01_visual.DAE
[0.965s] -- Up-to-date: /home/vatsan/robo/src/ros2_learners/install/turtlebot3_gazebo/share/turtlebot3_gazebo//models/aws_robomaker_warehouse_ClutteringC_01/meshes/aws_robomaker_warehouse_ClutteringC_01_collision.DAE
[0.966s] -- Up-to-date: /home/vatsan/robo/src/ros2_learners/install/turtlebot3_gazebo/share/turtlebot3_gazebo//models/aws_robomaker_warehouse_ClutteringC_01/materials
[0.966s] -- Up-to-date: /home/vatsan/robo/src/ros2_learners/install/turtlebot3_gazebo/share/turtlebot3_gazebo//models/aws_robomaker_warehouse_ClutteringC_01/materials/textures
[0.966s] -- Up-to-date: /home/vatsan/robo/src/ros2_learners/install/turtlebot3_gazebo/share/turtlebot3_gazebo//models/aws_robomaker_warehouse_ClutteringC_01/materials/textures/aws_robomaker_warehouse_ClutteringC_02.png
[0.966s] -- Up-to-date: /home/vatsan/robo/src/ros2_learners/install/turtlebot3_gazebo/share/turtlebot3_gazebo//models/aws_robomaker_warehouse_ClutteringC_01/materials/textures/aws_robomaker_warehouse_ClutteringC_01.png
[0.966s] -- Up-to-date: /home/vatsan/robo/src/ros2_learners/install/turtlebot3_gazebo/share/turtlebot3_gazebo//models/aws_robomaker_warehouse_ClutteringC_01/model.config
[0.966s] -- Up-to-date: /home/vatsan/robo/src/ros2_learners/install/turtlebot3_gazebo/share/turtlebot3_gazebo//models/aws_robomaker_warehouse_ClutteringC_01/model.sdf
[0.966s] -- Up-to-date: /home/vatsan/robo/src/ros2_learners/install/turtlebot3_gazebo/share/turtlebot3_gazebo//models/turtlebot3_world
[0.966s] -- Up-to-date: /home/vatsan/robo/src/ros2_learners/install/turtlebot3_gazebo/share/turtlebot3_gazebo//models/turtlebot3_world/model-1_4.sdf
[0.966s] -- Up-to-date: /home/vatsan/robo/src/ros2_learners/install/turtlebot3_gazebo/share/turtlebot3_gazebo//models/turtlebot3_world/meshes
[0.966s] -- Up-to-date: /home/vatsan/robo/src/ros2_learners/install/turtlebot3_gazebo/share/turtlebot3_gazebo//models/turtlebot3_world/meshes/wall.dae
[0.966s] -- Up-to-date: /home/vatsan/robo/src/ros2_learners/install/turtlebot3_gazebo/share/turtlebot3_gazebo//models/turtlebot3_world/meshes/hexagon.dae
[0.966s] -- Up-to-date: /home/vatsan/robo/src/ros2_learners/install/turtlebot3_gazebo/share/turtlebot3_gazebo//models/turtlebot3_world/model.config
[0.966s] -- Up-to-date: /home/vatsan/robo/src/ros2_learners/install/turtlebot3_gazebo/share/turtlebot3_gazebo//models/turtlebot3_world/model.sdf
[0.966s] -- Up-to-date: /home/vatsan/robo/src/ros2_learners/install/turtlebot3_gazebo/share/turtlebot3_gazebo//models/aws_robomaker_warehouse_ClutteringA_01
[0.966s] -- Up-to-date: /home/vatsan/robo/src/ros2_learners/install/turtlebot3_gazebo/share/turtlebot3_gazebo//models/aws_robomaker_warehouse_ClutteringA_01/meshes
[0.966s] -- Up-to-date: /home/vatsan/robo/src/ros2_learners/install/turtlebot3_gazebo/share/turtlebot3_gazebo//models/aws_robomaker_warehouse_ClutteringA_01/meshes/aws_robomaker_warehouse_ClutteringA_01_visual.DAE
[0.967s] -- Up-to-date: /home/vatsan/robo/src/ros2_learners/install/turtlebot3_gazebo/share/turtlebot3_gazebo//models/aws_robomaker_warehouse_ClutteringA_01/meshes/aws_robomaker_warehouse_ClutteringA_01_collision.DAE
[0.967s] -- Up-to-date: /home/vatsan/robo/src/ros2_learners/install/turtlebot3_gazebo/share/turtlebot3_gazebo//models/aws_robomaker_warehouse_ClutteringA_01/materials
[0.967s] -- Up-to-date: /home/vatsan/robo/src/ros2_learners/install/turtlebot3_gazebo/share/turtlebot3_gazebo//models/aws_robomaker_warehouse_ClutteringA_01/materials/textures
[0.967s] -- Up-to-date: /home/vatsan/robo/src/ros2_learners/install/turtlebot3_gazebo/share/turtlebot3_gazebo//models/aws_robomaker_warehouse_ClutteringA_01/materials/textures/aws_robomaker_warehouse_ClutteringA_02.png
[0.967s] -- Up-to-date: /home/vatsan/robo/src/ros2_learners/install/turtlebot3_gazebo/share/turtlebot3_gazebo//models/aws_robomaker_warehouse_ClutteringA_01/materials/textures/aws_robomaker_warehouse_ClutteringA_03.png
[0.967s] -- Up-to-date: /home/vatsan/robo/src/ros2_learners/install/turtlebot3_gazebo/share/turtlebot3_gazebo//models/aws_robomaker_warehouse_ClutteringA_01/materials/textures/aws_robomaker_warehouse_ClutteringA_01.png
[0.967s] -- Up-to-date: /home/vatsan/robo/src/ros2_learners/install/turtlebot3_gazebo/share/turtlebot3_gazebo//models/aws_robomaker_warehouse_ClutteringA_01/model.config
[0.967s] -- Up-to-date: /home/vatsan/robo/src/ros2_learners/install/turtlebot3_gazebo/share/turtlebot3_gazebo//models/aws_robomaker_warehouse_ClutteringA_01/model.sdf
[0.967s] -- Up-to-date: /home/vatsan/robo/src/ros2_learners/install/turtlebot3_gazebo/share/turtlebot3_gazebo//models/aws_robomaker_warehouse_ClutteringD_01
[0.967s] -- Up-to-date: /home/vatsan/robo/src/ros2_learners/install/turtlebot3_gazebo/share/turtlebot3_gazebo//models/aws_robomaker_warehouse_ClutteringD_01/meshes
[0.967s] -- Up-to-date: /home/vatsan/robo/src/ros2_learners/install/turtlebot3_gazebo/share/turtlebot3_gazebo//models/aws_robomaker_warehouse_ClutteringD_01/meshes/aws_robomaker_warehouse_ClutteringD_01_collision.DAE
[0.967s] -- Up-to-date: /home/vatsan/robo/src/ros2_learners/install/turtlebot3_gazebo/share/turtlebot3_gazebo//models/aws_robomaker_warehouse_ClutteringD_01/meshes/aws_robomaker_warehouse_ClutteringD_01_visual.DAE
[0.967s] -- Up-to-date: /home/vatsan/robo/src/ros2_learners/install/turtlebot3_gazebo/share/turtlebot3_gazebo//models/aws_robomaker_warehouse_ClutteringD_01/materials
[0.967s] -- Up-to-date: /home/vatsan/robo/src/ros2_learners/install/turtlebot3_gazebo/share/turtlebot3_gazebo//models/aws_robomaker_warehouse_ClutteringD_01/materials/textures
[0.967s] -- Up-to-date: /home/vatsan/robo/src/ros2_learners/install/turtlebot3_gazebo/share/turtlebot3_gazebo//models/aws_robomaker_warehouse_ClutteringD_01/materials/textures/aws_robomaker_warehouse_ClutteringD_01.png
[0.968s] -- Up-to-date: /home/vatsan/robo/src/ros2_learners/install/turtlebot3_gazebo/share/turtlebot3_gazebo//models/aws_robomaker_warehouse_ClutteringD_01/materials/textures/aws_robomaker_warehouse_ClutteringD_02.png
[0.968s] -- Up-to-date: /home/vatsan/robo/src/ros2_learners/install/turtlebot3_gazebo/share/turtlebot3_gazebo//models/aws_robomaker_warehouse_ClutteringD_01/model.config
[0.968s] -- Up-to-date: /home/vatsan/robo/src/ros2_learners/install/turtlebot3_gazebo/share/turtlebot3_gazebo//models/aws_robomaker_warehouse_ClutteringD_01/model.sdf
[0.968s] -- Up-to-date: /home/vatsan/robo/src/ros2_learners/install/turtlebot3_gazebo/share/turtlebot3_gazebo//models/aws_robomaker_warehouse_GroundB_01
[0.968s] -- Up-to-date: /home/vatsan/robo/src/ros2_learners/install/turtlebot3_gazebo/share/turtlebot3_gazebo//models/aws_robomaker_warehouse_GroundB_01/meshes
[0.968s] -- Up-to-date: /home/vatsan/robo/src/ros2_learners/install/turtlebot3_gazebo/share/turtlebot3_gazebo//models/aws_robomaker_warehouse_GroundB_01/meshes/aws_robomaker_warehouse_GroundB_01_collision.DAE
[0.968s] -- Up-to-date: /home/vatsan/robo/src/ros2_learners/install/turtlebot3_gazebo/share/turtlebot3_gazebo//models/aws_robomaker_warehouse_GroundB_01/meshes/aws_robomaker_warehouse_GroundB_01_visual.DAE
[0.968s] -- Up-to-date: /home/vatsan/robo/src/ros2_learners/install/turtlebot3_gazebo/share/turtlebot3_gazebo//models/aws_robomaker_warehouse_GroundB_01/materials
[0.968s] -- Up-to-date: /home/vatsan/robo/src/ros2_learners/install/turtlebot3_gazebo/share/turtlebot3_gazebo//models/aws_robomaker_warehouse_GroundB_01/materials/textures
[0.968s] -- Up-to-date: /home/vatsan/robo/src/ros2_learners/install/turtlebot3_gazebo/share/turtlebot3_gazebo//models/aws_robomaker_warehouse_GroundB_01/materials/textures/aws_robomaker_warehouse_GroundB_02.png
[0.968s] -- Up-to-date: /home/vatsan/robo/src/ros2_learners/install/turtlebot3_gazebo/share/turtlebot3_gazebo//models/aws_robomaker_warehouse_GroundB_01/materials/textures/aws_robomaker_warehouse_GroundB_01.png
[0.968s] -- Up-to-date: /home/vatsan/robo/src/ros2_learners/install/turtlebot3_gazebo/share/turtlebot3_gazebo//models/aws_robomaker_warehouse_GroundB_01/model.config
[0.968s] -- Up-to-date: /home/vatsan/robo/src/ros2_learners/install/turtlebot3_gazebo/share/turtlebot3_gazebo//models/aws_robomaker_warehouse_GroundB_01/model.sdf
[0.968s] -- Up-to-date: /home/vatsan/robo/src/ros2_learners/install/turtlebot3_gazebo/share/turtlebot3_gazebo//models/turtlebot3_common
[0.968s] -- Up-to-date: /home/vatsan/robo/src/ros2_learners/install/turtlebot3_gazebo/share/turtlebot3_gazebo//models/turtlebot3_common/meshes
[0.968s] -- Up-to-date: /home/vatsan/robo/src/ros2_learners/install/turtlebot3_gazebo/share/turtlebot3_gazebo//models/turtlebot3_common/meshes/lds.dae
[0.968s] -- Up-to-date: /home/vatsan/robo/src/ros2_learners/install/turtlebot3_gazebo/share/turtlebot3_gazebo//models/turtlebot3_common/meshes/burger_base.dae
[0.968s] -- Up-to-date: /home/vatsan/robo/src/ros2_learners/install/turtlebot3_gazebo/share/turtlebot3_gazebo//models/turtlebot3_common/meshes/waffle_base.dae
[0.968s] -- Up-to-date: /home/vatsan/robo/src/ros2_learners/install/turtlebot3_gazebo/share/turtlebot3_gazebo//models/turtlebot3_common/meshes/r200.dae
[0.969s] -- Up-to-date: /home/vatsan/robo/src/ros2_learners/install/turtlebot3_gazebo/share/turtlebot3_gazebo//models/turtlebot3_common/meshes/waffle_pi_base.dae
[0.969s] -- Up-to-date: /home/vatsan/robo/src/ros2_learners/install/turtlebot3_gazebo/share/turtlebot3_gazebo//models/turtlebot3_common/meshes/tire.dae
[0.969s] -- Up-to-date: /home/vatsan/robo/src/ros2_learners/install/turtlebot3_gazebo/share/turtlebot3_gazebo//models/turtlebot3_common/model.config
[0.969s] -- Up-to-date: /home/vatsan/robo/src/ros2_learners/install/turtlebot3_gazebo/share/turtlebot3_gazebo//models/aws_robomaker_warehouse_DeskC_01
[0.969s] -- Up-to-date: /home/vatsan/robo/src/ros2_learners/install/turtlebot3_gazebo/share/turtlebot3_gazebo//models/aws_robomaker_warehouse_DeskC_01/meshes
[0.969s] -- Up-to-date: /home/vatsan/robo/src/ros2_learners/install/turtlebot3_gazebo/share/turtlebot3_gazebo//models/aws_robomaker_warehouse_DeskC_01/meshes/aws_robomaker_warehouse_DeskC_01_collision.DAE
[0.969s] -- Up-to-date: /home/vatsan/robo/src/ros2_learners/install/turtlebot3_gazebo/share/turtlebot3_gazebo//models/aws_robomaker_warehouse_DeskC_01/meshes/aws_robomaker_warehouse_DeskC_01_visual.DAE
[0.969s] -- Up-to-date: /home/vatsan/robo/src/ros2_learners/install/turtlebot3_gazebo/share/turtlebot3_gazebo//models/aws_robomaker_warehouse_DeskC_01/materials
[0.969s] -- Up-to-date: /home/vatsan/robo/src/ros2_learners/install/turtlebot3_gazebo/share/turtlebot3_gazebo//models/aws_robomaker_warehouse_DeskC_01/materials/textures
[0.969s] -- Up-to-date: /home/vatsan/robo/src/ros2_learners/install/turtlebot3_gazebo/share/turtlebot3_gazebo//models/aws_robomaker_warehouse_DeskC_01/materials/textures/aws_robomaker_warehouse_DeskC_02.png
[0.969s] -- Up-to-date: /home/vatsan/robo/src/ros2_learners/install/turtlebot3_gazebo/share/turtlebot3_gazebo//models/aws_robomaker_warehouse_DeskC_01/materials/textures/aws_robomaker_warehouse_DeskC_03.png
[0.969s] -- Up-to-date: /home/vatsan/robo/src/ros2_learners/install/turtlebot3_gazebo/share/turtlebot3_gazebo//models/aws_robomaker_warehouse_DeskC_01/materials/textures/aws_robomaker_warehouse_DeskC_04.png
[0.969s] -- Up-to-date: /home/vatsan/robo/src/ros2_learners/install/turtlebot3_gazebo/share/turtlebot3_gazebo//models/aws_robomaker_warehouse_DeskC_01/materials/textures/aws_robomaker_warehouse_DeskC_03.psd
[0.969s] -- Up-to-date: /home/vatsan/robo/src/ros2_learners/install/turtlebot3_gazebo/share/turtlebot3_gazebo//models/aws_robomaker_warehouse_DeskC_01/materials/textures/aws_robomaker_warehouse_DeskC_01.png
[0.969s] -- Up-to-date: /home/vatsan/robo/src/ros2_learners/install/turtlebot3_gazebo/share/turtlebot3_gazebo//models/aws_robomaker_warehouse_DeskC_01/model.config
[0.969s] -- Up-to-date: /home/vatsan/robo/src/ros2_learners/install/turtlebot3_gazebo/share/turtlebot3_gazebo//models/aws_robomaker_warehouse_DeskC_01/model.sdf
[0.969s] -- Up-to-date: /home/vatsan/robo/src/ros2_learners/install/turtlebot3_gazebo/share/turtlebot3_gazebo//models/aws_robomaker_warehouse_RoofB_01
[0.969s] -- Up-to-date: /home/vatsan/robo/src/ros2_learners/install/turtlebot3_gazebo/share/turtlebot3_gazebo//models/aws_robomaker_warehouse_RoofB_01/meshes
[0.970s] -- Up-to-date: /home/vatsan/robo/src/ros2_learners/install/turtlebot3_gazebo/share/turtlebot3_gazebo//models/aws_robomaker_warehouse_RoofB_01/meshes/aws_robomaker_warehouse_RoofB_01_visual.DAE
[0.970s] -- Up-to-date: /home/vatsan/robo/src/ros2_learners/install/turtlebot3_gazebo/share/turtlebot3_gazebo//models/aws_robomaker_warehouse_RoofB_01/meshes/aws_robomaker_warehouse_RoofB_01_collision.DAE
[0.970s] -- Up-to-date: /home/vatsan/robo/src/ros2_learners/install/turtlebot3_gazebo/share/turtlebot3_gazebo//models/aws_robomaker_warehouse_RoofB_01/materials
[0.970s] -- Up-to-date: /home/vatsan/robo/src/ros2_learners/install/turtlebot3_gazebo/share/turtlebot3_gazebo//models/aws_robomaker_warehouse_RoofB_01/materials/textures
[0.970s] -- Up-to-date: /home/vatsan/robo/src/ros2_learners/install/turtlebot3_gazebo/share/turtlebot3_gazebo//models/aws_robomaker_warehouse_RoofB_01/materials/textures/aws_robomaker_warehouse_RoofB_01.png
[0.970s] -- Up-to-date: /home/vatsan/robo/src/ros2_learners/install/turtlebot3_gazebo/share/turtlebot3_gazebo//models/aws_robomaker_warehouse_RoofB_01/model.config
[0.970s] -- Up-to-date: /home/vatsan/robo/src/ros2_learners/install/turtlebot3_gazebo/share/turtlebot3_gazebo//models/aws_robomaker_warehouse_RoofB_01/model.sdf
[0.970s] -- Up-to-date: /home/vatsan/robo/src/ros2_learners/install/turtlebot3_gazebo/share/turtlebot3_gazebo//models/aws_robomaker_warehouse_ShelfE_01
[0.970s] -- Up-to-date: /home/vatsan/robo/src/ros2_learners/install/turtlebot3_gazebo/share/turtlebot3_gazebo//models/aws_robomaker_warehouse_ShelfE_01/meshes
[0.970s] -- Up-to-date: /home/vatsan/robo/src/ros2_learners/install/turtlebot3_gazebo/share/turtlebot3_gazebo//models/aws_robomaker_warehouse_ShelfE_01/meshes/aws_robomaker_warehouse_ShelfE_01_visual.DAE
[0.971s] -- Up-to-date: /home/vatsan/robo/src/ros2_learners/install/turtlebot3_gazebo/share/turtlebot3_gazebo//models/aws_robomaker_warehouse_ShelfE_01/meshes/aws_robomaker_warehouse_ShelfE_01_collision.DAE
[0.971s] -- Up-to-date: /home/vatsan/robo/src/ros2_learners/install/turtlebot3_gazebo/share/turtlebot3_gazebo//models/aws_robomaker_warehouse_ShelfE_01/materials
[0.971s] -- Up-to-date: /home/vatsan/robo/src/ros2_learners/install/turtlebot3_gazebo/share/turtlebot3_gazebo//models/aws_robomaker_warehouse_ShelfE_01/materials/textures
[0.971s] -- Up-to-date: /home/vatsan/robo/src/ros2_learners/install/turtlebot3_gazebo/share/turtlebot3_gazebo//models/aws_robomaker_warehouse_ShelfE_01/materials/textures/aws_robomaker_warehouse_ShelfE_01.png
[0.971s] -- Up-to-date: /home/vatsan/robo/src/ros2_learners/install/turtlebot3_gazebo/share/turtlebot3_gazebo//models/aws_robomaker_warehouse_ShelfE_01/materials/textures/aws_robomaker_warehouse_ShelfE_03.png
[0.972s] -- Up-to-date: /home/vatsan/robo/src/ros2_learners/install/turtlebot3_gazebo/share/turtlebot3_gazebo//models/aws_robomaker_warehouse_ShelfE_01/materials/textures/aws_robomaker_warehouse_ShelfE_04.png
[0.972s] -- Up-to-date: /home/vatsan/robo/src/ros2_learners/install/turtlebot3_gazebo/share/turtlebot3_gazebo//models/aws_robomaker_warehouse_ShelfE_01/materials/textures/aws_robomaker_warehouse_ShelfE_02.png
[0.972s] -- Up-to-date: /home/vatsan/robo/src/ros2_learners/install/turtlebot3_gazebo/share/turtlebot3_gazebo//models/aws_robomaker_warehouse_ShelfE_01/model.config
[0.972s] -- Up-to-date: /home/vatsan/robo/src/ros2_learners/install/turtlebot3_gazebo/share/turtlebot3_gazebo//models/aws_robomaker_warehouse_ShelfE_01/model.sdf
[0.972s] -- Up-to-date: /home/vatsan/robo/src/ros2_learners/install/turtlebot3_gazebo/share/turtlebot3_gazebo//models/aws_robomaker_warehouse_Lamp_01
[0.972s] -- Up-to-date: /home/vatsan/robo/src/ros2_learners/install/turtlebot3_gazebo/share/turtlebot3_gazebo//models/aws_robomaker_warehouse_Lamp_01/meshes
[0.972s] -- Up-to-date: /home/vatsan/robo/src/ros2_learners/install/turtlebot3_gazebo/share/turtlebot3_gazebo//models/aws_robomaker_warehouse_Lamp_01/meshes/aws_robomaker_warehouse_Lamp_01_collision.DAE
[0.972s] -- Up-to-date: /home/vatsan/robo/src/ros2_learners/install/turtlebot3_gazebo/share/turtlebot3_gazebo//models/aws_robomaker_warehouse_Lamp_01/meshes/aws_robomaker_warehouse_Lamp_01_visual.DAE
[0.972s] -- Up-to-date: /home/vatsan/robo/src/ros2_learners/install/turtlebot3_gazebo/share/turtlebot3_gazebo//models/aws_robomaker_warehouse_Lamp_01/materials
[0.973s] -- Up-to-date: /home/vatsan/robo/src/ros2_learners/install/turtlebot3_gazebo/share/turtlebot3_gazebo//models/aws_robomaker_warehouse_Lamp_01/materials/textures
[0.973s] -- Up-to-date: /home/vatsan/robo/src/ros2_learners/install/turtlebot3_gazebo/share/turtlebot3_gazebo//models/aws_robomaker_warehouse_Lamp_01/materials/textures/aws_robomaker_warehouse_Lamp_01.png
[0.973s] -- Up-to-date: /home/vatsan/robo/src/ros2_learners/install/turtlebot3_gazebo/share/turtlebot3_gazebo//models/aws_robomaker_warehouse_Lamp_01/model.config
[0.973s] -- Up-to-date: /home/vatsan/robo/src/ros2_learners/install/turtlebot3_gazebo/share/turtlebot3_gazebo//models/aws_robomaker_warehouse_Lamp_01/model.sdf
[0.973s] -- Up-to-date: /home/vatsan/robo/src/ros2_learners/install/turtlebot3_gazebo/share/turtlebot3_gazebo//models/aws_robomaker_warehouse_ShelfD_01
[0.973s] -- Up-to-date: /home/vatsan/robo/src/ros2_learners/install/turtlebot3_gazebo/share/turtlebot3_gazebo//models/aws_robomaker_warehouse_ShelfD_01/materials
[0.973s] -- Up-to-date: /home/vatsan/robo/src/ros2_learners/install/turtlebot3_gazebo/share/turtlebot3_gazebo//models/aws_robomaker_warehouse_ShelfD_01/materials/textures
[0.973s] -- Up-to-date: /home/vatsan/robo/src/ros2_learners/install/turtlebot3_gazebo/share/turtlebot3_gazebo//models/aws_robomaker_warehouse_ShelfD_01/materials/textures/aws_robomaker_warehouse_ShelfD_04.png
[0.973s] -- Up-to-date: /home/vatsan/robo/src/ros2_learners/install/turtlebot3_gazebo/share/turtlebot3_gazebo//models/aws_robomaker_warehouse_ShelfD_01/materials/textures/aws_robomaker_warehouse_ShelfD_01.png
[0.973s] -- Up-to-date: /home/vatsan/robo/src/ros2_learners/install/turtlebot3_gazebo/share/turtlebot3_gazebo//models/aws_robomaker_warehouse_ShelfD_01/materials/textures/aws_robomaker_warehouse_ShelfD_03.png
[0.973s] -- Up-to-date: /home/vatsan/robo/src/ros2_learners/install/turtlebot3_gazebo/share/turtlebot3_gazebo//models/aws_robomaker_warehouse_ShelfD_01/materials/textures/aws_robomaker_warehouse_ShelfD_02.png
[0.973s] -- Up-to-date: /home/vatsan/robo/src/ros2_learners/install/turtlebot3_gazebo/share/turtlebot3_gazebo//models/aws_robomaker_warehouse_ShelfD_01/model.config
[0.973s] -- Up-to-date: /home/vatsan/robo/src/ros2_learners/install/turtlebot3_gazebo/share/turtlebot3_gazebo//models/aws_robomaker_warehouse_ShelfD_01/model.sdf
[0.973s] -- Up-to-date: /home/vatsan/robo/src/ros2_learners/install/turtlebot3_gazebo/share/turtlebot3_gazebo//models/aws_robomaker_warehouse_PalletJackB_01
[0.973s] -- Up-to-date: /home/vatsan/robo/src/ros2_learners/install/turtlebot3_gazebo/share/turtlebot3_gazebo//models/aws_robomaker_warehouse_PalletJackB_01/meshes
[0.974s] -- Up-to-date: /home/vatsan/robo/src/ros2_learners/install/turtlebot3_gazebo/share/turtlebot3_gazebo//models/aws_robomaker_warehouse_PalletJackB_01/meshes/aws_robomaker_warehouse_PalletJackB_01_collision.DAE
[0.974s] -- Up-to-date: /home/vatsan/robo/src/ros2_learners/install/turtlebot3_gazebo/share/turtlebot3_gazebo//models/aws_robomaker_warehouse_PalletJackB_01/meshes/aws_robomaker_warehouse_PalletJackB_01_visual.DAE
[0.974s] -- Up-to-date: /home/vatsan/robo/src/ros2_learners/install/turtlebot3_gazebo/share/turtlebot3_gazebo//models/aws_robomaker_warehouse_PalletJackB_01/materials
[0.974s] -- Up-to-date: /home/vatsan/robo/src/ros2_learners/install/turtlebot3_gazebo/share/turtlebot3_gazebo//models/aws_robomaker_warehouse_PalletJackB_01/materials/textures
[0.974s] -- Up-to-date: /home/vatsan/robo/src/ros2_learners/install/turtlebot3_gazebo/share/turtlebot3_gazebo//models/aws_robomaker_warehouse_PalletJackB_01/materials/textures/aws_robomaker_warehouse_PalletJackB_02.png
[0.974s] -- Up-to-date: /home/vatsan/robo/src/ros2_learners/install/turtlebot3_gazebo/share/turtlebot3_gazebo//models/aws_robomaker_warehouse_PalletJackB_01/materials/textures/aws_robomaker_warehouse_PalletJackB_01.png
[0.974s] -- Up-to-date: /home/vatsan/robo/src/ros2_learners/install/turtlebot3_gazebo/share/turtlebot3_gazebo//models/aws_robomaker_warehouse_PalletJackB_01/model.config
[0.974s] -- Up-to-date: /home/vatsan/robo/src/ros2_learners/install/turtlebot3_gazebo/share/turtlebot3_gazebo//models/aws_robomaker_warehouse_PalletJackB_01/model.sdf
[0.974s] -- Up-to-date: /home/vatsan/robo/src/ros2_learners/install/turtlebot3_gazebo/share/turtlebot3_gazebo//models/turtlebot3_house
[0.974s] -- Up-to-date: /home/vatsan/robo/src/ros2_learners/install/turtlebot3_gazebo/share/turtlebot3_gazebo//models/turtlebot3_house/model.config
[0.974s] -- Up-to-date: /home/vatsan/robo/src/ros2_learners/install/turtlebot3_gazebo/share/turtlebot3_gazebo//models/turtlebot3_house/model.sdf
[0.974s] -- Up-to-date: /home/vatsan/robo/src/ros2_learners/install/turtlebot3_gazebo/share/turtlebot3_gazebo//rviz
[0.974s] -- Up-to-date: /home/vatsan/robo/src/ros2_learners/install/turtlebot3_gazebo/share/turtlebot3_gazebo//rviz/tb3_gazebo.rviz
[0.974s] -- Up-to-date: /home/vatsan/robo/src/ros2_learners/install/turtlebot3_gazebo/share/turtlebot3_gazebo//urdf
[0.974s] -- Up-to-date: /home/vatsan/robo/src/ros2_learners/install/turtlebot3_gazebo/share/turtlebot3_gazebo//urdf/turtlebot3_burger.urdf
[0.974s] -- Up-to-date: /home/vatsan/robo/src/ros2_learners/install/turtlebot3_gazebo/share/turtlebot3_gazebo//urdf/turtlebot3_waffle_pi.urdf
[0.974s] -- Up-to-date: /home/vatsan/robo/src/ros2_learners/install/turtlebot3_gazebo/share/turtlebot3_gazebo//urdf/turtlebot3_waffle.urdf
[0.974s] -- Up-to-date: /home/vatsan/robo/src/ros2_learners/install/turtlebot3_gazebo/share/turtlebot3_gazebo//urdf/common_properties.urdf
[0.974s] -- Up-to-date: /home/vatsan/robo/src/ros2_learners/install/turtlebot3_gazebo/share/turtlebot3_gazebo//worlds
[0.975s] -- Up-to-date: /home/vatsan/robo/src/ros2_learners/install/turtlebot3_gazebo/share/turtlebot3_gazebo//worlds/turtlebot3_world.world
[0.975s] -- Up-to-date: /home/vatsan/robo/src/ros2_learners/install/turtlebot3_gazebo/share/turtlebot3_gazebo//worlds/warehouse_willow.world
[0.975s] -- Up-to-date: /home/vatsan/robo/src/ros2_learners/install/turtlebot3_gazebo/share/turtlebot3_gazebo//worlds/RL (copy).world
[0.975s] -- Up-to-date: /home/vatsan/robo/src/ros2_learners/install/turtlebot3_gazebo/share/turtlebot3_gazebo//worlds/turtlebot3_house.world
[0.975s] -- Up-to-date: /home/vatsan/robo/src/ros2_learners/install/turtlebot3_gazebo/share/turtlebot3_gazebo//worlds/empty_world.world
[0.975s] -- Up-to-date: /home/vatsan/robo/src/ros2_learners/install/turtlebot3_gazebo/share/turtlebot3_gazebo//worlds/warehouse.world
[0.976s] -- Up-to-date: /home/vatsan/robo/src/ros2_learners/install/turtlebot3_gazebo/share/turtlebot3_gazebo//worlds/RL.world
[0.976s] -- Up-to-date: /home/vatsan/robo/src/ros2_learners/install/turtlebot3_gazebo/share/turtlebot3_gazebo//worlds/turtlebot3_dqn_stage1.world
[0.976s] -- Up-to-date: /home/vatsan/robo/src/ros2_learners/install/turtlebot3_gazebo/share/turtlebot3_gazebo//worlds/damn.world
[0.976s] -- Up-to-date: /home/vatsan/robo/src/ros2_learners/install/turtlebot3_gazebo/share/turtlebot3_gazebo//worlds/final_new.world
[0.976s] -- Up-to-date: /home/vatsan/robo/src/ros2_learners/install/turtlebot3_gazebo/share/turtlebot3_gazebo//worlds/willow_garage.world
[0.976s] -- Up-to-date: /home/vatsan/robo/src/ros2_learners/install/turtlebot3_gazebo/share/turtlebot3_gazebo//worlds/final.world
[0.976s] -- Up-to-date: /home/vatsan/robo/src/ros2_learners/install/turtlebot3_gazebo/share/turtlebot3_gazebo//worlds/turtlebot3_dqn_stage3.world
[0.976s] -- Up-to-date: /home/vatsan/robo/src/ros2_learners/install/turtlebot3_gazebo/share/turtlebot3_gazebo//worlds/turtlebot3_dqn_stage2.world
[0.976s] -- Up-to-date: /home/vatsan/robo/src/ros2_learners/install/turtlebot3_gazebo/share/turtlebot3_gazebo//worlds/warehouse_old.world
[0.976s] -- Up-to-date: /home/vatsan/robo/src/ros2_learners/install/turtlebot3_gazebo/share/turtlebot3_gazebo//worlds/turtlebot3_dqn_stage4.world
[0.976s] -- Up-to-date: /home/vatsan/robo/src/ros2_learners/install/turtlebot3_gazebo/include/
[0.977s] -- Up-to-date: /home/vatsan/robo/src/ros2_learners/install/turtlebot3_gazebo/include//turtlebot3_gazebo
[0.977s] -- Up-to-date: /home/vatsan/robo/src/ros2_learners/install/turtlebot3_gazebo/include//turtlebot3_gazebo/turtlebot3_drive.hpp
[0.977s] -- Up-to-date: /home/vatsan/robo/src/ros2_learners/install/turtlebot3_gazebo/share/ament_index/resource_index/package_run_dependencies/turtlebot3_gazebo
[0.977s] -- Up-to-date: /home/vatsan/robo/src/ros2_learners/install/turtlebot3_gazebo/share/ament_index/resource_index/parent_prefix_path/turtlebot3_gazebo
[0.977s] -- Up-to-date: /home/vatsan/robo/src/ros2_learners/install/turtlebot3_gazebo/share/turtlebot3_gazebo/environment/ament_prefix_path.sh
[0.977s] -- Up-to-date: /home/vatsan/robo/src/ros2_learners/install/turtlebot3_gazebo/share/turtlebot3_gazebo/environment/ament_prefix_path.dsv
[0.977s] -- Up-to-date: /home/vatsan/robo/src/ros2_learners/install/turtlebot3_gazebo/share/turtlebot3_gazebo/environment/path.sh
[0.977s] -- Up-to-date: /home/vatsan/robo/src/ros2_learners/install/turtlebot3_gazebo/share/turtlebot3_gazebo/environment/path.dsv
[0.977s] -- Up-to-date: /home/vatsan/robo/src/ros2_learners/install/turtlebot3_gazebo/share/turtlebot3_gazebo/local_setup.bash
[0.977s] -- Up-to-date: /home/vatsan/robo/src/ros2_learners/install/turtlebot3_gazebo/share/turtlebot3_gazebo/local_setup.sh
[0.977s] -- Up-to-date: /home/vatsan/robo/src/ros2_learners/install/turtlebot3_gazebo/share/turtlebot3_gazebo/local_setup.zsh
[0.978s] -- Up-to-date: /home/vatsan/robo/src/ros2_learners/install/turtlebot3_gazebo/share/turtlebot3_gazebo/local_setup.dsv
[0.978s] -- Installing: /home/vatsan/robo/src/ros2_learners/install/turtlebot3_gazebo/share/turtlebot3_gazebo/package.dsv
[0.978s] -- Up-to-date: /home/vatsan/robo/src/ros2_learners/install/turtlebot3_gazebo/share/ament_index/resource_index/packages/turtlebot3_gazebo
[0.978s] -- Up-to-date: /home/vatsan/robo/src/ros2_learners/install/turtlebot3_gazebo/share/turtlebot3_gazebo/cmake/ament_cmake_export_include_directories-extras.cmake
[0.978s] -- Up-to-date: /home/vatsan/robo/src/ros2_learners/install/turtlebot3_gazebo/share/turtlebot3_gazebo/cmake/ament_cmake_export_dependencies-extras.cmake
[0.978s] -- Up-to-date: /home/vatsan/robo/src/ros2_learners/install/turtlebot3_gazebo/share/turtlebot3_gazebo/cmake/turtlebot3_gazeboConfig.cmake
[0.978s] -- Up-to-date: /home/vatsan/robo/src/ros2_learners/install/turtlebot3_gazebo/share/turtlebot3_gazebo/cmake/turtlebot3_gazeboConfig-version.cmake
[0.978s] -- Up-to-date: /home/vatsan/robo/src/ros2_learners/install/turtlebot3_gazebo/share/turtlebot3_gazebo/package.xml
[0.995s] Invoked command in '/home/vatsan/robo/src/ros2_learners/build/turtlebot3_gazebo' returned '0': CMAKE_PREFIX_PATH=${CMAKE_PREFIX_PATH}:/home/vatsan/robo/src/ros2_learners/install/stamp:/home/vatsan/robo/src/ros2_learners/install/robot_math:/home/vatsan/robo/src/ros2_learners/install/pc:/home/vatsan/robo/src/ros2_learners/install/my_robot_controller:/opt/ros/humble DEBUGINFOD_URLS=https://debuginfod.ubuntu.com /home/vatsan/.local/bin/cmake --install /home/vatsan/robo/src/ros2_learners/build/turtlebot3_gazebo
