[0.763s] Invoking command in '/home/vatsan/robo/src/ros2_learners/build/point_cloud_perception': CMAKE_PREFIX_PATH=/opt/ros/humble DEBUGINFOD_URLS=https://debuginfod.ubuntu.com /home/vatsan/.local/bin/cmake --build /home/vatsan/robo/src/ros2_learners/build/point_cloud_perception -- -j8 -l8
[1.136s] [ 33%] Built target voxeling
[1.136s] [ 66%] Built target planner_seg
[1.136s] [100%] Built target clustering
[1.298s] Invoked command in '/home/vatsan/robo/src/ros2_learners/build/point_cloud_perception' returned '0': CMAKE_PREFIX_PATH=/opt/ros/humble DEBUGINFOD_URLS=https://debuginfod.ubuntu.com /home/vatsan/.local/bin/cmake --build /home/vatsan/robo/src/ros2_learners/build/point_cloud_perception -- -j8 -l8
[1.299s] Invoking command in '/home/vatsan/robo/src/ros2_learners/build/point_cloud_perception': CMAKE_PREFIX_PATH=/opt/ros/humble DEBUGINFOD_URLS=https://debuginfod.ubuntu.com /home/vatsan/.local/bin/cmake --install /home/vatsan/robo/src/ros2_learners/build/point_cloud_perception
[1.500s] -- Install configuration: ""
[1.500s] -- Up-to-date: /home/vatsan/robo/src/ros2_learners/install/point_cloud_perception/lib/point_cloud_perception/voxeling
[1.500s] -- Up-to-date: /home/vatsan/robo/src/ros2_learners/install/point_cloud_perception/lib/point_cloud_perception/planner_seg
[1.500s] -- Up-to-date: /home/vatsan/robo/src/ros2_learners/install/point_cloud_perception/lib/point_cloud_perception/clustering
[1.500s] -- Up-to-date: /home/vatsan/robo/src/ros2_learners/install/point_cloud_perception/share/point_cloud_perception//launch
[1.500s] -- Up-to-date: /home/vatsan/robo/src/ros2_learners/install/point_cloud_perception/share/point_cloud_perception//launch/3d_depth_mapping_rtab7.launch.py
[1.500s] -- Up-to-date: /home/vatsan/robo/src/ros2_learners/install/point_cloud_perception/share/point_cloud_perception//launch/3d_depth_mapping_rtab10.launch.py
[1.501s] -- Up-to-date: /home/vatsan/robo/src/ros2_learners/install/point_cloud_perception/share/point_cloud_perception//launch/3d_depth_mapping_rtab5.launch.py
[1.501s] -- Up-to-date: /home/vatsan/robo/src/ros2_learners/install/point_cloud_perception/share/point_cloud_perception//launch/rtab_mapping.launch.py
[1.501s] -- Up-to-date: /home/vatsan/robo/src/ros2_learners/install/point_cloud_perception/share/point_cloud_perception//launch/3d_depth_mapping_rtab3.launch.py
[1.501s] -- Up-to-date: /home/vatsan/robo/src/ros2_learners/install/point_cloud_perception/share/point_cloud_perception//launch/3d_depth_mapping_rtab2.launch.py
[1.501s] -- Up-to-date: /home/vatsan/robo/src/ros2_learners/install/point_cloud_perception/share/point_cloud_perception//launch/3d_depth_mapping_rtab8.launch.py
[1.502s] -- Up-to-date: /home/vatsan/robo/src/ros2_learners/install/point_cloud_perception/share/point_cloud_perception//launch/3d_depth_mapping_rtab14.launch.py
[1.502s] -- Up-to-date: /home/vatsan/robo/src/ros2_learners/install/point_cloud_perception/share/point_cloud_perception//launch/3d_depth_mapping_rtab9.launch.py
[1.502s] -- Up-to-date: /home/vatsan/robo/src/ros2_learners/install/point_cloud_perception/share/point_cloud_perception//launch/3d_depth_mapping_rtab4.launch.py
[1.502s] -- Up-to-date: /home/vatsan/robo/src/ros2_learners/install/point_cloud_perception/share/point_cloud_perception//launch/3d_depth_mapping_rtab15.launch.py
[1.502s] -- Up-to-date: /home/vatsan/robo/src/ros2_learners/install/point_cloud_perception/share/point_cloud_perception//launch/3d_depth_mapping_rtab12.launch.py
[1.502s] -- Up-to-date: /home/vatsan/robo/src/ros2_learners/install/point_cloud_perception/share/point_cloud_perception//launch/3d_depth_mapping_rtab6.launch.py
[1.503s] -- Up-to-date: /home/vatsan/robo/src/ros2_learners/install/point_cloud_perception/share/point_cloud_perception//launch/3d_depth_mapping_rtab.launch.py
[1.503s] -- Up-to-date: /home/vatsan/robo/src/ros2_learners/install/point_cloud_perception/share/point_cloud_perception//launch/3d_depth_mapping_rtab13.launch.py
[1.503s] -- Up-to-date: /home/vatsan/robo/src/ros2_learners/install/point_cloud_perception/share/point_cloud_perception//launch/3d_depth_mapping_rtab11.launch.py
[1.503s] -- Up-to-date: /home/vatsan/robo/src/ros2_learners/install/point_cloud_perception/share/point_cloud_perception//launch/3d_depth_mapping_rtab1.launch.py
[1.504s] -- Up-to-date: /home/vatsan/robo/src/ros2_learners/install/point_cloud_perception/share/ament_index/resource_index/package_run_dependencies/point_cloud_perception
[1.504s] -- Up-to-date: /home/vatsan/robo/src/ros2_learners/install/point_cloud_perception/share/ament_index/resource_index/parent_prefix_path/point_cloud_perception
[1.504s] -- Up-to-date: /home/vatsan/robo/src/ros2_learners/install/point_cloud_perception/share/point_cloud_perception/environment/ament_prefix_path.sh
[1.505s] -- Up-to-date: /home/vatsan/robo/src/ros2_learners/install/point_cloud_perception/share/point_cloud_perception/environment/ament_prefix_path.dsv
[1.505s] -- Up-to-date: /home/vatsan/robo/src/ros2_learners/install/point_cloud_perception/share/point_cloud_perception/environment/path.sh
[1.505s] -- Up-to-date: /home/vatsan/robo/src/ros2_learners/install/point_cloud_perception/share/point_cloud_perception/environment/path.dsv
[1.505s] -- Up-to-date: /home/vatsan/robo/src/ros2_learners/install/point_cloud_perception/share/point_cloud_perception/local_setup.bash
[1.505s] -- Up-to-date: /home/vatsan/robo/src/ros2_learners/install/point_cloud_perception/share/point_cloud_perception/local_setup.sh
[1.505s] -- Up-to-date: /home/vatsan/robo/src/ros2_learners/install/point_cloud_perception/share/point_cloud_perception/local_setup.zsh
[1.506s] -- Up-to-date: /home/vatsan/robo/src/ros2_learners/install/point_cloud_perception/share/point_cloud_perception/local_setup.dsv
[1.506s] -- Installing: /home/vatsan/robo/src/ros2_learners/install/point_cloud_perception/share/point_cloud_perception/package.dsv
[1.506s] -- Up-to-date: /home/vatsan/robo/src/ros2_learners/install/point_cloud_perception/share/ament_index/resource_index/packages/point_cloud_perception
[1.506s] -- Up-to-date: /home/vatsan/robo/src/ros2_learners/install/point_cloud_perception/share/point_cloud_perception/cmake/point_cloud_perceptionConfig.cmake
[1.508s] -- Up-to-date: /home/vatsan/robo/src/ros2_learners/install/point_cloud_perception/share/point_cloud_perception/cmake/point_cloud_perceptionConfig-version.cmake
[1.508s] -- Up-to-date: /home/vatsan/robo/src/ros2_learners/install/point_cloud_perception/share/point_cloud_perception/package.xml
[1.519s] Invoked command in '/home/vatsan/robo/src/ros2_learners/build/point_cloud_perception' returned '0': CMAKE_PREFIX_PATH=/opt/ros/humble DEBUGINFOD_URLS=https://debuginfod.ubuntu.com /home/vatsan/.local/bin/cmake --install /home/vatsan/robo/src/ros2_learners/build/point_cloud_perception
