[2.025s] Invoking command in '/home/vatsan/robo/src/ros2_learners/my_robot_controller': DEBUGINFOD_URLS=https://debuginfod.ubuntu.com PYTHONPATH=/home/vatsan/robo/src/ros2_learners/build/my_robot_controller/prefix_override:/usr/lib/python3/dist-packages/colcon_core/task/python/colcon_distutils_commands:/home/vatsan/robo/src/ros2_learners/install/my_robot_controller/lib/python3.10/site-packages:${PYTHONPATH} /usr/bin/python3 -W ignore:setup.py install is deprecated -W ignore:easy_install command is deprecated setup.py egg_info --egg-base ../build/my_robot_controller build --build-base /home/vatsan/robo/src/ros2_learners/build/my_robot_controller/build install --record /home/vatsan/robo/src/ros2_learners/build/my_robot_controller/install.log --single-version-externally-managed install_data
[2.471s] running egg_info
[2.472s] writing ../build/my_robot_controller/my_robot_controller.egg-info/PKG-INFO
[2.472s] writing dependency_links to ../build/my_robot_controller/my_robot_controller.egg-info/dependency_links.txt
[2.473s] writing entry points to ../build/my_robot_controller/my_robot_controller.egg-info/entry_points.txt
[2.473s] writing requirements to ../build/my_robot_controller/my_robot_controller.egg-info/requires.txt
[2.473s] writing top-level names to ../build/my_robot_controller/my_robot_controller.egg-info/top_level.txt
[2.476s] reading manifest file '../build/my_robot_controller/my_robot_controller.egg-info/SOURCES.txt'
[2.477s] adding license file 'LICENSE'
[2.478s] writing manifest file '../build/my_robot_controller/my_robot_controller.egg-info/SOURCES.txt'
[2.478s] running build
[2.478s] running build_py
[2.479s] running install
[2.480s] running install_lib
[2.482s] running install_data
[2.483s] running install_egg_info
[2.485s] removing '/home/vatsan/robo/src/ros2_learners/install/my_robot_controller/lib/python3.10/site-packages/my_robot_controller-0.0.0-py3.10.egg-info' (and everything under it)
[2.485s] Copying ../build/my_robot_controller/my_robot_controller.egg-info to /home/vatsan/robo/src/ros2_learners/install/my_robot_controller/lib/python3.10/site-packages/my_robot_controller-0.0.0-py3.10.egg-info
[2.487s] running install_scripts
[2.519s] Installing DDPG script to /home/vatsan/robo/src/ros2_learners/install/my_robot_controller/lib/my_robot_controller
[2.519s] Installing common_def script to /home/vatsan/robo/src/ros2_learners/install/my_robot_controller/lib/my_robot_controller
[2.519s] Installing ddpg script to /home/vatsan/robo/src/ros2_learners/install/my_robot_controller/lib/my_robot_controller
[2.520s] Installing draw_circle script to /home/vatsan/robo/src/ros2_learners/install/my_robot_controller/lib/my_robot_controller
[2.520s] Installing number_count script to /home/vatsan/robo/src/ros2_learners/install/my_robot_controller/lib/my_robot_controller
[2.520s] Installing number_publish script to /home/vatsan/robo/src/ros2_learners/install/my_robot_controller/lib/my_robot_controller
[2.520s] Installing pose_publish script to /home/vatsan/robo/src/ros2_learners/install/my_robot_controller/lib/my_robot_controller
[2.520s] Installing pose_subscribe script to /home/vatsan/robo/src/ros2_learners/install/my_robot_controller/lib/my_robot_controller
[2.520s] Installing q_learning script to /home/vatsan/robo/src/ros2_learners/install/my_robot_controller/lib/my_robot_controller
[2.520s] Installing reset_count script to /home/vatsan/robo/src/ros2_learners/install/my_robot_controller/lib/my_robot_controller
[2.520s] Installing test_node script to /home/vatsan/robo/src/ros2_learners/install/my_robot_controller/lib/my_robot_controller
[2.520s] Installing updated_keras_ddpg script to /home/vatsan/robo/src/ros2_learners/install/my_robot_controller/lib/my_robot_controller
[2.521s] writing list of installed files to '/home/vatsan/robo/src/ros2_learners/build/my_robot_controller/install.log'
[2.577s] Invoked command in '/home/vatsan/robo/src/ros2_learners/my_robot_controller' returned '0': DEBUGINFOD_URLS=https://debuginfod.ubuntu.com PYTHONPATH=/home/vatsan/robo/src/ros2_learners/build/my_robot_controller/prefix_override:/usr/lib/python3/dist-packages/colcon_core/task/python/colcon_distutils_commands:/home/vatsan/robo/src/ros2_learners/install/my_robot_controller/lib/python3.10/site-packages:${PYTHONPATH} /usr/bin/python3 -W ignore:setup.py install is deprecated -W ignore:easy_install command is deprecated setup.py egg_info --egg-base ../build/my_robot_controller build --build-base /home/vatsan/robo/src/ros2_learners/build/my_robot_controller/build install --record /home/vatsan/robo/src/ros2_learners/build/my_robot_controller/install.log --single-version-externally-managed install_data
