[100%] Built target clustering
[100%] Built target planner_seg
[100%] Built target voxeling
-- Install configuration: ""
-- Up-to-date: /home/vatsan/robo/src/ros2_learners/install/point_cloud_perception/lib/point_cloud_perception/voxeling
-- Up-to-date: /home/vatsan/robo/src/ros2_learners/install/point_cloud_perception/lib/point_cloud_perception/planner_seg
-- Up-to-date: /home/vatsan/robo/src/ros2_learners/install/point_cloud_perception/lib/point_cloud_perception/clustering
-- Up-to-date: /home/vatsan/robo/src/ros2_learners/install/point_cloud_perception/share/point_cloud_perception//launch
-- Up-to-date: /home/vatsan/robo/src/ros2_learners/install/point_cloud_perception/share/point_cloud_perception//launch/3d_depth_mapping_rtab7.launch.py
-- Up-to-date: /home/vatsan/robo/src/ros2_learners/install/point_cloud_perception/share/point_cloud_perception//launch/3d_depth_mapping_rtab10.launch.py
-- Up-to-date: /home/vatsan/robo/src/ros2_learners/install/point_cloud_perception/share/point_cloud_perception//launch/3d_depth_mapping_rtab5.launch.py
-- Up-to-date: /home/vatsan/robo/src/ros2_learners/install/point_cloud_perception/share/point_cloud_perception//launch/rtab_mapping.launch.py
-- Up-to-date: /home/vatsan/robo/src/ros2_learners/install/point_cloud_perception/share/point_cloud_perception//launch/3d_depth_mapping_rtab3.launch.py
-- Up-to-date: /home/vatsan/robo/src/ros2_learners/install/point_cloud_perception/share/point_cloud_perception//launch/3d_depth_mapping_rtab2.launch.py
-- Up-to-date: /home/vatsan/robo/src/ros2_learners/install/point_cloud_perception/share/point_cloud_perception//launch/3d_depth_mapping_rtab8.launch.py
-- Up-to-date: /home/vatsan/robo/src/ros2_learners/install/point_cloud_perception/share/point_cloud_perception//launch/3d_depth_mapping_rtab14.launch.py
-- Up-to-date: /home/vatsan/robo/src/ros2_learners/install/point_cloud_perception/share/point_cloud_perception//launch/3d_depth_mapping_rtab9.launch.py
-- Up-to-date: /home/vatsan/robo/src/ros2_learners/install/point_cloud_perception/share/point_cloud_perception//launch/3d_depth_mapping_rtab4.launch.py
-- Up-to-date: /home/vatsan/robo/src/ros2_learners/install/point_cloud_perception/share/point_cloud_perception//launch/3d_depth_mapping_rtab15.launch.py
-- Up-to-date: /home/vatsan/robo/src/ros2_learners/install/point_cloud_perception/share/point_cloud_perception//launch/3d_depth_mapping_rtab12.launch.py
-- Up-to-date: /home/vatsan/robo/src/ros2_learners/install/point_cloud_perception/share/point_cloud_perception//launch/3d_depth_mapping_rtab6.launch.py
-- Up-to-date: /home/vatsan/robo/src/ros2_learners/install/point_cloud_perception/share/point_cloud_perception//launch/3d_depth_mapping_rtab.launch.py
-- Up-to-date: /home/vatsan/robo/src/ros2_learners/install/point_cloud_perception/share/point_cloud_perception//launch/3d_depth_mapping_rtab13.launch.py
-- Up-to-date: /home/vatsan/robo/src/ros2_learners/install/point_cloud_perception/share/point_cloud_perception//launch/3d_depth_mapping_rtab11.launch.py
-- Up-to-date: /home/vatsan/robo/src/ros2_learners/install/point_cloud_perception/share/point_cloud_perception//launch/3d_depth_mapping_rtab1.launch.py
-- Up-to-date: /home/vatsan/robo/src/ros2_learners/install/point_cloud_perception/share/ament_index/resource_index/package_run_dependencies/point_cloud_perception
-- Up-to-date: /home/vatsan/robo/src/ros2_learners/install/point_cloud_perception/share/ament_index/resource_index/parent_prefix_path/point_cloud_perception
-- Up-to-date: /home/vatsan/robo/src/ros2_learners/install/point_cloud_perception/share/point_cloud_perception/environment/ament_prefix_path.sh
-- Up-to-date: /home/vatsan/robo/src/ros2_learners/install/point_cloud_perception/share/point_cloud_perception/environment/ament_prefix_path.dsv
-- Up-to-date: /home/vatsan/robo/src/ros2_learners/install/point_cloud_perception/share/point_cloud_perception/environment/path.sh
-- Up-to-date: /home/vatsan/robo/src/ros2_learners/install/point_cloud_perception/share/point_cloud_perception/environment/path.dsv
-- Up-to-date: /home/vatsan/robo/src/ros2_learners/install/point_cloud_perception/share/point_cloud_perception/local_setup.bash
-- Up-to-date: /home/vatsan/robo/src/ros2_learners/install/point_cloud_perception/share/point_cloud_perception/local_setup.sh
-- Up-to-date: /home/vatsan/robo/src/ros2_learners/install/point_cloud_perception/share/point_cloud_perception/local_setup.zsh
-- Up-to-date: /home/vatsan/robo/src/ros2_learners/install/point_cloud_perception/share/point_cloud_perception/local_setup.dsv
-- Installing: /home/vatsan/robo/src/ros2_learners/install/point_cloud_perception/share/point_cloud_perception/package.dsv
-- Up-to-date: /home/vatsan/robo/src/ros2_learners/install/point_cloud_perception/share/ament_index/resource_index/packages/point_cloud_perception
-- Up-to-date: /home/vatsan/robo/src/ros2_learners/install/point_cloud_perception/share/point_cloud_perception/cmake/point_cloud_perceptionConfig.cmake
-- Up-to-date: /home/vatsan/robo/src/ros2_learners/install/point_cloud_perception/share/point_cloud_perception/cmake/point_cloud_perceptionConfig-version.cmake
-- Up-to-date: /home/vatsan/robo/src/ros2_learners/install/point_cloud_perception/share/point_cloud_perception/package.xml
