[0.489s] Invoking command in '/home/vatsan/robo/src/ros2_learners/build/point_cloud_perception': CMAKE_PREFIX_PATH=/opt/ros/humble DEBUGINFOD_URLS=https://debuginfod.ubuntu.com /home/vatsan/.local/bin/cmake --build /home/vatsan/robo/src/ros2_learners/build/point_cloud_perception -- -j8 -l8
[0.735s] [100%] Built target clustering
[0.736s] [100%] Built target planner_seg
[0.736s] [100%] Built target voxeling
[0.799s] Invoked command in '/home/vatsan/robo/src/ros2_learners/build/point_cloud_perception' returned '0': CMAKE_PREFIX_PATH=/opt/ros/humble DEBUGINFOD_URLS=https://debuginfod.ubuntu.com /home/vatsan/.local/bin/cmake --build /home/vatsan/robo/src/ros2_learners/build/point_cloud_perception -- -j8 -l8
[0.801s] Invoking command in '/home/vatsan/robo/src/ros2_learners/build/point_cloud_perception': CMAKE_PREFIX_PATH=/opt/ros/humble DEBUGINFOD_URLS=https://debuginfod.ubuntu.com /home/vatsan/.local/bin/cmake --install /home/vatsan/robo/src/ros2_learners/build/point_cloud_perception
[0.902s] -- Install configuration: ""
[0.904s] -- Up-to-date: /home/vatsan/robo/src/ros2_learners/install/point_cloud_perception/lib/point_cloud_perception/voxeling
[0.907s] -- Up-to-date: /home/vatsan/robo/src/ros2_learners/install/point_cloud_perception/lib/point_cloud_perception/planner_seg
[0.907s] -- Up-to-date: /home/vatsan/robo/src/ros2_learners/install/point_cloud_perception/lib/point_cloud_perception/clustering
[0.908s] -- Up-to-date: /home/vatsan/robo/src/ros2_learners/install/point_cloud_perception/share/point_cloud_perception//launch
[0.909s] -- Up-to-date: /home/vatsan/robo/src/ros2_learners/install/point_cloud_perception/share/point_cloud_perception//launch/3d_depth_mapping_rtab7.launch.py
[0.909s] -- Up-to-date: /home/vatsan/robo/src/ros2_learners/install/point_cloud_perception/share/point_cloud_perception//launch/3d_depth_mapping_rtab10.launch.py
[0.909s] -- Up-to-date: /home/vatsan/robo/src/ros2_learners/install/point_cloud_perception/share/point_cloud_perception//launch/3d_depth_mapping_rtab5.launch.py
[0.909s] -- Up-to-date: /home/vatsan/robo/src/ros2_learners/install/point_cloud_perception/share/point_cloud_perception//launch/rtab_mapping.launch.py
[0.909s] -- Up-to-date: /home/vatsan/robo/src/ros2_learners/install/point_cloud_perception/share/point_cloud_perception//launch/3d_depth_mapping_rtab3.launch.py
[0.909s] -- Up-to-date: /home/vatsan/robo/src/ros2_learners/install/point_cloud_perception/share/point_cloud_perception//launch/3d_depth_mapping_rtab2.launch.py
[0.909s] -- Up-to-date: /home/vatsan/robo/src/ros2_learners/install/point_cloud_perception/share/point_cloud_perception//launch/3d_depth_mapping_rtab8.launch.py
[0.910s] -- Up-to-date: /home/vatsan/robo/src/ros2_learners/install/point_cloud_perception/share/point_cloud_perception//launch/3d_depth_mapping_rtab14.launch.py
[0.910s] -- Up-to-date: /home/vatsan/robo/src/ros2_learners/install/point_cloud_perception/share/point_cloud_perception//launch/3d_depth_mapping_rtab9.launch.py
[0.910s] -- Up-to-date: /home/vatsan/robo/src/ros2_learners/install/point_cloud_perception/share/point_cloud_perception//launch/3d_depth_mapping_rtab4.launch.py
[0.910s] -- Up-to-date: /home/vatsan/robo/src/ros2_learners/install/point_cloud_perception/share/point_cloud_perception//launch/3d_depth_mapping_rtab15.launch.py
[0.910s] -- Up-to-date: /home/vatsan/robo/src/ros2_learners/install/point_cloud_perception/share/point_cloud_perception//launch/3d_depth_mapping_rtab12.launch.py
[0.910s] -- Up-to-date: /home/vatsan/robo/src/ros2_learners/install/point_cloud_perception/share/point_cloud_perception//launch/3d_depth_mapping_rtab6.launch.py
[0.911s] -- Up-to-date: /home/vatsan/robo/src/ros2_learners/install/point_cloud_perception/share/point_cloud_perception//launch/3d_depth_mapping_rtab.launch.py
[0.911s] -- Up-to-date: /home/vatsan/robo/src/ros2_learners/install/point_cloud_perception/share/point_cloud_perception//launch/3d_depth_mapping_rtab13.launch.py
[0.912s] -- Up-to-date: /home/vatsan/robo/src/ros2_learners/install/point_cloud_perception/share/point_cloud_perception//launch/3d_depth_mapping_rtab11.launch.py
[0.912s] -- Up-to-date: /home/vatsan/robo/src/ros2_learners/install/point_cloud_perception/share/point_cloud_perception//launch/3d_depth_mapping_rtab1.launch.py
[0.912s] -- Up-to-date: /home/vatsan/robo/src/ros2_learners/install/point_cloud_perception/share/ament_index/resource_index/package_run_dependencies/point_cloud_perception
[0.912s] -- Up-to-date: /home/vatsan/robo/src/ros2_learners/install/point_cloud_perception/share/ament_index/resource_index/parent_prefix_path/point_cloud_perception
[0.912s] -- Up-to-date: /home/vatsan/robo/src/ros2_learners/install/point_cloud_perception/share/point_cloud_perception/environment/ament_prefix_path.sh
[0.912s] -- Up-to-date: /home/vatsan/robo/src/ros2_learners/install/point_cloud_perception/share/point_cloud_perception/environment/ament_prefix_path.dsv
[0.912s] -- Up-to-date: /home/vatsan/robo/src/ros2_learners/install/point_cloud_perception/share/point_cloud_perception/environment/path.sh
[0.912s] -- Up-to-date: /home/vatsan/robo/src/ros2_learners/install/point_cloud_perception/share/point_cloud_perception/environment/path.dsv
[0.913s] -- Up-to-date: /home/vatsan/robo/src/ros2_learners/install/point_cloud_perception/share/point_cloud_perception/local_setup.bash
[0.913s] -- Up-to-date: /home/vatsan/robo/src/ros2_learners/install/point_cloud_perception/share/point_cloud_perception/local_setup.sh
[0.913s] -- Up-to-date: /home/vatsan/robo/src/ros2_learners/install/point_cloud_perception/share/point_cloud_perception/local_setup.zsh
[0.913s] -- Up-to-date: /home/vatsan/robo/src/ros2_learners/install/point_cloud_perception/share/point_cloud_perception/local_setup.dsv
[0.914s] -- Installing: /home/vatsan/robo/src/ros2_learners/install/point_cloud_perception/share/point_cloud_perception/package.dsv
[0.915s] -- Up-to-date: /home/vatsan/robo/src/ros2_learners/install/point_cloud_perception/share/ament_index/resource_index/packages/point_cloud_perception
[0.915s] -- Up-to-date: /home/vatsan/robo/src/ros2_learners/install/point_cloud_perception/share/point_cloud_perception/cmake/point_cloud_perceptionConfig.cmake
[0.915s] -- Up-to-date: /home/vatsan/robo/src/ros2_learners/install/point_cloud_perception/share/point_cloud_perception/cmake/point_cloud_perceptionConfig-version.cmake
[0.915s] -- Up-to-date: /home/vatsan/robo/src/ros2_learners/install/point_cloud_perception/share/point_cloud_perception/package.xml
[0.946s] Invoked command in '/home/vatsan/robo/src/ros2_learners/build/point_cloud_perception' returned '0': CMAKE_PREFIX_PATH=/opt/ros/humble DEBUGINFOD_URLS=https://debuginfod.ubuntu.com /home/vatsan/.local/bin/cmake --install /home/vatsan/robo/src/ros2_learners/build/point_cloud_perception
