[0.256s] Invoking command in '/home/vatsan/robo/src/ros2_learners/build/nodes': CMAKE_PREFIX_PATH=${CMAKE_PREFIX_PATH}:/home/vatsan/robo/src/ros2_learners/install/stamp:/home/vatsan/robo/src/ros2_learners/install/robot_math:/home/vatsan/robo/src/ros2_learners/install/pc:/home/vatsan/robo/src/ros2_learners/install/my_robot_controller:/opt/ros/humble DEBUGINFOD_URLS=https://debuginfod.ubuntu.com /home/vatsan/.local/bin/cmake --build /home/vatsan/robo/src/ros2_learners/build/nodes -- -j8 -l8
[0.756s] [ 33%] Built target pub_node
[0.756s] [ 66%] Built target laser_pub
[0.756s] [100%] Built target sub_node
[0.757s] Invoked command in '/home/vatsan/robo/src/ros2_learners/build/nodes' returned '0': CMAKE_PREFIX_PATH=${CMAKE_PREFIX_PATH}:/home/vatsan/robo/src/ros2_learners/install/stamp:/home/vatsan/robo/src/ros2_learners/install/robot_math:/home/vatsan/robo/src/ros2_learners/install/pc:/home/vatsan/robo/src/ros2_learners/install/my_robot_controller:/opt/ros/humble DEBUGINFOD_URLS=https://debuginfod.ubuntu.com /home/vatsan/.local/bin/cmake --build /home/vatsan/robo/src/ros2_learners/build/nodes -- -j8 -l8
[0.822s] Invoking command in '/home/vatsan/robo/src/ros2_learners/build/nodes': CMAKE_PREFIX_PATH=${CMAKE_PREFIX_PATH}:/home/vatsan/robo/src/ros2_learners/install/stamp:/home/vatsan/robo/src/ros2_learners/install/robot_math:/home/vatsan/robo/src/ros2_learners/install/pc:/home/vatsan/robo/src/ros2_learners/install/my_robot_controller:/opt/ros/humble DEBUGINFOD_URLS=https://debuginfod.ubuntu.com /home/vatsan/.local/bin/cmake --install /home/vatsan/robo/src/ros2_learners/build/nodes
[0.970s] -- Install configuration: ""
[0.970s] -- Up-to-date: /home/vatsan/robo/src/ros2_learners/install/nodes/lib/nodes/pub_node
[0.971s] -- Up-to-date: /home/vatsan/robo/src/ros2_learners/install/nodes/lib/nodes/sub_node
[0.971s] -- Up-to-date: /home/vatsan/robo/src/ros2_learners/install/nodes/lib/nodes/laser_pub
[0.971s] -- Up-to-date: /home/vatsan/robo/src/ros2_learners/install/nodes/share/ament_index/resource_index/package_run_dependencies/nodes
[0.971s] -- Up-to-date: /home/vatsan/robo/src/ros2_learners/install/nodes/share/ament_index/resource_index/parent_prefix_path/nodes
[0.971s] -- Up-to-date: /home/vatsan/robo/src/ros2_learners/install/nodes/share/nodes/environment/ament_prefix_path.sh
[0.971s] -- Up-to-date: /home/vatsan/robo/src/ros2_learners/install/nodes/share/nodes/environment/ament_prefix_path.dsv
[0.971s] -- Up-to-date: /home/vatsan/robo/src/ros2_learners/install/nodes/share/nodes/environment/path.sh
[0.971s] -- Up-to-date: /home/vatsan/robo/src/ros2_learners/install/nodes/share/nodes/environment/path.dsv
[0.971s] -- Up-to-date: /home/vatsan/robo/src/ros2_learners/install/nodes/share/nodes/local_setup.bash
[0.979s] -- Up-to-date: /home/vatsan/robo/src/ros2_learners/install/nodes/share/nodes/local_setup.sh
[0.979s] -- Up-to-date: /home/vatsan/robo/src/ros2_learners/install/nodes/share/nodes/local_setup.zsh
[0.979s] -- Up-to-date: /home/vatsan/robo/src/ros2_learners/install/nodes/share/nodes/local_setup.dsv
[0.979s] -- Installing: /home/vatsan/robo/src/ros2_learners/install/nodes/share/nodes/package.dsv
[0.979s] -- Up-to-date: /home/vatsan/robo/src/ros2_learners/install/nodes/share/ament_index/resource_index/packages/nodes
[0.979s] -- Up-to-date: /home/vatsan/robo/src/ros2_learners/install/nodes/share/nodes/cmake/nodesConfig.cmake
[0.979s] -- Up-to-date: /home/vatsan/robo/src/ros2_learners/install/nodes/share/nodes/cmake/nodesConfig-version.cmake
[0.979s] -- Up-to-date: /home/vatsan/robo/src/ros2_learners/install/nodes/share/nodes/package.xml
[0.996s] Invoked command in '/home/vatsan/robo/src/ros2_learners/build/nodes' returned '0': CMAKE_PREFIX_PATH=${CMAKE_PREFIX_PATH}:/home/vatsan/robo/src/ros2_learners/install/stamp:/home/vatsan/robo/src/ros2_learners/install/robot_math:/home/vatsan/robo/src/ros2_learners/install/pc:/home/vatsan/robo/src/ros2_learners/install/my_robot_controller:/opt/ros/humble DEBUGINFOD_URLS=https://debuginfod.ubuntu.com /home/vatsan/.local/bin/cmake --install /home/vatsan/robo/src/ros2_learners/build/nodes
