[ 33%] Built target pub_node
[ 66%] Built target sub_node
[100%] Built target laser_pub
-- Install configuration: ""
-- Up-to-date: /home/vatsan/robo/src/ros2_learners/install/nodes/lib/nodes/pub_node
-- Up-to-date: /home/vatsan/robo/src/ros2_learners/install/nodes/lib/nodes/sub_node
-- Up-to-date: /home/vatsan/robo/src/ros2_learners/install/nodes/lib/nodes/laser_pub
-- Up-to-date: /home/vatsan/robo/src/ros2_learners/install/nodes/share/ament_index/resource_index/package_run_dependencies/nodes
-- Up-to-date: /home/vatsan/robo/src/ros2_learners/install/nodes/share/ament_index/resource_index/parent_prefix_path/nodes
-- Up-to-date: /home/vatsan/robo/src/ros2_learners/install/nodes/share/nodes/environment/ament_prefix_path.sh
-- Up-to-date: /home/vatsan/robo/src/ros2_learners/install/nodes/share/nodes/environment/ament_prefix_path.dsv
-- Up-to-date: /home/vatsan/robo/src/ros2_learners/install/nodes/share/nodes/environment/path.sh
-- Up-to-date: /home/vatsan/robo/src/ros2_learners/install/nodes/share/nodes/environment/path.dsv
-- Up-to-date: /home/vatsan/robo/src/ros2_learners/install/nodes/share/nodes/local_setup.bash
-- Up-to-date: /home/vatsan/robo/src/ros2_learners/install/nodes/share/nodes/local_setup.sh
-- Up-to-date: /home/vatsan/robo/src/ros2_learners/install/nodes/share/nodes/local_setup.zsh
-- Up-to-date: /home/vatsan/robo/src/ros2_learners/install/nodes/share/nodes/local_setup.dsv
-- Installing: /home/vatsan/robo/src/ros2_learners/install/nodes/share/nodes/package.dsv
-- Up-to-date: /home/vatsan/robo/src/ros2_learners/install/nodes/share/ament_index/resource_index/packages/nodes
-- Up-to-date: /home/vatsan/robo/src/ros2_learners/install/nodes/share/nodes/cmake/nodesConfig.cmake
-- Up-to-date: /home/vatsan/robo/src/ros2_learners/install/nodes/share/nodes/cmake/nodesConfig-version.cmake
-- Up-to-date: /home/vatsan/robo/src/ros2_learners/install/nodes/share/nodes/package.xml
