[0mCMake Deprecation Warning at CMakeLists.txt:1 (cmake_minimum_required):
  Compatibility with CMake < 3.10 will be removed from a future version of
  CMake.

  Update the VERSION argument <min> value.  Or, use the <min>...<max> syntax
  to tell CMake that the project requires at least <min> but has been updated
  to work with policies introduced by <max> or earlier.

[0m
-- The C compiler identification is GNU 11.4.0
-- The CXX compiler identification is GNU 11.4.0
-- Detecting C compiler ABI info
-- Detecting C compiler ABI info - done
-- Check for working C compiler: /usr/bin/cc - skipped
-- Detecting C compile features
-- Detecting C compile features - done
-- Detecting CXX compiler ABI info
-- Detecting CXX compiler ABI info - done
-- Check for working CXX compiler: /usr/bin/c++ - skipped
-- Detecting CXX compile features
-- Detecting CXX compile features - done
-- Found ament_cmake: 1.3.10 (/opt/ros/humble/share/ament_cmake/cmake)
-- Found Python3: /usr/bin/python3 (found version "3.10.12") found components: Interpreter
-- Found rclcpp: 16.0.10 (/opt/ros/humble/share/rclcpp/cmake)
-- Found rosidl_generator_c: 3.1.5 (/opt/ros/humble/share/rosidl_generator_c/cmake)
-- Found rosidl_adapter: 3.1.5 (/opt/ros/humble/share/rosidl_adapter/cmake)
-- Found rosidl_generator_cpp: 3.1.5 (/opt/ros/humble/share/rosidl_generator_cpp/cmake)
-- Using all available rosidl_typesupport_c: rosidl_typesupport_fastrtps_c;rosidl_typesupport_introspection_c
-- Using all available rosidl_typesupport_cpp: rosidl_typesupport_fastrtps_cpp;rosidl_typesupport_introspection_cpp
-- Found rmw_implementation_cmake: 6.1.2 (/opt/ros/humble/share/rmw_implementation_cmake/cmake)
-- Found rmw_fastrtps_cpp: 6.2.7 (/opt/ros/humble/share/rmw_fastrtps_cpp/cmake)
-- Found OpenSSL: /usr/lib/x86_64-linux-gnu/libcrypto.so (found version "3.0.2")
-- Found FastRTPS: /opt/ros/humble/include
-- Using RMW implementation 'rmw_fastrtps_cpp' as default
-- Performing Test CMAKE_HAVE_LIBC_PTHREAD
-- Performing Test CMAKE_HAVE_LIBC_PTHREAD - Success
-- Found Threads: TRUE
-- Found tf2_ros: 0.25.8 (/opt/ros/humble/share/tf2_ros/cmake)
-- Found ament_lint_auto: 0.12.11 (/opt/ros/humble/share/ament_lint_auto/cmake)
-- Added test 'cppcheck' to perform static code analysis on C / C++ code
-- Configured cppcheck include dirs: 
-- Configured cppcheck exclude dirs and/or files: 
-- Added test 'flake8' to check Python code syntax and style conventions
-- Added test 'lint_cmake' to check CMake code style
-- Added test 'pep257' to check Python code against some of the docstring style conventions in PEP 257
-- Added test 'uncrustify' to check C / C++ code style
-- Configured uncrustify additional arguments: 
-- Added test 'xmllint' to check XML markup files
-- Configuring done (1.9s)
-- Generating done (0.0s)
-- Build files have been written to: /home/vatsan/robo/src/ros2_learners/build/transforms
[ 10%] [32mBuilding CXX object CMakeFiles/translation_frame.dir/src/translation_frame.cpp.o[0m
[ 20%] [32mBuilding CXX object CMakeFiles/rotation_frame.dir/src/rotation_frame.cpp.o[0m
[ 30%] [32mBuilding CXX object CMakeFiles/frame_chains.dir/src/frame_chains.cpp.o[0m
[ 40%] [32mBuilding CXX object CMakeFiles/transform_order.dir/src/transform_order.cpp.o[0m
[ 50%] [32mBuilding CXX object CMakeFiles/static_dynamic_frame.dir/src/static_dynamic_frame.cpp.o[0m
[ 60%] [32m[1mLinking CXX executable frame_chains[0m
[ 70%] [32m[1mLinking CXX executable translation_frame[0m
[ 70%] Built target frame_chains
[ 70%] Built target translation_frame
[ 80%] [32m[1mLinking CXX executable rotation_frame[0m
[ 90%] [32m[1mLinking CXX executable static_dynamic_frame[0m
[ 90%] Built target rotation_frame
[ 90%] Built target static_dynamic_frame
[100%] [32m[1mLinking CXX executable transform_order[0m
[100%] Built target transform_order
-- Install configuration: ""
-- Installing: /home/vatsan/robo/src/ros2_learners/install/transforms/lib/transforms/translation_frame
-- Set non-toolchain portion of runtime path of "/home/vatsan/robo/src/ros2_learners/install/transforms/lib/transforms/translation_frame" to ""
-- Installing: /home/vatsan/robo/src/ros2_learners/install/transforms/lib/transforms/rotation_frame
-- Set non-toolchain portion of runtime path of "/home/vatsan/robo/src/ros2_learners/install/transforms/lib/transforms/rotation_frame" to ""
-- Installing: /home/vatsan/robo/src/ros2_learners/install/transforms/lib/transforms/transform_order
-- Set non-toolchain portion of runtime path of "/home/vatsan/robo/src/ros2_learners/install/transforms/lib/transforms/transform_order" to ""
-- Installing: /home/vatsan/robo/src/ros2_learners/install/transforms/lib/transforms/frame_chains
-- Set non-toolchain portion of runtime path of "/home/vatsan/robo/src/ros2_learners/install/transforms/lib/transforms/frame_chains" to ""
-- Installing: /home/vatsan/robo/src/ros2_learners/install/transforms/lib/transforms/static_dynamic_frame
-- Set non-toolchain portion of runtime path of "/home/vatsan/robo/src/ros2_learners/install/transforms/lib/transforms/static_dynamic_frame" to ""
-- Installing: /home/vatsan/robo/src/ros2_learners/install/transforms/share/transforms/launch
-- Installing: /home/vatsan/robo/src/ros2_learners/install/transforms/share/transforms/launch/rviz.launch.py
-- Installing: /home/vatsan/robo/src/ros2_learners/install/transforms/share/transforms/launch/gazebo.launch.py
-- Installing: /home/vatsan/robo/src/ros2_learners/install/transforms/share/transforms/urdf
-- Installing: /home/vatsan/robo/src/ros2_learners/install/transforms/share/transforms/urdf/diff_drive.urdf
-- Installing: /home/vatsan/robo/src/ros2_learners/install/transforms/share/transforms/config
-- Installing: /home/vatsan/robo/src/ros2_learners/install/transforms/share/transforms/config/urdf_view.rviz
-- Installing: /home/vatsan/robo/src/ros2_learners/install/transforms/share/ament_index/resource_index/package_run_dependencies/transforms
-- Installing: /home/vatsan/robo/src/ros2_learners/install/transforms/share/ament_index/resource_index/parent_prefix_path/transforms
-- Installing: /home/vatsan/robo/src/ros2_learners/install/transforms/share/transforms/environment/ament_prefix_path.sh
-- Installing: /home/vatsan/robo/src/ros2_learners/install/transforms/share/transforms/environment/ament_prefix_path.dsv
-- Installing: /home/vatsan/robo/src/ros2_learners/install/transforms/share/transforms/environment/path.sh
-- Installing: /home/vatsan/robo/src/ros2_learners/install/transforms/share/transforms/environment/path.dsv
-- Installing: /home/vatsan/robo/src/ros2_learners/install/transforms/share/transforms/local_setup.bash
-- Installing: /home/vatsan/robo/src/ros2_learners/install/transforms/share/transforms/local_setup.sh
-- Installing: /home/vatsan/robo/src/ros2_learners/install/transforms/share/transforms/local_setup.zsh
-- Installing: /home/vatsan/robo/src/ros2_learners/install/transforms/share/transforms/local_setup.dsv
-- Installing: /home/vatsan/robo/src/ros2_learners/install/transforms/share/transforms/package.dsv
-- Installing: /home/vatsan/robo/src/ros2_learners/install/transforms/share/ament_index/resource_index/packages/transforms
-- Installing: /home/vatsan/robo/src/ros2_learners/install/transforms/share/transforms/cmake/transformsConfig.cmake
-- Installing: /home/vatsan/robo/src/ros2_learners/install/transforms/share/transforms/cmake/transformsConfig-version.cmake
-- Installing: /home/vatsan/robo/src/ros2_learners/install/transforms/share/transforms/package.xml
