[0.973s] Invoking command in '/home/vatsan/robo/src/ros2_learners/build/transforms': CMAKE_PREFIX_PATH=/opt/ros/humble DEBUGINFOD_URLS=https://debuginfod.ubuntu.com /home/vatsan/.local/bin/cmake /home/vatsan/robo/src/ros2_learners/transforms -DCMAKE_INSTALL_PREFIX=/home/vatsan/robo/src/ros2_learners/install/transforms
[1.071s] [0mCMake Deprecation Warning at CMakeLists.txt:1 (cmake_minimum_required):
[1.071s]   Compatibility with CMake < 3.10 will be removed from a future version of
[1.071s]   CMake.
[1.071s] 
[1.071s]   Update the VERSION argument <min> value.  Or, use the <min>...<max> syntax
[1.071s]   to tell CMake that the project requires at least <min> but has been updated
[1.072s]   to work with policies introduced by <max> or earlier.
[1.072s] 
[1.072s] [0m
[1.130s] -- The C compiler identification is GNU 11.4.0
[1.199s] -- The CXX compiler identification is GNU 11.4.0
[1.211s] -- Detecting C compiler ABI info
[1.278s] -- Detecting C compiler ABI info - done
[1.304s] -- Check for working C compiler: /usr/bin/cc - skipped
[1.305s] -- Detecting C compile features
[1.305s] -- Detecting C compile features - done
[1.319s] -- Detecting CXX compiler ABI info
[1.402s] -- Detecting CXX compiler ABI info - done
[1.428s] -- Check for working CXX compiler: /usr/bin/c++ - skipped
[1.428s] -- Detecting CXX compile features
[1.428s] -- Detecting CXX compile features - done
[1.441s] -- Found ament_cmake: 1.3.10 (/opt/ros/humble/share/ament_cmake/cmake)
[1.658s] -- Found Python3: /usr/bin/python3 (found version "3.10.12") found components: Interpreter
[1.909s] -- Found rclcpp: 16.0.10 (/opt/ros/humble/share/rclcpp/cmake)
[2.054s] -- Found rosidl_generator_c: 3.1.5 (/opt/ros/humble/share/rosidl_generator_c/cmake)
[2.065s] -- Found rosidl_adapter: 3.1.5 (/opt/ros/humble/share/rosidl_adapter/cmake)
[2.097s] -- Found rosidl_generator_cpp: 3.1.5 (/opt/ros/humble/share/rosidl_generator_cpp/cmake)
[2.124s] -- Using all available rosidl_typesupport_c: rosidl_typesupport_fastrtps_c;rosidl_typesupport_introspection_c
[2.154s] -- Using all available rosidl_typesupport_cpp: rosidl_typesupport_fastrtps_cpp;rosidl_typesupport_introspection_cpp
[2.234s] -- Found rmw_implementation_cmake: 6.1.2 (/opt/ros/humble/share/rmw_implementation_cmake/cmake)
[2.238s] -- Found rmw_fastrtps_cpp: 6.2.7 (/opt/ros/humble/share/rmw_fastrtps_cpp/cmake)
[2.381s] -- Found OpenSSL: /usr/lib/x86_64-linux-gnu/libcrypto.so (found version "3.0.2")
[2.423s] -- Found FastRTPS: /opt/ros/humble/include
[2.481s] -- Using RMW implementation 'rmw_fastrtps_cpp' as default
[2.492s] -- Performing Test CMAKE_HAVE_LIBC_PTHREAD
[2.572s] -- Performing Test CMAKE_HAVE_LIBC_PTHREAD - Success
[2.573s] -- Found Threads: TRUE
[2.680s] -- Found tf2_ros: 0.25.8 (/opt/ros/humble/share/tf2_ros/cmake)
[2.870s] -- Found ament_lint_auto: 0.12.11 (/opt/ros/humble/share/ament_lint_auto/cmake)
[2.950s] -- Added test 'cppcheck' to perform static code analysis on C / C++ code
[2.950s] -- Configured cppcheck include dirs: 
[2.950s] -- Configured cppcheck exclude dirs and/or files: 
[2.951s] -- Added test 'flake8' to check Python code syntax and style conventions
[2.952s] -- Added test 'lint_cmake' to check CMake code style
[2.952s] -- Added test 'pep257' to check Python code against some of the docstring style conventions in PEP 257
[2.953s] -- Added test 'uncrustify' to check C / C++ code style
[2.953s] -- Configured uncrustify additional arguments: 
[2.954s] -- Added test 'xmllint' to check XML markup files
[2.958s] -- Configuring done (1.9s)
[2.982s] -- Generating done (0.0s)
[2.990s] -- Build files have been written to: /home/vatsan/robo/src/ros2_learners/build/transforms
[3.003s] Invoked command in '/home/vatsan/robo/src/ros2_learners/build/transforms' returned '0': CMAKE_PREFIX_PATH=/opt/ros/humble DEBUGINFOD_URLS=https://debuginfod.ubuntu.com /home/vatsan/.local/bin/cmake /home/vatsan/robo/src/ros2_learners/transforms -DCMAKE_INSTALL_PREFIX=/home/vatsan/robo/src/ros2_learners/install/transforms
[3.004s] Invoking command in '/home/vatsan/robo/src/ros2_learners/build/transforms': CMAKE_PREFIX_PATH=/opt/ros/humble DEBUGINFOD_URLS=https://debuginfod.ubuntu.com /home/vatsan/.local/bin/cmake --build /home/vatsan/robo/src/ros2_learners/build/transforms -- -j8 -l8
[3.113s] [ 10%] [32mBuilding CXX object CMakeFiles/translation_frame.dir/src/translation_frame.cpp.o[0m
[3.116s] [ 20%] [32mBuilding CXX object CMakeFiles/rotation_frame.dir/src/rotation_frame.cpp.o[0m
[3.118s] [ 30%] [32mBuilding CXX object CMakeFiles/frame_chains.dir/src/frame_chains.cpp.o[0m
[3.120s] [ 40%] [32mBuilding CXX object CMakeFiles/transform_order.dir/src/transform_order.cpp.o[0m
[3.124s] [ 50%] [32mBuilding CXX object CMakeFiles/static_dynamic_frame.dir/src/static_dynamic_frame.cpp.o[0m
[11.218s] [ 60%] [32m[1mLinking CXX executable frame_chains[0m
[11.528s] [ 70%] [32m[1mLinking CXX executable translation_frame[0m
[11.630s] [ 70%] Built target frame_chains
[11.936s] [ 70%] Built target translation_frame
[12.395s] [ 80%] [32m[1mLinking CXX executable rotation_frame[0m
[12.549s] [ 90%] [32m[1mLinking CXX executable static_dynamic_frame[0m
[12.846s] [ 90%] Built target rotation_frame
[12.902s] [ 90%] Built target static_dynamic_frame
[13.550s] [100%] [32m[1mLinking CXX executable transform_order[0m
[13.983s] [100%] Built target transform_order
[14.008s] Invoked command in '/home/vatsan/robo/src/ros2_learners/build/transforms' returned '0': CMAKE_PREFIX_PATH=/opt/ros/humble DEBUGINFOD_URLS=https://debuginfod.ubuntu.com /home/vatsan/.local/bin/cmake --build /home/vatsan/robo/src/ros2_learners/build/transforms -- -j8 -l8
[14.008s] Invoking command in '/home/vatsan/robo/src/ros2_learners/build/transforms': CMAKE_PREFIX_PATH=/opt/ros/humble DEBUGINFOD_URLS=https://debuginfod.ubuntu.com /home/vatsan/.local/bin/cmake --install /home/vatsan/robo/src/ros2_learners/build/transforms
[14.146s] -- Install configuration: ""
[14.146s] -- Installing: /home/vatsan/robo/src/ros2_learners/install/transforms/lib/transforms/translation_frame
[14.146s] -- Set non-toolchain portion of runtime path of "/home/vatsan/robo/src/ros2_learners/install/transforms/lib/transforms/translation_frame" to ""
[14.146s] -- Installing: /home/vatsan/robo/src/ros2_learners/install/transforms/lib/transforms/rotation_frame
[14.146s] -- Set non-toolchain portion of runtime path of "/home/vatsan/robo/src/ros2_learners/install/transforms/lib/transforms/rotation_frame" to ""
[14.146s] -- Installing: /home/vatsan/robo/src/ros2_learners/install/transforms/lib/transforms/transform_order
[14.146s] -- Set non-toolchain portion of runtime path of "/home/vatsan/robo/src/ros2_learners/install/transforms/lib/transforms/transform_order" to ""
[14.146s] -- Installing: /home/vatsan/robo/src/ros2_learners/install/transforms/lib/transforms/frame_chains
[14.148s] -- Set non-toolchain portion of runtime path of "/home/vatsan/robo/src/ros2_learners/install/transforms/lib/transforms/frame_chains" to ""
[14.148s] -- Installing: /home/vatsan/robo/src/ros2_learners/install/transforms/lib/transforms/static_dynamic_frame
[14.149s] -- Set non-toolchain portion of runtime path of "/home/vatsan/robo/src/ros2_learners/install/transforms/lib/transforms/static_dynamic_frame" to ""
[14.149s] -- Installing: /home/vatsan/robo/src/ros2_learners/install/transforms/share/transforms/launch
[14.149s] -- Installing: /home/vatsan/robo/src/ros2_learners/install/transforms/share/transforms/launch/rviz.launch.py
[14.149s] -- Installing: /home/vatsan/robo/src/ros2_learners/install/transforms/share/transforms/launch/gazebo.launch.py
[14.149s] -- Installing: /home/vatsan/robo/src/ros2_learners/install/transforms/share/transforms/urdf
[14.149s] -- Installing: /home/vatsan/robo/src/ros2_learners/install/transforms/share/transforms/urdf/diff_drive.urdf
[14.150s] -- Installing: /home/vatsan/robo/src/ros2_learners/install/transforms/share/transforms/config
[14.150s] -- Installing: /home/vatsan/robo/src/ros2_learners/install/transforms/share/transforms/config/urdf_view.rviz
[14.150s] -- Installing: /home/vatsan/robo/src/ros2_learners/install/transforms/share/ament_index/resource_index/package_run_dependencies/transforms
[14.150s] -- Installing: /home/vatsan/robo/src/ros2_learners/install/transforms/share/ament_index/resource_index/parent_prefix_path/transforms
[14.151s] -- Installing: /home/vatsan/robo/src/ros2_learners/install/transforms/share/transforms/environment/ament_prefix_path.sh
[14.152s] -- Installing: /home/vatsan/robo/src/ros2_learners/install/transforms/share/transforms/environment/ament_prefix_path.dsv
[14.152s] -- Installing: /home/vatsan/robo/src/ros2_learners/install/transforms/share/transforms/environment/path.sh
[14.152s] -- Installing: /home/vatsan/robo/src/ros2_learners/install/transforms/share/transforms/environment/path.dsv
[14.152s] -- Installing: /home/vatsan/robo/src/ros2_learners/install/transforms/share/transforms/local_setup.bash
[14.152s] -- Installing: /home/vatsan/robo/src/ros2_learners/install/transforms/share/transforms/local_setup.sh
[14.152s] -- Installing: /home/vatsan/robo/src/ros2_learners/install/transforms/share/transforms/local_setup.zsh
[14.152s] -- Installing: /home/vatsan/robo/src/ros2_learners/install/transforms/share/transforms/local_setup.dsv
[14.152s] -- Installing: /home/vatsan/robo/src/ros2_learners/install/transforms/share/transforms/package.dsv
[14.155s] -- Installing: /home/vatsan/robo/src/ros2_learners/install/transforms/share/ament_index/resource_index/packages/transforms
[14.155s] -- Installing: /home/vatsan/robo/src/ros2_learners/install/transforms/share/transforms/cmake/transformsConfig.cmake
[14.156s] -- Installing: /home/vatsan/robo/src/ros2_learners/install/transforms/share/transforms/cmake/transformsConfig-version.cmake
[14.156s] -- Installing: /home/vatsan/robo/src/ros2_learners/install/transforms/share/transforms/package.xml
[14.156s] Invoked command in '/home/vatsan/robo/src/ros2_learners/build/transforms' returned '0': CMAKE_PREFIX_PATH=/opt/ros/humble DEBUGINFOD_URLS=https://debuginfod.ubuntu.com /home/vatsan/.local/bin/cmake --install /home/vatsan/robo/src/ros2_learners/build/transforms
