running egg_info
writing ../build/robot_math/robot_math.egg-info/PKG-INFO
writing dependency_links to ../build/robot_math/robot_math.egg-info/dependency_links.txt
writing entry points to ../build/robot_math/robot_math.egg-info/entry_points.txt
writing requirements to ../build/robot_math/robot_math.egg-info/requires.txt
writing top-level names to ../build/robot_math/robot_math.egg-info/top_level.txt
reading manifest file '../build/robot_math/robot_math.egg-info/SOURCES.txt'
writing manifest file '../build/robot_math/robot_math.egg-info/SOURCES.txt'
running build
running build_py
running install
running install_lib
running install_data
running install_egg_info
removing '/home/vatsan/robo/src/ros2_learners/install/robot_math/lib/python3.10/site-packages/robot_math-0.0.0-py3.10.egg-info' (and everything under it)
Copying ../build/robot_math/robot_math.egg-info to /home/vatsan/robo/src/ros2_learners/install/robot_math/lib/python3.10/site-packages/robot_math-0.0.0-py3.10.egg-info
running install_scripts
Installing circle_motion_node script to /home/vatsan/robo/src/ros2_learners/install/robot_math/lib/robot_math
Installing go_To_Goal_node script to /home/vatsan/robo/src/ros2_learners/install/robot_math/lib/robot_math
writing list of installed files to '/home/vatsan/robo/src/ros2_learners/build/robot_math/install.log'
