[1.310s] Invoking command in '/home/vatsan/robo/src/ros2_learners/pc': DEBUGINFOD_URLS=https://debuginfod.ubuntu.com PYTHONPATH=/home/vatsan/robo/src/ros2_learners/build/pc/prefix_override:/usr/lib/python3/dist-packages/colcon_core/task/python/colcon_distutils_commands:/home/vatsan/robo/src/ros2_learners/install/pc/lib/python3.10/site-packages:${PYTHONPATH} /usr/bin/python3 -W ignore:setup.py install is deprecated -W ignore:easy_install command is deprecated setup.py egg_info --egg-base ../build/pc build --build-base /home/vatsan/robo/src/ros2_learners/build/pc/build install --record /home/vatsan/robo/src/ros2_learners/build/pc/install.log --single-version-externally-managed install_data
[1.534s] running egg_info
[1.534s] writing ../build/pc/pc.egg-info/PKG-INFO
[1.534s] writing dependency_links to ../build/pc/pc.egg-info/dependency_links.txt
[1.535s] writing entry points to ../build/pc/pc.egg-info/entry_points.txt
[1.535s] writing requirements to ../build/pc/pc.egg-info/requires.txt
[1.535s] writing top-level names to ../build/pc/pc.egg-info/top_level.txt
[1.536s] reading manifest file '../build/pc/pc.egg-info/SOURCES.txt'
[1.537s] writing manifest file '../build/pc/pc.egg-info/SOURCES.txt'
[1.537s] running build
[1.537s] running build_py
[1.537s] running install
[1.537s] running install_lib
[1.539s] running install_data
[1.539s] running install_egg_info
[1.540s] removing '/home/vatsan/robo/src/ros2_learners/install/pc/lib/python3.10/site-packages/pc-0.0.0-py3.10.egg-info' (and everything under it)
[1.540s] Copying ../build/pc/pc.egg-info to /home/vatsan/robo/src/ros2_learners/install/pc/lib/python3.10/site-packages/pc-0.0.0-py3.10.egg-info
[1.541s] running install_scripts
[1.558s] Installing map_launch script to /home/vatsan/robo/src/ros2_learners/install/pc/lib/pc
[1.558s] writing list of installed files to '/home/vatsan/robo/src/ros2_learners/build/pc/install.log'
[1.579s] Invoked command in '/home/vatsan/robo/src/ros2_learners/pc' returned '0': DEBUGINFOD_URLS=https://debuginfod.ubuntu.com PYTHONPATH=/home/vatsan/robo/src/ros2_learners/build/pc/prefix_override:/usr/lib/python3/dist-packages/colcon_core/task/python/colcon_distutils_commands:/home/vatsan/robo/src/ros2_learners/install/pc/lib/python3.10/site-packages:${PYTHONPATH} /usr/bin/python3 -W ignore:setup.py install is deprecated -W ignore:easy_install command is deprecated setup.py egg_info --egg-base ../build/pc build --build-base /home/vatsan/robo/src/ros2_learners/build/pc/build install --record /home/vatsan/robo/src/ros2_learners/build/pc/install.log --single-version-externally-managed install_data
