running egg_info
creating ../build/pc/pc.egg-info
writing ../build/pc/pc.egg-info/PKG-INFO
writing dependency_links to ../build/pc/pc.egg-info/dependency_links.txt
writing entry points to ../build/pc/pc.egg-info/entry_points.txt
writing requirements to ../build/pc/pc.egg-info/requires.txt
writing top-level names to ../build/pc/pc.egg-info/top_level.txt
writing manifest file '../build/pc/pc.egg-info/SOURCES.txt'
reading manifest file '../build/pc/pc.egg-info/SOURCES.txt'
writing manifest file '../build/pc/pc.egg-info/SOURCES.txt'
running build
running build_py
creating /home/vatsan/robo/src/ros2_learners/build/pc/build
creating /home/vatsan/robo/src/ros2_learners/build/pc/build/lib
creating /home/vatsan/robo/src/ros2_learners/build/pc/build/lib/pc
copying pc/point_net1.py -> /home/vatsan/robo/src/ros2_learners/build/pc/build/lib/pc
copying pc/list1.py -> /home/vatsan/robo/src/ros2_learners/build/pc/build/lib/pc
copying pc/__init__.py -> /home/vatsan/robo/src/ros2_learners/build/pc/build/lib/pc
copying pc/Final1.py -> /home/vatsan/robo/src/ros2_learners/build/pc/build/lib/pc
copying pc/pointnet_model.py -> /home/vatsan/robo/src/ros2_learners/build/pc/build/lib/pc
copying pc/match.py -> /home/vatsan/robo/src/ros2_learners/build/pc/build/lib/pc
running install
running install_lib
creating /home/vatsan/robo/src/ros2_learners/install/pc/lib/python3.10/site-packages/pc
copying /home/vatsan/robo/src/ros2_learners/build/pc/build/lib/pc/point_net1.py -> /home/vatsan/robo/src/ros2_learners/install/pc/lib/python3.10/site-packages/pc
copying /home/vatsan/robo/src/ros2_learners/build/pc/build/lib/pc/list1.py -> /home/vatsan/robo/src/ros2_learners/install/pc/lib/python3.10/site-packages/pc
copying /home/vatsan/robo/src/ros2_learners/build/pc/build/lib/pc/__init__.py -> /home/vatsan/robo/src/ros2_learners/install/pc/lib/python3.10/site-packages/pc
copying /home/vatsan/robo/src/ros2_learners/build/pc/build/lib/pc/Final1.py -> /home/vatsan/robo/src/ros2_learners/install/pc/lib/python3.10/site-packages/pc
copying /home/vatsan/robo/src/ros2_learners/build/pc/build/lib/pc/pointnet_model.py -> /home/vatsan/robo/src/ros2_learners/install/pc/lib/python3.10/site-packages/pc
copying /home/vatsan/robo/src/ros2_learners/build/pc/build/lib/pc/match.py -> /home/vatsan/robo/src/ros2_learners/install/pc/lib/python3.10/site-packages/pc
byte-compiling /home/vatsan/robo/src/ros2_learners/install/pc/lib/python3.10/site-packages/pc/point_net1.py to point_net1.cpython-310.pyc
byte-compiling /home/vatsan/robo/src/ros2_learners/install/pc/lib/python3.10/site-packages/pc/list1.py to list1.cpython-310.pyc
byte-compiling /home/vatsan/robo/src/ros2_learners/install/pc/lib/python3.10/site-packages/pc/__init__.py to __init__.cpython-310.pyc
byte-compiling /home/vatsan/robo/src/ros2_learners/install/pc/lib/python3.10/site-packages/pc/Final1.py to Final1.cpython-310.pyc
byte-compiling /home/vatsan/robo/src/ros2_learners/install/pc/lib/python3.10/site-packages/pc/pointnet_model.py to pointnet_model.cpython-310.pyc
byte-compiling /home/vatsan/robo/src/ros2_learners/install/pc/lib/python3.10/site-packages/pc/match.py to match.cpython-310.pyc
running install_data
creating /home/vatsan/robo/src/ros2_learners/install/pc/share/ament_index
creating /home/vatsan/robo/src/ros2_learners/install/pc/share/ament_index/resource_index
creating /home/vatsan/robo/src/ros2_learners/install/pc/share/ament_index/resource_index/packages
copying resource/pc -> /home/vatsan/robo/src/ros2_learners/install/pc/share/ament_index/resource_index/packages
copying package.xml -> /home/vatsan/robo/src/ros2_learners/install/pc/share/pc
running install_egg_info
Copying ../build/pc/pc.egg-info to /home/vatsan/robo/src/ros2_learners/install/pc/lib/python3.10/site-packages/pc-0.0.0-py3.10.egg-info
running install_scripts
Installing map_launch script to /home/vatsan/robo/src/ros2_learners/install/pc/lib/pc
writing list of installed files to '/home/vatsan/robo/src/ros2_learners/build/pc/install.log'
