[0.347s] Invoking command in '/home/vatsan/robo/src/ros2_learners/build/navigation_tb3': CMAKE_PREFIX_PATH=/opt/ros/humble DEBUGINFOD_URLS=https://debuginfod.ubuntu.com /home/vatsan/.local/bin/cmake --build /home/vatsan/robo/src/ros2_learners/build/navigation_tb3 -- -j8 -l8
[1.142s] [  0%] Built target ament_cmake_python_copy_navigation_tb3
[1.142s] [100%] Built target pub_occupancy_grid
[1.142s] running egg_info
[1.142s] writing navigation_tb3.egg-info/PKG-INFO
[1.142s] writing dependency_links to navigation_tb3.egg-info/dependency_links.txt
[1.142s] writing top-level names to navigation_tb3.egg-info/top_level.txt
[1.143s] reading manifest file 'navigation_tb3.egg-info/SOURCES.txt'
[1.143s] writing manifest file 'navigation_tb3.egg-info/SOURCES.txt'
[1.143s] [100%] Built target ament_cmake_python_build_navigation_tb3_egg
[1.287s] Invoked command in '/home/vatsan/robo/src/ros2_learners/build/navigation_tb3' returned '0': CMAKE_PREFIX_PATH=/opt/ros/humble DEBUGINFOD_URLS=https://debuginfod.ubuntu.com /home/vatsan/.local/bin/cmake --build /home/vatsan/robo/src/ros2_learners/build/navigation_tb3 -- -j8 -l8
[1.292s] Invoking command in '/home/vatsan/robo/src/ros2_learners/build/navigation_tb3': CMAKE_PREFIX_PATH=/opt/ros/humble DEBUGINFOD_URLS=https://debuginfod.ubuntu.com /home/vatsan/.local/bin/cmake --install /home/vatsan/robo/src/ros2_learners/build/navigation_tb3
[1.561s] -- Install configuration: ""
[1.561s] -- Up-to-date: /home/vatsan/robo/src/ros2_learners/install/navigation_tb3/lib/navigation_tb3/pub_occupancy_grid
[1.561s] -- Up-to-date: /home/vatsan/robo/src/ros2_learners/install/navigation_tb3/share/navigation_tb3/launch
[1.561s] -- Up-to-date: /home/vatsan/robo/src/ros2_learners/install/navigation_tb3/share/navigation_tb3/launch/mapping.launch.py
[1.561s] -- Up-to-date: /home/vatsan/robo/src/ros2_learners/install/navigation_tb3/share/navigation_tb3/launch/navigation.launch.py
[1.562s] -- Up-to-date: /home/vatsan/robo/src/ros2_learners/install/navigation_tb3/share/navigation_tb3/config
[1.562s] -- Up-to-date: /home/vatsan/robo/src/ros2_learners/install/navigation_tb3/share/navigation_tb3/config/mapping.rviz
[1.563s] -- Up-to-date: /home/vatsan/robo/src/ros2_learners/install/navigation_tb3/share/navigation_tb3/config/tb3_nav2_params.yaml
[1.563s] -- Up-to-date: /home/vatsan/robo/src/ros2_learners/install/navigation_tb3/share/navigation_tb3/config/tb3_map.pgm
[1.563s] -- Up-to-date: /home/vatsan/robo/src/ros2_learners/install/navigation_tb3/share/navigation_tb3/config/tb3_map.yaml
[1.563s] -- Up-to-date: /home/vatsan/robo/src/ros2_learners/install/navigation_tb3/share/navigation_tb3/config/navigation.rviz
[1.563s] -- Up-to-date: /home/vatsan/robo/src/ros2_learners/install/navigation_tb3/share/navigation_tb3/config/turtlebot3_lds_2d.lua
[1.563s] -- Up-to-date: /home/vatsan/robo/src/ros2_learners/install/navigation_tb3/share/navigation_tb3/environment/pythonpath.sh
[1.564s] -- Up-to-date: /home/vatsan/robo/src/ros2_learners/install/navigation_tb3/share/navigation_tb3/environment/pythonpath.dsv
[1.564s] -- Up-to-date: /home/vatsan/robo/src/ros2_learners/install/navigation_tb3/local/lib/python3.10/dist-packages/navigation_tb3-0.0.0-py3.10.egg-info
[1.564s] -- Installing: /home/vatsan/robo/src/ros2_learners/install/navigation_tb3/local/lib/python3.10/dist-packages/navigation_tb3-0.0.0-py3.10.egg-info/dependency_links.txt
[1.564s] -- Installing: /home/vatsan/robo/src/ros2_learners/install/navigation_tb3/local/lib/python3.10/dist-packages/navigation_tb3-0.0.0-py3.10.egg-info/top_level.txt
[1.567s] -- Installing: /home/vatsan/robo/src/ros2_learners/install/navigation_tb3/local/lib/python3.10/dist-packages/navigation_tb3-0.0.0-py3.10.egg-info/PKG-INFO
[1.567s] -- Installing: /home/vatsan/robo/src/ros2_learners/install/navigation_tb3/local/lib/python3.10/dist-packages/navigation_tb3-0.0.0-py3.10.egg-info/SOURCES.txt
[1.567s] -- Up-to-date: /home/vatsan/robo/src/ros2_learners/install/navigation_tb3/local/lib/python3.10/dist-packages/navigation_tb3
[1.567s] -- Up-to-date: /home/vatsan/robo/src/ros2_learners/install/navigation_tb3/local/lib/python3.10/dist-packages/navigation_tb3/__init__.py
[1.643s] Listing '/home/vatsan/robo/src/ros2_learners/install/navigation_tb3/local/lib/python3.10/dist-packages/navigation_tb3'...
[1.643s] -- Up-to-date: /home/vatsan/robo/src/ros2_learners/install/navigation_tb3/lib/navigation_tb3/single_goal_nav.py
[1.644s] -- Up-to-date: /home/vatsan/robo/src/ros2_learners/install/navigation_tb3/lib/navigation_tb3/multi_waypoints.py
[1.644s] -- Up-to-date: /home/vatsan/robo/src/ros2_learners/install/navigation_tb3/share/ament_index/resource_index/package_run_dependencies/navigation_tb3
[1.644s] -- Up-to-date: /home/vatsan/robo/src/ros2_learners/install/navigation_tb3/share/ament_index/resource_index/parent_prefix_path/navigation_tb3
[1.644s] -- Up-to-date: /home/vatsan/robo/src/ros2_learners/install/navigation_tb3/share/navigation_tb3/environment/ament_prefix_path.sh
[1.644s] -- Up-to-date: /home/vatsan/robo/src/ros2_learners/install/navigation_tb3/share/navigation_tb3/environment/ament_prefix_path.dsv
[1.644s] -- Up-to-date: /home/vatsan/robo/src/ros2_learners/install/navigation_tb3/share/navigation_tb3/environment/path.sh
[1.644s] -- Up-to-date: /home/vatsan/robo/src/ros2_learners/install/navigation_tb3/share/navigation_tb3/environment/path.dsv
[1.644s] -- Up-to-date: /home/vatsan/robo/src/ros2_learners/install/navigation_tb3/share/navigation_tb3/local_setup.bash
[1.644s] -- Up-to-date: /home/vatsan/robo/src/ros2_learners/install/navigation_tb3/share/navigation_tb3/local_setup.sh
[1.644s] -- Up-to-date: /home/vatsan/robo/src/ros2_learners/install/navigation_tb3/share/navigation_tb3/local_setup.zsh
[1.644s] -- Up-to-date: /home/vatsan/robo/src/ros2_learners/install/navigation_tb3/share/navigation_tb3/local_setup.dsv
[1.644s] -- Installing: /home/vatsan/robo/src/ros2_learners/install/navigation_tb3/share/navigation_tb3/package.dsv
[1.645s] -- Up-to-date: /home/vatsan/robo/src/ros2_learners/install/navigation_tb3/share/ament_index/resource_index/packages/navigation_tb3
[1.645s] -- Up-to-date: /home/vatsan/robo/src/ros2_learners/install/navigation_tb3/share/navigation_tb3/cmake/navigation_tb3Config.cmake
[1.645s] -- Up-to-date: /home/vatsan/robo/src/ros2_learners/install/navigation_tb3/share/navigation_tb3/cmake/navigation_tb3Config-version.cmake
[1.645s] -- Up-to-date: /home/vatsan/robo/src/ros2_learners/install/navigation_tb3/share/navigation_tb3/package.xml
[1.680s] Invoked command in '/home/vatsan/robo/src/ros2_learners/build/navigation_tb3' returned '0': CMAKE_PREFIX_PATH=/opt/ros/humble DEBUGINFOD_URLS=https://debuginfod.ubuntu.com /home/vatsan/.local/bin/cmake --install /home/vatsan/robo/src/ros2_learners/build/navigation_tb3
