running egg_info
creating ../build/robot_math/robot_math.egg-info
writing ../build/robot_math/robot_math.egg-info/PKG-INFO
writing dependency_links to ../build/robot_math/robot_math.egg-info/dependency_links.txt
writing entry points to ../build/robot_math/robot_math.egg-info/entry_points.txt
writing requirements to ../build/robot_math/robot_math.egg-info/requires.txt
writing top-level names to ../build/robot_math/robot_math.egg-info/top_level.txt
writing manifest file '../build/robot_math/robot_math.egg-info/SOURCES.txt'
reading manifest file '../build/robot_math/robot_math.egg-info/SOURCES.txt'
writing manifest file '../build/robot_math/robot_math.egg-info/SOURCES.txt'
running build
running build_py
creating /home/vatsan/robo/src/ros2_learners/build/robot_math/build
creating /home/vatsan/robo/src/ros2_learners/build/robot_math/build/lib
creating /home/vatsan/robo/src/ros2_learners/build/robot_math/build/lib/robot_math
copying robot_math/gtg.py -> /home/vatsan/robo/src/ros2_learners/build/robot_math/build/lib/robot_math
copying robot_math/__init__.py -> /home/vatsan/robo/src/ros2_learners/build/robot_math/build/lib/robot_math
copying robot_math/andular_velocity.py -> /home/vatsan/robo/src/ros2_learners/build/robot_math/build/lib/robot_math
running install
running install_lib
creating /home/vatsan/robo/src/ros2_learners/install/robot_math/lib/python3.10/site-packages/robot_math
copying /home/vatsan/robo/src/ros2_learners/build/robot_math/build/lib/robot_math/gtg.py -> /home/vatsan/robo/src/ros2_learners/install/robot_math/lib/python3.10/site-packages/robot_math
copying /home/vatsan/robo/src/ros2_learners/build/robot_math/build/lib/robot_math/__init__.py -> /home/vatsan/robo/src/ros2_learners/install/robot_math/lib/python3.10/site-packages/robot_math
copying /home/vatsan/robo/src/ros2_learners/build/robot_math/build/lib/robot_math/andular_velocity.py -> /home/vatsan/robo/src/ros2_learners/install/robot_math/lib/python3.10/site-packages/robot_math
byte-compiling /home/vatsan/robo/src/ros2_learners/install/robot_math/lib/python3.10/site-packages/robot_math/gtg.py to gtg.cpython-310.pyc
byte-compiling /home/vatsan/robo/src/ros2_learners/install/robot_math/lib/python3.10/site-packages/robot_math/__init__.py to __init__.cpython-310.pyc
byte-compiling /home/vatsan/robo/src/ros2_learners/install/robot_math/lib/python3.10/site-packages/robot_math/andular_velocity.py to andular_velocity.cpython-310.pyc
running install_data
creating /home/vatsan/robo/src/ros2_learners/install/robot_math/share/ament_index
creating /home/vatsan/robo/src/ros2_learners/install/robot_math/share/ament_index/resource_index
creating /home/vatsan/robo/src/ros2_learners/install/robot_math/share/ament_index/resource_index/packages
copying resource/robot_math -> /home/vatsan/robo/src/ros2_learners/install/robot_math/share/ament_index/resource_index/packages
copying package.xml -> /home/vatsan/robo/src/ros2_learners/install/robot_math/share/robot_math
running install_egg_info
Copying ../build/robot_math/robot_math.egg-info to /home/vatsan/robo/src/ros2_learners/install/robot_math/lib/python3.10/site-packages/robot_math-0.0.0-py3.10.egg-info
running install_scripts
Installing circle_motion_node script to /home/vatsan/robo/src/ros2_learners/install/robot_math/lib/robot_math
Installing go_To_Goal_node script to /home/vatsan/robo/src/ros2_learners/install/robot_math/lib/robot_math
writing list of installed files to '/home/vatsan/robo/src/ros2_learners/build/robot_math/install.log'
