[0.723s] Invoking command in '/home/vatsan/robo/src/ros2_learners/build/turtlebot3_gazebo': CMAKE_PREFIX_PATH=/opt/ros/humble DEBUGINFOD_URLS=https://debuginfod.ubuntu.com /home/vatsan/.local/bin/cmake --build /home/vatsan/robo/src/ros2_learners/build/turtlebot3_gazebo -- -j8 -l8
[0.859s] [ 25%] Built target turtlebot3_drive
[0.936s] [ 50%] Built target obstacles
[0.937s] [ 75%] Built target obstacle2
[0.938s] [100%] Built target obstacle1
[0.955s] Invoked command in '/home/vatsan/robo/src/ros2_learners/build/turtlebot3_gazebo' returned '0': CMAKE_PREFIX_PATH=/opt/ros/humble DEBUGINFOD_URLS=https://debuginfod.ubuntu.com /home/vatsan/.local/bin/cmake --build /home/vatsan/robo/src/ros2_learners/build/turtlebot3_gazebo -- -j8 -l8
[0.957s] Invoking command in '/home/vatsan/robo/src/ros2_learners/build/turtlebot3_gazebo': CMAKE_PREFIX_PATH=/opt/ros/humble DEBUGINFOD_URLS=https://debuginfod.ubuntu.com /home/vatsan/.local/bin/cmake --install /home/vatsan/robo/src/ros2_learners/build/turtlebot3_gazebo
[1.020s] -- Install configuration: ""
[1.021s] -- Up-to-date: /home/vatsan/robo/src/ros2_learners/install/turtlebot3_gazebo/lib/turtlebot3_gazebo/turtlebot3_drive
[1.021s] -- Up-to-date: /home/vatsan/robo/src/ros2_learners/install/turtlebot3_gazebo/share/turtlebot3_gazebo//launch
[1.021s] -- Up-to-date: /home/vatsan/robo/src/ros2_learners/install/turtlebot3_gazebo/share/turtlebot3_gazebo//launch/spawn_turtlebot3.launch.py
[1.021s] -- Up-to-date: /home/vatsan/robo/src/ros2_learners/install/turtlebot3_gazebo/share/turtlebot3_gazebo//launch/turtlebot3_world.launch.py
[1.022s] -- Up-to-date: /home/vatsan/robo/src/ros2_learners/install/turtlebot3_gazebo/share/turtlebot3_gazebo//launch/turtlebot3_dqn_stage4.launch.py
[1.022s] -- Up-to-date: /home/vatsan/robo/src/ros2_learners/install/turtlebot3_gazebo/share/turtlebot3_gazebo//launch/turtlebot3_dqn_stage3.launch.py
[1.022s] -- Up-to-date: /home/vatsan/robo/src/ros2_learners/install/turtlebot3_gazebo/share/turtlebot3_gazebo//launch/empty_world.launch.py
[1.022s] -- Up-to-date: /home/vatsan/robo/src/ros2_learners/install/turtlebot3_gazebo/share/turtlebot3_gazebo//launch/robot_state_publisher.launch.py
[1.022s] -- Up-to-date: /home/vatsan/robo/src/ros2_learners/install/turtlebot3_gazebo/share/turtlebot3_gazebo//launch/turtlebot3_house.launch.py
[1.022s] -- Up-to-date: /home/vatsan/robo/src/ros2_learners/install/turtlebot3_gazebo/share/turtlebot3_gazebo//launch/turtlebot3_dqn_stage2.launch.py
[1.022s] -- Up-to-date: /home/vatsan/robo/src/ros2_learners/install/turtlebot3_gazebo/share/turtlebot3_gazebo//launch/turtlebot3_dqn_stage1.launch.py
[1.022s] -- Up-to-date: /home/vatsan/robo/src/ros2_learners/install/turtlebot3_gazebo/share/turtlebot3_gazebo//models
[1.022s] -- Up-to-date: /home/vatsan/robo/src/ros2_learners/install/turtlebot3_gazebo/share/turtlebot3_gazebo//models/turtlebot3_waffle
[1.022s] -- Up-to-date: /home/vatsan/robo/src/ros2_learners/install/turtlebot3_gazebo/share/turtlebot3_gazebo//models/turtlebot3_waffle/model-1_4.sdf
[1.022s] -- Up-to-date: /home/vatsan/robo/src/ros2_learners/install/turtlebot3_gazebo/share/turtlebot3_gazebo//models/turtlebot3_waffle/model.config
[1.023s] -- Up-to-date: /home/vatsan/robo/src/ros2_learners/install/turtlebot3_gazebo/share/turtlebot3_gazebo//models/turtlebot3_waffle/model.sdf
[1.023s] -- Up-to-date: /home/vatsan/robo/src/ros2_learners/install/turtlebot3_gazebo/share/turtlebot3_gazebo//models/aws_robomaker_warehouse_TrashCanC_01
[1.023s] -- Up-to-date: /home/vatsan/robo/src/ros2_learners/install/turtlebot3_gazebo/share/turtlebot3_gazebo//models/aws_robomaker_warehouse_TrashCanC_01/meshes
[1.023s] -- Up-to-date: /home/vatsan/robo/src/ros2_learners/install/turtlebot3_gazebo/share/turtlebot3_gazebo//models/aws_robomaker_warehouse_TrashCanC_01/meshes/aws_robomaker_warehouse_TrashCanC_01_visual.DAE
[1.023s] -- Up-to-date: /home/vatsan/robo/src/ros2_learners/install/turtlebot3_gazebo/share/turtlebot3_gazebo//models/aws_robomaker_warehouse_TrashCanC_01/meshes/aws_robomaker_warehouse_TrashCanC_01_collision.DAE
[1.023s] -- Up-to-date: /home/vatsan/robo/src/ros2_learners/install/turtlebot3_gazebo/share/turtlebot3_gazebo//models/aws_robomaker_warehouse_TrashCanC_01/materials
[1.023s] -- Up-to-date: /home/vatsan/robo/src/ros2_learners/install/turtlebot3_gazebo/share/turtlebot3_gazebo//models/aws_robomaker_warehouse_TrashCanC_01/materials/textures
[1.023s] -- Up-to-date: /home/vatsan/robo/src/ros2_learners/install/turtlebot3_gazebo/share/turtlebot3_gazebo//models/aws_robomaker_warehouse_TrashCanC_01/materials/textures/aws_robomaker_warehouse_TrashCanC_01.png
[1.023s] -- Up-to-date: /home/vatsan/robo/src/ros2_learners/install/turtlebot3_gazebo/share/turtlebot3_gazebo//models/aws_robomaker_warehouse_TrashCanC_01/model.config
[1.024s] -- Up-to-date: /home/vatsan/robo/src/ros2_learners/install/turtlebot3_gazebo/share/turtlebot3_gazebo//models/aws_robomaker_warehouse_TrashCanC_01/model.sdf
[1.024s] -- Up-to-date: /home/vatsan/robo/src/ros2_learners/install/turtlebot3_gazebo/share/turtlebot3_gazebo//models/aws_robomaker_warehouse_ShelfF_01
[1.024s] -- Up-to-date: /home/vatsan/robo/src/ros2_learners/install/turtlebot3_gazebo/share/turtlebot3_gazebo//models/aws_robomaker_warehouse_ShelfF_01/meshes
[1.024s] -- Up-to-date: /home/vatsan/robo/src/ros2_learners/install/turtlebot3_gazebo/share/turtlebot3_gazebo//models/aws_robomaker_warehouse_ShelfF_01/meshes/aws_robomaker_warehouse_ShelfF_01_visual.DAE
[1.024s] -- Up-to-date: /home/vatsan/robo/src/ros2_learners/install/turtlebot3_gazebo/share/turtlebot3_gazebo//models/aws_robomaker_warehouse_ShelfF_01/meshes/aws_robomaker_warehouse_ShelfF_01_collision.DAE
[1.024s] -- Up-to-date: /home/vatsan/robo/src/ros2_learners/install/turtlebot3_gazebo/share/turtlebot3_gazebo//models/aws_robomaker_warehouse_ShelfF_01/materials
[1.024s] -- Up-to-date: /home/vatsan/robo/src/ros2_learners/install/turtlebot3_gazebo/share/turtlebot3_gazebo//models/aws_robomaker_warehouse_ShelfF_01/materials/textures
[1.025s] -- Up-to-date: /home/vatsan/robo/src/ros2_learners/install/turtlebot3_gazebo/share/turtlebot3_gazebo//models/aws_robomaker_warehouse_ShelfF_01/materials/textures/aws_robomaker_warehouse_ShelfF_03.png
[1.025s] -- Up-to-date: /home/vatsan/robo/src/ros2_learners/install/turtlebot3_gazebo/share/turtlebot3_gazebo//models/aws_robomaker_warehouse_ShelfF_01/materials/textures/aws_robomaker_warehouse_ShelfF_01.png
[1.025s] -- Up-to-date: /home/vatsan/robo/src/ros2_learners/install/turtlebot3_gazebo/share/turtlebot3_gazebo//models/aws_robomaker_warehouse_ShelfF_01/materials/textures/aws_robomaker_warehouse_ShelfF_02.png
[1.025s] -- Up-to-date: /home/vatsan/robo/src/ros2_learners/install/turtlebot3_gazebo/share/turtlebot3_gazebo//models/aws_robomaker_warehouse_ShelfF_01/model.config
[1.025s] -- Up-to-date: /home/vatsan/robo/src/ros2_learners/install/turtlebot3_gazebo/share/turtlebot3_gazebo//models/aws_robomaker_warehouse_ShelfF_01/model.sdf
[1.025s] -- Up-to-date: /home/vatsan/robo/src/ros2_learners/install/turtlebot3_gazebo/share/turtlebot3_gazebo//models/aws_robomaker_warehouse_WallB_01
[1.025s] -- Up-to-date: /home/vatsan/robo/src/ros2_learners/install/turtlebot3_gazebo/share/turtlebot3_gazebo//models/aws_robomaker_warehouse_WallB_01/meshes
[1.025s] -- Up-to-date: /home/vatsan/robo/src/ros2_learners/install/turtlebot3_gazebo/share/turtlebot3_gazebo//models/aws_robomaker_warehouse_WallB_01/meshes/aws_robomaker_warehouse_WallB_01_visual.DAE
[1.026s] -- Up-to-date: /home/vatsan/robo/src/ros2_learners/install/turtlebot3_gazebo/share/turtlebot3_gazebo//models/aws_robomaker_warehouse_WallB_01/meshes/aws_robomaker_warehouse_WallB_01_collision.DAE
[1.026s] -- Up-to-date: /home/vatsan/robo/src/ros2_learners/install/turtlebot3_gazebo/share/turtlebot3_gazebo//models/aws_robomaker_warehouse_WallB_01/materials
[1.026s] -- Up-to-date: /home/vatsan/robo/src/ros2_learners/install/turtlebot3_gazebo/share/turtlebot3_gazebo//models/aws_robomaker_warehouse_WallB_01/materials/textures
[1.026s] -- Up-to-date: /home/vatsan/robo/src/ros2_learners/install/turtlebot3_gazebo/share/turtlebot3_gazebo//models/aws_robomaker_warehouse_WallB_01/materials/textures/aws_robomaker_warehouse_WallB_01.png
[1.026s] -- Up-to-date: /home/vatsan/robo/src/ros2_learners/install/turtlebot3_gazebo/share/turtlebot3_gazebo//models/aws_robomaker_warehouse_WallB_01/model.config
[1.026s] -- Up-to-date: /home/vatsan/robo/src/ros2_learners/install/turtlebot3_gazebo/share/turtlebot3_gazebo//models/aws_robomaker_warehouse_WallB_01/model.sdf
[1.027s] -- Up-to-date: /home/vatsan/robo/src/ros2_learners/install/turtlebot3_gazebo/share/turtlebot3_gazebo//models/turtlebot3_dqn_world
[1.027s] -- Up-to-date: /home/vatsan/robo/src/ros2_learners/install/turtlebot3_gazebo/share/turtlebot3_gazebo//models/turtlebot3_dqn_world/inner_walls
[1.027s] -- Up-to-date: /home/vatsan/robo/src/ros2_learners/install/turtlebot3_gazebo/share/turtlebot3_gazebo//models/turtlebot3_dqn_world/inner_walls/model.config
[1.027s] -- Up-to-date: /home/vatsan/robo/src/ros2_learners/install/turtlebot3_gazebo/share/turtlebot3_gazebo//models/turtlebot3_dqn_world/inner_walls/model.sdf
[1.027s] -- Up-to-date: /home/vatsan/robo/src/ros2_learners/install/turtlebot3_gazebo/share/turtlebot3_gazebo//models/turtlebot3_dqn_world/goal_box
[1.027s] -- Up-to-date: /home/vatsan/robo/src/ros2_learners/install/turtlebot3_gazebo/share/turtlebot3_gazebo//models/turtlebot3_dqn_world/goal_box/model.config
[1.027s] -- Up-to-date: /home/vatsan/robo/src/ros2_learners/install/turtlebot3_gazebo/share/turtlebot3_gazebo//models/turtlebot3_dqn_world/goal_box/model.sdf
[1.027s] -- Up-to-date: /home/vatsan/robo/src/ros2_learners/install/turtlebot3_gazebo/share/turtlebot3_gazebo//models/turtlebot3_dqn_world/obstacles
[1.028s] -- Up-to-date: /home/vatsan/robo/src/ros2_learners/install/turtlebot3_gazebo/share/turtlebot3_gazebo//models/turtlebot3_dqn_world/obstacles/model.config
[1.028s] -- Up-to-date: /home/vatsan/robo/src/ros2_learners/install/turtlebot3_gazebo/share/turtlebot3_gazebo//models/turtlebot3_dqn_world/obstacles/model.sdf
[1.028s] -- Up-to-date: /home/vatsan/robo/src/ros2_learners/install/turtlebot3_gazebo/share/turtlebot3_gazebo//models/turtlebot3_dqn_world/obstacle_plugin
[1.028s] -- Up-to-date: /home/vatsan/robo/src/ros2_learners/install/turtlebot3_gazebo/share/turtlebot3_gazebo//models/turtlebot3_dqn_world/obstacle_plugin/obstacle1.cc
[1.028s] -- Up-to-date: /home/vatsan/robo/src/ros2_learners/install/turtlebot3_gazebo/share/turtlebot3_gazebo//models/turtlebot3_dqn_world/obstacle_plugin/obstacles.cc
[1.028s] -- Up-to-date: /home/vatsan/robo/src/ros2_learners/install/turtlebot3_gazebo/share/turtlebot3_gazebo//models/turtlebot3_dqn_world/obstacle_plugin/obstacle2.cc
[1.028s] -- Up-to-date: /home/vatsan/robo/src/ros2_learners/install/turtlebot3_gazebo/share/turtlebot3_gazebo//models/turtlebot3_dqn_world/obstacle_plugin/CMakeLists.txt
[1.028s] -- Up-to-date: /home/vatsan/robo/src/ros2_learners/install/turtlebot3_gazebo/share/turtlebot3_gazebo//models/turtlebot3_dqn_world/model.config
[1.028s] -- Up-to-date: /home/vatsan/robo/src/ros2_learners/install/turtlebot3_gazebo/share/turtlebot3_gazebo//models/turtlebot3_dqn_world/obstacle1
[1.028s] -- Up-to-date: /home/vatsan/robo/src/ros2_learners/install/turtlebot3_gazebo/share/turtlebot3_gazebo//models/turtlebot3_dqn_world/obstacle1/model.config
[1.029s] -- Up-to-date: /home/vatsan/robo/src/ros2_learners/install/turtlebot3_gazebo/share/turtlebot3_gazebo//models/turtlebot3_dqn_world/obstacle1/model.sdf
[1.029s] -- Up-to-date: /home/vatsan/robo/src/ros2_learners/install/turtlebot3_gazebo/share/turtlebot3_gazebo//models/turtlebot3_dqn_world/model.sdf
[1.029s] -- Up-to-date: /home/vatsan/robo/src/ros2_learners/install/turtlebot3_gazebo/share/turtlebot3_gazebo//models/turtlebot3_dqn_world/obstacle2
[1.029s] -- Up-to-date: /home/vatsan/robo/src/ros2_learners/install/turtlebot3_gazebo/share/turtlebot3_gazebo//models/turtlebot3_dqn_world/obstacle2/model.config
[1.029s] -- Up-to-date: /home/vatsan/robo/src/ros2_learners/install/turtlebot3_gazebo/share/turtlebot3_gazebo//models/turtlebot3_dqn_world/obstacle2/model.sdf
[1.029s] -- Up-to-date: /home/vatsan/robo/src/ros2_learners/install/turtlebot3_gazebo/share/turtlebot3_gazebo//models/aws_robomaker_warehouse_ClutteringC_01
[1.029s] -- Up-to-date: /home/vatsan/robo/src/ros2_learners/install/turtlebot3_gazebo/share/turtlebot3_gazebo//models/aws_robomaker_warehouse_ClutteringC_01/meshes
[1.029s] -- Up-to-date: /home/vatsan/robo/src/ros2_learners/install/turtlebot3_gazebo/share/turtlebot3_gazebo//models/aws_robomaker_warehouse_ClutteringC_01/meshes/aws_robomaker_warehouse_ClutteringC_01_visual.DAE
[1.029s] -- Up-to-date: /home/vatsan/robo/src/ros2_learners/install/turtlebot3_gazebo/share/turtlebot3_gazebo//models/aws_robomaker_warehouse_ClutteringC_01/meshes/aws_robomaker_warehouse_ClutteringC_01_collision.DAE
[1.030s] -- Up-to-date: /home/vatsan/robo/src/ros2_learners/install/turtlebot3_gazebo/share/turtlebot3_gazebo//models/aws_robomaker_warehouse_ClutteringC_01/materials
[1.030s] -- Up-to-date: /home/vatsan/robo/src/ros2_learners/install/turtlebot3_gazebo/share/turtlebot3_gazebo//models/aws_robomaker_warehouse_ClutteringC_01/materials/textures
[1.030s] -- Up-to-date: /home/vatsan/robo/src/ros2_learners/install/turtlebot3_gazebo/share/turtlebot3_gazebo//models/aws_robomaker_warehouse_ClutteringC_01/materials/textures/aws_robomaker_warehouse_ClutteringC_02.png
[1.030s] -- Up-to-date: /home/vatsan/robo/src/ros2_learners/install/turtlebot3_gazebo/share/turtlebot3_gazebo//models/aws_robomaker_warehouse_ClutteringC_01/materials/textures/aws_robomaker_warehouse_ClutteringC_01.png
[1.030s] -- Up-to-date: /home/vatsan/robo/src/ros2_learners/install/turtlebot3_gazebo/share/turtlebot3_gazebo//models/aws_robomaker_warehouse_ClutteringC_01/model.config
[1.030s] -- Up-to-date: /home/vatsan/robo/src/ros2_learners/install/turtlebot3_gazebo/share/turtlebot3_gazebo//models/aws_robomaker_warehouse_ClutteringC_01/model.sdf
[1.030s] -- Up-to-date: /home/vatsan/robo/src/ros2_learners/install/turtlebot3_gazebo/share/turtlebot3_gazebo//models/turtlebot3_world
[1.031s] -- Up-to-date: /home/vatsan/robo/src/ros2_learners/install/turtlebot3_gazebo/share/turtlebot3_gazebo//models/turtlebot3_world/model-1_4.sdf
[1.031s] -- Up-to-date: /home/vatsan/robo/src/ros2_learners/install/turtlebot3_gazebo/share/turtlebot3_gazebo//models/turtlebot3_world/meshes
[1.031s] -- Up-to-date: /home/vatsan/robo/src/ros2_learners/install/turtlebot3_gazebo/share/turtlebot3_gazebo//models/turtlebot3_world/meshes/wall.dae
[1.031s] -- Up-to-date: /home/vatsan/robo/src/ros2_learners/install/turtlebot3_gazebo/share/turtlebot3_gazebo//models/turtlebot3_world/meshes/hexagon.dae
[1.031s] -- Up-to-date: /home/vatsan/robo/src/ros2_learners/install/turtlebot3_gazebo/share/turtlebot3_gazebo//models/turtlebot3_world/model.config
[1.031s] -- Up-to-date: /home/vatsan/robo/src/ros2_learners/install/turtlebot3_gazebo/share/turtlebot3_gazebo//models/turtlebot3_world/model.sdf
[1.031s] -- Up-to-date: /home/vatsan/robo/src/ros2_learners/install/turtlebot3_gazebo/share/turtlebot3_gazebo//models/aws_robomaker_warehouse_ClutteringA_01
[1.031s] -- Up-to-date: /home/vatsan/robo/src/ros2_learners/install/turtlebot3_gazebo/share/turtlebot3_gazebo//models/aws_robomaker_warehouse_ClutteringA_01/meshes
[1.032s] -- Up-to-date: /home/vatsan/robo/src/ros2_learners/install/turtlebot3_gazebo/share/turtlebot3_gazebo//models/aws_robomaker_warehouse_ClutteringA_01/meshes/aws_robomaker_warehouse_ClutteringA_01_visual.DAE
[1.032s] -- Up-to-date: /home/vatsan/robo/src/ros2_learners/install/turtlebot3_gazebo/share/turtlebot3_gazebo//models/aws_robomaker_warehouse_ClutteringA_01/meshes/aws_robomaker_warehouse_ClutteringA_01_collision.DAE
[1.032s] -- Up-to-date: /home/vatsan/robo/src/ros2_learners/install/turtlebot3_gazebo/share/turtlebot3_gazebo//models/aws_robomaker_warehouse_ClutteringA_01/materials
[1.032s] -- Up-to-date: /home/vatsan/robo/src/ros2_learners/install/turtlebot3_gazebo/share/turtlebot3_gazebo//models/aws_robomaker_warehouse_ClutteringA_01/materials/textures
[1.033s] -- Up-to-date: /home/vatsan/robo/src/ros2_learners/install/turtlebot3_gazebo/share/turtlebot3_gazebo//models/aws_robomaker_warehouse_ClutteringA_01/materials/textures/aws_robomaker_warehouse_ClutteringA_02.png
[1.033s] -- Up-to-date: /home/vatsan/robo/src/ros2_learners/install/turtlebot3_gazebo/share/turtlebot3_gazebo//models/aws_robomaker_warehouse_ClutteringA_01/materials/textures/aws_robomaker_warehouse_ClutteringA_03.png
[1.033s] -- Up-to-date: /home/vatsan/robo/src/ros2_learners/install/turtlebot3_gazebo/share/turtlebot3_gazebo//models/aws_robomaker_warehouse_ClutteringA_01/materials/textures/aws_robomaker_warehouse_ClutteringA_01.png
[1.033s] -- Up-to-date: /home/vatsan/robo/src/ros2_learners/install/turtlebot3_gazebo/share/turtlebot3_gazebo//models/aws_robomaker_warehouse_ClutteringA_01/model.config
[1.033s] -- Up-to-date: /home/vatsan/robo/src/ros2_learners/install/turtlebot3_gazebo/share/turtlebot3_gazebo//models/aws_robomaker_warehouse_ClutteringA_01/model.sdf
[1.033s] -- Up-to-date: /home/vatsan/robo/src/ros2_learners/install/turtlebot3_gazebo/share/turtlebot3_gazebo//models/aws_robomaker_warehouse_ClutteringD_01
[1.033s] -- Up-to-date: /home/vatsan/robo/src/ros2_learners/install/turtlebot3_gazebo/share/turtlebot3_gazebo//models/aws_robomaker_warehouse_ClutteringD_01/meshes
[1.033s] -- Up-to-date: /home/vatsan/robo/src/ros2_learners/install/turtlebot3_gazebo/share/turtlebot3_gazebo//models/aws_robomaker_warehouse_ClutteringD_01/meshes/aws_robomaker_warehouse_ClutteringD_01_collision.DAE
[1.034s] -- Up-to-date: /home/vatsan/robo/src/ros2_learners/install/turtlebot3_gazebo/share/turtlebot3_gazebo//models/aws_robomaker_warehouse_ClutteringD_01/meshes/aws_robomaker_warehouse_ClutteringD_01_visual.DAE
[1.034s] -- Up-to-date: /home/vatsan/robo/src/ros2_learners/install/turtlebot3_gazebo/share/turtlebot3_gazebo//models/aws_robomaker_warehouse_ClutteringD_01/materials
[1.034s] -- Up-to-date: /home/vatsan/robo/src/ros2_learners/install/turtlebot3_gazebo/share/turtlebot3_gazebo//models/aws_robomaker_warehouse_ClutteringD_01/materials/textures
[1.034s] -- Up-to-date: /home/vatsan/robo/src/ros2_learners/install/turtlebot3_gazebo/share/turtlebot3_gazebo//models/aws_robomaker_warehouse_ClutteringD_01/materials/textures/aws_robomaker_warehouse_ClutteringD_01.png
[1.034s] -- Up-to-date: /home/vatsan/robo/src/ros2_learners/install/turtlebot3_gazebo/share/turtlebot3_gazebo//models/aws_robomaker_warehouse_ClutteringD_01/materials/textures/aws_robomaker_warehouse_ClutteringD_02.png
[1.034s] -- Up-to-date: /home/vatsan/robo/src/ros2_learners/install/turtlebot3_gazebo/share/turtlebot3_gazebo//models/aws_robomaker_warehouse_ClutteringD_01/model.config
[1.035s] -- Up-to-date: /home/vatsan/robo/src/ros2_learners/install/turtlebot3_gazebo/share/turtlebot3_gazebo//models/aws_robomaker_warehouse_ClutteringD_01/model.sdf
[1.035s] -- Up-to-date: /home/vatsan/robo/src/ros2_learners/install/turtlebot3_gazebo/share/turtlebot3_gazebo//models/aws_robomaker_warehouse_GroundB_01
[1.035s] -- Up-to-date: /home/vatsan/robo/src/ros2_learners/install/turtlebot3_gazebo/share/turtlebot3_gazebo//models/aws_robomaker_warehouse_GroundB_01/meshes
[1.035s] -- Up-to-date: /home/vatsan/robo/src/ros2_learners/install/turtlebot3_gazebo/share/turtlebot3_gazebo//models/aws_robomaker_warehouse_GroundB_01/meshes/aws_robomaker_warehouse_GroundB_01_collision.DAE
[1.035s] -- Up-to-date: /home/vatsan/robo/src/ros2_learners/install/turtlebot3_gazebo/share/turtlebot3_gazebo//models/aws_robomaker_warehouse_GroundB_01/meshes/aws_robomaker_warehouse_GroundB_01_visual.DAE
[1.035s] -- Up-to-date: /home/vatsan/robo/src/ros2_learners/install/turtlebot3_gazebo/share/turtlebot3_gazebo//models/aws_robomaker_warehouse_GroundB_01/materials
[1.035s] -- Up-to-date: /home/vatsan/robo/src/ros2_learners/install/turtlebot3_gazebo/share/turtlebot3_gazebo//models/aws_robomaker_warehouse_GroundB_01/materials/textures
[1.036s] -- Up-to-date: /home/vatsan/robo/src/ros2_learners/install/turtlebot3_gazebo/share/turtlebot3_gazebo//models/aws_robomaker_warehouse_GroundB_01/materials/textures/aws_robomaker_warehouse_GroundB_02.png
[1.036s] -- Up-to-date: /home/vatsan/robo/src/ros2_learners/install/turtlebot3_gazebo/share/turtlebot3_gazebo//models/aws_robomaker_warehouse_GroundB_01/materials/textures/aws_robomaker_warehouse_GroundB_01.png
[1.036s] -- Up-to-date: /home/vatsan/robo/src/ros2_learners/install/turtlebot3_gazebo/share/turtlebot3_gazebo//models/aws_robomaker_warehouse_GroundB_01/model.config
[1.036s] -- Up-to-date: /home/vatsan/robo/src/ros2_learners/install/turtlebot3_gazebo/share/turtlebot3_gazebo//models/aws_robomaker_warehouse_GroundB_01/model.sdf
[1.036s] -- Up-to-date: /home/vatsan/robo/src/ros2_learners/install/turtlebot3_gazebo/share/turtlebot3_gazebo//models/turtlebot3_common
[1.036s] -- Up-to-date: /home/vatsan/robo/src/ros2_learners/install/turtlebot3_gazebo/share/turtlebot3_gazebo//models/turtlebot3_common/meshes
[1.036s] -- Up-to-date: /home/vatsan/robo/src/ros2_learners/install/turtlebot3_gazebo/share/turtlebot3_gazebo//models/turtlebot3_common/meshes/lds.dae
[1.037s] -- Up-to-date: /home/vatsan/robo/src/ros2_learners/install/turtlebot3_gazebo/share/turtlebot3_gazebo//models/turtlebot3_common/meshes/burger_base.dae
[1.037s] -- Up-to-date: /home/vatsan/robo/src/ros2_learners/install/turtlebot3_gazebo/share/turtlebot3_gazebo//models/turtlebot3_common/meshes/waffle_base.dae
[1.037s] -- Up-to-date: /home/vatsan/robo/src/ros2_learners/install/turtlebot3_gazebo/share/turtlebot3_gazebo//models/turtlebot3_common/meshes/r200.dae
[1.037s] -- Up-to-date: /home/vatsan/robo/src/ros2_learners/install/turtlebot3_gazebo/share/turtlebot3_gazebo//models/turtlebot3_common/meshes/waffle_pi_base.dae
[1.037s] -- Up-to-date: /home/vatsan/robo/src/ros2_learners/install/turtlebot3_gazebo/share/turtlebot3_gazebo//models/turtlebot3_common/meshes/tire.dae
[1.037s] -- Up-to-date: /home/vatsan/robo/src/ros2_learners/install/turtlebot3_gazebo/share/turtlebot3_gazebo//models/turtlebot3_common/model.config
[1.037s] -- Up-to-date: /home/vatsan/robo/src/ros2_learners/install/turtlebot3_gazebo/share/turtlebot3_gazebo//models/aws_robomaker_warehouse_DeskC_01
[1.037s] -- Up-to-date: /home/vatsan/robo/src/ros2_learners/install/turtlebot3_gazebo/share/turtlebot3_gazebo//models/aws_robomaker_warehouse_DeskC_01/meshes
[1.037s] -- Up-to-date: /home/vatsan/robo/src/ros2_learners/install/turtlebot3_gazebo/share/turtlebot3_gazebo//models/aws_robomaker_warehouse_DeskC_01/meshes/aws_robomaker_warehouse_DeskC_01_collision.DAE
[1.037s] -- Up-to-date: /home/vatsan/robo/src/ros2_learners/install/turtlebot3_gazebo/share/turtlebot3_gazebo//models/aws_robomaker_warehouse_DeskC_01/meshes/aws_robomaker_warehouse_DeskC_01_visual.DAE
[1.038s] -- Up-to-date: /home/vatsan/robo/src/ros2_learners/install/turtlebot3_gazebo/share/turtlebot3_gazebo//models/aws_robomaker_warehouse_DeskC_01/materials
[1.038s] -- Up-to-date: /home/vatsan/robo/src/ros2_learners/install/turtlebot3_gazebo/share/turtlebot3_gazebo//models/aws_robomaker_warehouse_DeskC_01/materials/textures
[1.038s] -- Up-to-date: /home/vatsan/robo/src/ros2_learners/install/turtlebot3_gazebo/share/turtlebot3_gazebo//models/aws_robomaker_warehouse_DeskC_01/materials/textures/aws_robomaker_warehouse_DeskC_02.png
[1.038s] -- Up-to-date: /home/vatsan/robo/src/ros2_learners/install/turtlebot3_gazebo/share/turtlebot3_gazebo//models/aws_robomaker_warehouse_DeskC_01/materials/textures/aws_robomaker_warehouse_DeskC_03.png
[1.038s] -- Up-to-date: /home/vatsan/robo/src/ros2_learners/install/turtlebot3_gazebo/share/turtlebot3_gazebo//models/aws_robomaker_warehouse_DeskC_01/materials/textures/aws_robomaker_warehouse_DeskC_04.png
[1.038s] -- Up-to-date: /home/vatsan/robo/src/ros2_learners/install/turtlebot3_gazebo/share/turtlebot3_gazebo//models/aws_robomaker_warehouse_DeskC_01/materials/textures/aws_robomaker_warehouse_DeskC_03.psd
[1.038s] -- Up-to-date: /home/vatsan/robo/src/ros2_learners/install/turtlebot3_gazebo/share/turtlebot3_gazebo//models/aws_robomaker_warehouse_DeskC_01/materials/textures/aws_robomaker_warehouse_DeskC_01.png
[1.039s] -- Up-to-date: /home/vatsan/robo/src/ros2_learners/install/turtlebot3_gazebo/share/turtlebot3_gazebo//models/aws_robomaker_warehouse_DeskC_01/model.config
[1.039s] -- Up-to-date: /home/vatsan/robo/src/ros2_learners/install/turtlebot3_gazebo/share/turtlebot3_gazebo//models/aws_robomaker_warehouse_DeskC_01/model.sdf
[1.039s] -- Up-to-date: /home/vatsan/robo/src/ros2_learners/install/turtlebot3_gazebo/share/turtlebot3_gazebo//models/aws_robomaker_warehouse_RoofB_01
[1.039s] -- Up-to-date: /home/vatsan/robo/src/ros2_learners/install/turtlebot3_gazebo/share/turtlebot3_gazebo//models/aws_robomaker_warehouse_RoofB_01/meshes
[1.039s] -- Up-to-date: /home/vatsan/robo/src/ros2_learners/install/turtlebot3_gazebo/share/turtlebot3_gazebo//models/aws_robomaker_warehouse_RoofB_01/meshes/aws_robomaker_warehouse_RoofB_01_visual.DAE
[1.039s] -- Up-to-date: /home/vatsan/robo/src/ros2_learners/install/turtlebot3_gazebo/share/turtlebot3_gazebo//models/aws_robomaker_warehouse_RoofB_01/meshes/aws_robomaker_warehouse_RoofB_01_collision.DAE
[1.039s] -- Up-to-date: /home/vatsan/robo/src/ros2_learners/install/turtlebot3_gazebo/share/turtlebot3_gazebo//models/aws_robomaker_warehouse_RoofB_01/materials
[1.039s] -- Up-to-date: /home/vatsan/robo/src/ros2_learners/install/turtlebot3_gazebo/share/turtlebot3_gazebo//models/aws_robomaker_warehouse_RoofB_01/materials/textures
[1.039s] -- Up-to-date: /home/vatsan/robo/src/ros2_learners/install/turtlebot3_gazebo/share/turtlebot3_gazebo//models/aws_robomaker_warehouse_RoofB_01/materials/textures/aws_robomaker_warehouse_RoofB_01.png
[1.040s] -- Up-to-date: /home/vatsan/robo/src/ros2_learners/install/turtlebot3_gazebo/share/turtlebot3_gazebo//models/aws_robomaker_warehouse_RoofB_01/model.config
[1.040s] -- Up-to-date: /home/vatsan/robo/src/ros2_learners/install/turtlebot3_gazebo/share/turtlebot3_gazebo//models/aws_robomaker_warehouse_RoofB_01/model.sdf
[1.040s] -- Up-to-date: /home/vatsan/robo/src/ros2_learners/install/turtlebot3_gazebo/share/turtlebot3_gazebo//models/aws_robomaker_warehouse_ShelfE_01
[1.040s] -- Up-to-date: /home/vatsan/robo/src/ros2_learners/install/turtlebot3_gazebo/share/turtlebot3_gazebo//models/aws_robomaker_warehouse_ShelfE_01/meshes
[1.040s] -- Up-to-date: /home/vatsan/robo/src/ros2_learners/install/turtlebot3_gazebo/share/turtlebot3_gazebo//models/aws_robomaker_warehouse_ShelfE_01/meshes/aws_robomaker_warehouse_ShelfE_01_visual.DAE
[1.040s] -- Up-to-date: /home/vatsan/robo/src/ros2_learners/install/turtlebot3_gazebo/share/turtlebot3_gazebo//models/aws_robomaker_warehouse_ShelfE_01/meshes/aws_robomaker_warehouse_ShelfE_01_collision.DAE
[1.040s] -- Up-to-date: /home/vatsan/robo/src/ros2_learners/install/turtlebot3_gazebo/share/turtlebot3_gazebo//models/aws_robomaker_warehouse_ShelfE_01/materials
[1.041s] -- Up-to-date: /home/vatsan/robo/src/ros2_learners/install/turtlebot3_gazebo/share/turtlebot3_gazebo//models/aws_robomaker_warehouse_ShelfE_01/materials/textures
[1.041s] -- Up-to-date: /home/vatsan/robo/src/ros2_learners/install/turtlebot3_gazebo/share/turtlebot3_gazebo//models/aws_robomaker_warehouse_ShelfE_01/materials/textures/aws_robomaker_warehouse_ShelfE_01.png
[1.041s] -- Up-to-date: /home/vatsan/robo/src/ros2_learners/install/turtlebot3_gazebo/share/turtlebot3_gazebo//models/aws_robomaker_warehouse_ShelfE_01/materials/textures/aws_robomaker_warehouse_ShelfE_03.png
[1.041s] -- Up-to-date: /home/vatsan/robo/src/ros2_learners/install/turtlebot3_gazebo/share/turtlebot3_gazebo//models/aws_robomaker_warehouse_ShelfE_01/materials/textures/aws_robomaker_warehouse_ShelfE_04.png
[1.041s] -- Up-to-date: /home/vatsan/robo/src/ros2_learners/install/turtlebot3_gazebo/share/turtlebot3_gazebo//models/aws_robomaker_warehouse_ShelfE_01/materials/textures/aws_robomaker_warehouse_ShelfE_02.png
[1.041s] -- Up-to-date: /home/vatsan/robo/src/ros2_learners/install/turtlebot3_gazebo/share/turtlebot3_gazebo//models/aws_robomaker_warehouse_ShelfE_01/model.config
[1.041s] -- Up-to-date: /home/vatsan/robo/src/ros2_learners/install/turtlebot3_gazebo/share/turtlebot3_gazebo//models/aws_robomaker_warehouse_ShelfE_01/model.sdf
[1.041s] -- Up-to-date: /home/vatsan/robo/src/ros2_learners/install/turtlebot3_gazebo/share/turtlebot3_gazebo//models/aws_robomaker_warehouse_Lamp_01
[1.042s] -- Up-to-date: /home/vatsan/robo/src/ros2_learners/install/turtlebot3_gazebo/share/turtlebot3_gazebo//models/aws_robomaker_warehouse_Lamp_01/meshes
[1.042s] -- Up-to-date: /home/vatsan/robo/src/ros2_learners/install/turtlebot3_gazebo/share/turtlebot3_gazebo//models/aws_robomaker_warehouse_Lamp_01/meshes/aws_robomaker_warehouse_Lamp_01_collision.DAE
[1.042s] -- Up-to-date: /home/vatsan/robo/src/ros2_learners/install/turtlebot3_gazebo/share/turtlebot3_gazebo//models/aws_robomaker_warehouse_Lamp_01/meshes/aws_robomaker_warehouse_Lamp_01_visual.DAE
[1.042s] -- Up-to-date: /home/vatsan/robo/src/ros2_learners/install/turtlebot3_gazebo/share/turtlebot3_gazebo//models/aws_robomaker_warehouse_Lamp_01/materials
[1.042s] -- Up-to-date: /home/vatsan/robo/src/ros2_learners/install/turtlebot3_gazebo/share/turtlebot3_gazebo//models/aws_robomaker_warehouse_Lamp_01/materials/textures
[1.042s] -- Up-to-date: /home/vatsan/robo/src/ros2_learners/install/turtlebot3_gazebo/share/turtlebot3_gazebo//models/aws_robomaker_warehouse_Lamp_01/materials/textures/aws_robomaker_warehouse_Lamp_01.png
[1.042s] -- Up-to-date: /home/vatsan/robo/src/ros2_learners/install/turtlebot3_gazebo/share/turtlebot3_gazebo//models/aws_robomaker_warehouse_Lamp_01/model.config
[1.042s] -- Up-to-date: /home/vatsan/robo/src/ros2_learners/install/turtlebot3_gazebo/share/turtlebot3_gazebo//models/aws_robomaker_warehouse_Lamp_01/model.sdf
[1.043s] -- Up-to-date: /home/vatsan/robo/src/ros2_learners/install/turtlebot3_gazebo/share/turtlebot3_gazebo//models/aws_robomaker_warehouse_ShelfD_01
[1.043s] -- Up-to-date: /home/vatsan/robo/src/ros2_learners/install/turtlebot3_gazebo/share/turtlebot3_gazebo//models/aws_robomaker_warehouse_ShelfD_01/materials
[1.043s] -- Up-to-date: /home/vatsan/robo/src/ros2_learners/install/turtlebot3_gazebo/share/turtlebot3_gazebo//models/aws_robomaker_warehouse_ShelfD_01/materials/textures
[1.043s] -- Up-to-date: /home/vatsan/robo/src/ros2_learners/install/turtlebot3_gazebo/share/turtlebot3_gazebo//models/aws_robomaker_warehouse_ShelfD_01/materials/textures/aws_robomaker_warehouse_ShelfD_04.png
[1.043s] -- Up-to-date: /home/vatsan/robo/src/ros2_learners/install/turtlebot3_gazebo/share/turtlebot3_gazebo//models/aws_robomaker_warehouse_ShelfD_01/materials/textures/aws_robomaker_warehouse_ShelfD_01.png
[1.044s] -- Up-to-date: /home/vatsan/robo/src/ros2_learners/install/turtlebot3_gazebo/share/turtlebot3_gazebo//models/aws_robomaker_warehouse_ShelfD_01/materials/textures/aws_robomaker_warehouse_ShelfD_03.png
[1.044s] -- Up-to-date: /home/vatsan/robo/src/ros2_learners/install/turtlebot3_gazebo/share/turtlebot3_gazebo//models/aws_robomaker_warehouse_ShelfD_01/materials/textures/aws_robomaker_warehouse_ShelfD_02.png
[1.044s] -- Up-to-date: /home/vatsan/robo/src/ros2_learners/install/turtlebot3_gazebo/share/turtlebot3_gazebo//models/aws_robomaker_warehouse_ShelfD_01/model.config
[1.044s] -- Up-to-date: /home/vatsan/robo/src/ros2_learners/install/turtlebot3_gazebo/share/turtlebot3_gazebo//models/aws_robomaker_warehouse_ShelfD_01/model.sdf
[1.044s] -- Up-to-date: /home/vatsan/robo/src/ros2_learners/install/turtlebot3_gazebo/share/turtlebot3_gazebo//models/aws_robomaker_warehouse_PalletJackB_01
[1.044s] -- Up-to-date: /home/vatsan/robo/src/ros2_learners/install/turtlebot3_gazebo/share/turtlebot3_gazebo//models/aws_robomaker_warehouse_PalletJackB_01/meshes
[1.044s] -- Up-to-date: /home/vatsan/robo/src/ros2_learners/install/turtlebot3_gazebo/share/turtlebot3_gazebo//models/aws_robomaker_warehouse_PalletJackB_01/meshes/aws_robomaker_warehouse_PalletJackB_01_collision.DAE
[1.044s] -- Up-to-date: /home/vatsan/robo/src/ros2_learners/install/turtlebot3_gazebo/share/turtlebot3_gazebo//models/aws_robomaker_warehouse_PalletJackB_01/meshes/aws_robomaker_warehouse_PalletJackB_01_visual.DAE
[1.044s] -- Up-to-date: /home/vatsan/robo/src/ros2_learners/install/turtlebot3_gazebo/share/turtlebot3_gazebo//models/aws_robomaker_warehouse_PalletJackB_01/materials
[1.044s] -- Up-to-date: /home/vatsan/robo/src/ros2_learners/install/turtlebot3_gazebo/share/turtlebot3_gazebo//models/aws_robomaker_warehouse_PalletJackB_01/materials/textures
[1.045s] -- Up-to-date: /home/vatsan/robo/src/ros2_learners/install/turtlebot3_gazebo/share/turtlebot3_gazebo//models/aws_robomaker_warehouse_PalletJackB_01/materials/textures/aws_robomaker_warehouse_PalletJackB_02.png
[1.045s] -- Up-to-date: /home/vatsan/robo/src/ros2_learners/install/turtlebot3_gazebo/share/turtlebot3_gazebo//models/aws_robomaker_warehouse_PalletJackB_01/materials/textures/aws_robomaker_warehouse_PalletJackB_01.png
[1.045s] -- Up-to-date: /home/vatsan/robo/src/ros2_learners/install/turtlebot3_gazebo/share/turtlebot3_gazebo//models/aws_robomaker_warehouse_PalletJackB_01/model.config
[1.045s] -- Up-to-date: /home/vatsan/robo/src/ros2_learners/install/turtlebot3_gazebo/share/turtlebot3_gazebo//models/aws_robomaker_warehouse_PalletJackB_01/model.sdf
[1.045s] -- Up-to-date: /home/vatsan/robo/src/ros2_learners/install/turtlebot3_gazebo/share/turtlebot3_gazebo//models/turtlebot3_house
[1.045s] -- Up-to-date: /home/vatsan/robo/src/ros2_learners/install/turtlebot3_gazebo/share/turtlebot3_gazebo//models/turtlebot3_house/model.config
[1.045s] -- Up-to-date: /home/vatsan/robo/src/ros2_learners/install/turtlebot3_gazebo/share/turtlebot3_gazebo//models/turtlebot3_house/model.sdf
[1.045s] -- Up-to-date: /home/vatsan/robo/src/ros2_learners/install/turtlebot3_gazebo/share/turtlebot3_gazebo//rviz
[1.045s] -- Up-to-date: /home/vatsan/robo/src/ros2_learners/install/turtlebot3_gazebo/share/turtlebot3_gazebo//rviz/tb3_gazebo.rviz
[1.046s] -- Up-to-date: /home/vatsan/robo/src/ros2_learners/install/turtlebot3_gazebo/share/turtlebot3_gazebo//urdf
[1.046s] -- Up-to-date: /home/vatsan/robo/src/ros2_learners/install/turtlebot3_gazebo/share/turtlebot3_gazebo//urdf/turtlebot3_burger.urdf
[1.046s] -- Up-to-date: /home/vatsan/robo/src/ros2_learners/install/turtlebot3_gazebo/share/turtlebot3_gazebo//urdf/turtlebot3_waffle_pi.urdf
[1.046s] -- Up-to-date: /home/vatsan/robo/src/ros2_learners/install/turtlebot3_gazebo/share/turtlebot3_gazebo//urdf/turtlebot3_waffle.urdf
[1.046s] -- Up-to-date: /home/vatsan/robo/src/ros2_learners/install/turtlebot3_gazebo/share/turtlebot3_gazebo//urdf/common_properties.urdf
[1.046s] -- Up-to-date: /home/vatsan/robo/src/ros2_learners/install/turtlebot3_gazebo/share/turtlebot3_gazebo//worlds
[1.046s] -- Up-to-date: /home/vatsan/robo/src/ros2_learners/install/turtlebot3_gazebo/share/turtlebot3_gazebo//worlds/turtlebot3_world.world
[1.046s] -- Up-to-date: /home/vatsan/robo/src/ros2_learners/install/turtlebot3_gazebo/share/turtlebot3_gazebo//worlds/warehouse_willow.world
[1.046s] -- Up-to-date: /home/vatsan/robo/src/ros2_learners/install/turtlebot3_gazebo/share/turtlebot3_gazebo//worlds/RL (copy).world
[1.046s] -- Up-to-date: /home/vatsan/robo/src/ros2_learners/install/turtlebot3_gazebo/share/turtlebot3_gazebo//worlds/turtlebot3_house.world
[1.047s] -- Up-to-date: /home/vatsan/robo/src/ros2_learners/install/turtlebot3_gazebo/share/turtlebot3_gazebo//worlds/empty_world.world
[1.047s] -- Up-to-date: /home/vatsan/robo/src/ros2_learners/install/turtlebot3_gazebo/share/turtlebot3_gazebo//worlds/warehouse.world
[1.047s] -- Up-to-date: /home/vatsan/robo/src/ros2_learners/install/turtlebot3_gazebo/share/turtlebot3_gazebo//worlds/RL.world
[1.047s] -- Up-to-date: /home/vatsan/robo/src/ros2_learners/install/turtlebot3_gazebo/share/turtlebot3_gazebo//worlds/turtlebot3_dqn_stage1.world
[1.047s] -- Up-to-date: /home/vatsan/robo/src/ros2_learners/install/turtlebot3_gazebo/share/turtlebot3_gazebo//worlds/damn.world
[1.047s] -- Up-to-date: /home/vatsan/robo/src/ros2_learners/install/turtlebot3_gazebo/share/turtlebot3_gazebo//worlds/final_new.world
[1.047s] -- Installing: /home/vatsan/robo/src/ros2_learners/install/turtlebot3_gazebo/share/turtlebot3_gazebo//worlds/willow_garage.world
[1.047s] -- Up-to-date: /home/vatsan/robo/src/ros2_learners/install/turtlebot3_gazebo/share/turtlebot3_gazebo//worlds/final.world
[1.047s] -- Up-to-date: /home/vatsan/robo/src/ros2_learners/install/turtlebot3_gazebo/share/turtlebot3_gazebo//worlds/turtlebot3_dqn_stage3.world
[1.047s] -- Up-to-date: /home/vatsan/robo/src/ros2_learners/install/turtlebot3_gazebo/share/turtlebot3_gazebo//worlds/turtlebot3_dqn_stage2.world
[1.047s] -- Up-to-date: /home/vatsan/robo/src/ros2_learners/install/turtlebot3_gazebo/share/turtlebot3_gazebo//worlds/warehouse_old.world
[1.048s] -- Up-to-date: /home/vatsan/robo/src/ros2_learners/install/turtlebot3_gazebo/share/turtlebot3_gazebo//worlds/turtlebot3_dqn_stage4.world
[1.048s] -- Up-to-date: /home/vatsan/robo/src/ros2_learners/install/turtlebot3_gazebo/include/
[1.048s] -- Up-to-date: /home/vatsan/robo/src/ros2_learners/install/turtlebot3_gazebo/include//turtlebot3_gazebo
[1.048s] -- Up-to-date: /home/vatsan/robo/src/ros2_learners/install/turtlebot3_gazebo/include//turtlebot3_gazebo/turtlebot3_drive.hpp
[1.048s] -- Up-to-date: /home/vatsan/robo/src/ros2_learners/install/turtlebot3_gazebo/share/ament_index/resource_index/package_run_dependencies/turtlebot3_gazebo
[1.048s] -- Up-to-date: /home/vatsan/robo/src/ros2_learners/install/turtlebot3_gazebo/share/ament_index/resource_index/parent_prefix_path/turtlebot3_gazebo
[1.048s] -- Up-to-date: /home/vatsan/robo/src/ros2_learners/install/turtlebot3_gazebo/share/turtlebot3_gazebo/environment/ament_prefix_path.sh
[1.048s] -- Up-to-date: /home/vatsan/robo/src/ros2_learners/install/turtlebot3_gazebo/share/turtlebot3_gazebo/environment/ament_prefix_path.dsv
[1.048s] -- Up-to-date: /home/vatsan/robo/src/ros2_learners/install/turtlebot3_gazebo/share/turtlebot3_gazebo/environment/path.sh
[1.049s] -- Up-to-date: /home/vatsan/robo/src/ros2_learners/install/turtlebot3_gazebo/share/turtlebot3_gazebo/environment/path.dsv
[1.049s] -- Up-to-date: /home/vatsan/robo/src/ros2_learners/install/turtlebot3_gazebo/share/turtlebot3_gazebo/local_setup.bash
[1.049s] -- Up-to-date: /home/vatsan/robo/src/ros2_learners/install/turtlebot3_gazebo/share/turtlebot3_gazebo/local_setup.sh
[1.049s] -- Up-to-date: /home/vatsan/robo/src/ros2_learners/install/turtlebot3_gazebo/share/turtlebot3_gazebo/local_setup.zsh
[1.049s] -- Up-to-date: /home/vatsan/robo/src/ros2_learners/install/turtlebot3_gazebo/share/turtlebot3_gazebo/local_setup.dsv
[1.049s] -- Installing: /home/vatsan/robo/src/ros2_learners/install/turtlebot3_gazebo/share/turtlebot3_gazebo/package.dsv
[1.049s] -- Up-to-date: /home/vatsan/robo/src/ros2_learners/install/turtlebot3_gazebo/share/ament_index/resource_index/packages/turtlebot3_gazebo
[1.049s] -- Up-to-date: /home/vatsan/robo/src/ros2_learners/install/turtlebot3_gazebo/share/turtlebot3_gazebo/cmake/ament_cmake_export_include_directories-extras.cmake
[1.049s] -- Up-to-date: /home/vatsan/robo/src/ros2_learners/install/turtlebot3_gazebo/share/turtlebot3_gazebo/cmake/ament_cmake_export_dependencies-extras.cmake
[1.049s] -- Up-to-date: /home/vatsan/robo/src/ros2_learners/install/turtlebot3_gazebo/share/turtlebot3_gazebo/cmake/turtlebot3_gazeboConfig.cmake
[1.049s] -- Up-to-date: /home/vatsan/robo/src/ros2_learners/install/turtlebot3_gazebo/share/turtlebot3_gazebo/cmake/turtlebot3_gazeboConfig-version.cmake
[1.050s] -- Up-to-date: /home/vatsan/robo/src/ros2_learners/install/turtlebot3_gazebo/share/turtlebot3_gazebo/package.xml
[1.051s] Invoked command in '/home/vatsan/robo/src/ros2_learners/build/turtlebot3_gazebo' returned '0': CMAKE_PREFIX_PATH=/opt/ros/humble DEBUGINFOD_URLS=https://debuginfod.ubuntu.com /home/vatsan/.local/bin/cmake --install /home/vatsan/robo/src/ros2_learners/build/turtlebot3_gazebo
