running egg_info
creating ../build/my_robot_controller/my_robot_controller.egg-info
writing ../build/my_robot_controller/my_robot_controller.egg-info/PKG-INFO
writing dependency_links to ../build/my_robot_controller/my_robot_controller.egg-info/dependency_links.txt
writing entry points to ../build/my_robot_controller/my_robot_controller.egg-info/entry_points.txt
writing requirements to ../build/my_robot_controller/my_robot_controller.egg-info/requires.txt
writing top-level names to ../build/my_robot_controller/my_robot_controller.egg-info/top_level.txt
writing manifest file '../build/my_robot_controller/my_robot_controller.egg-info/SOURCES.txt'
reading manifest file '../build/my_robot_controller/my_robot_controller.egg-info/SOURCES.txt'
adding license file 'LICENSE'
writing manifest file '../build/my_robot_controller/my_robot_controller.egg-info/SOURCES.txt'
running build
running build_py
creating /home/vatsan/robo/src/ros2_learners/build/my_robot_controller/build
creating /home/vatsan/robo/src/ros2_learners/build/my_robot_controller/build/lib
creating /home/vatsan/robo/src/ros2_learners/build/my_robot_controller/build/lib/my_robot_controller
copying my_robot_controller/keras_ddpg.py -> /home/vatsan/robo/src/ros2_learners/build/my_robot_controller/build/lib/my_robot_controller
copying my_robot_controller/DDPG.py -> /home/vatsan/robo/src/ros2_learners/build/my_robot_controller/build/lib/my_robot_controller
copying my_robot_controller/ddpg.py -> /home/vatsan/robo/src/ros2_learners/build/my_robot_controller/build/lib/my_robot_controller
copying my_robot_controller/GazeboEnv (copy).py -> /home/vatsan/robo/src/ros2_learners/build/my_robot_controller/build/lib/my_robot_controller
copying my_robot_controller/simplified_q.py -> /home/vatsan/robo/src/ros2_learners/build/my_robot_controller/build/lib/my_robot_controller
copying my_robot_controller/common_definitions.py -> /home/vatsan/robo/src/ros2_learners/build/my_robot_controller/build/lib/my_robot_controller
copying my_robot_controller/_Utils.py -> /home/vatsan/robo/src/ros2_learners/build/my_robot_controller/build/lib/my_robot_controller
copying my_robot_controller/__init__.py -> /home/vatsan/robo/src/ros2_learners/build/my_robot_controller/build/lib/my_robot_controller
copying my_robot_controller/q_learning.py -> /home/vatsan/robo/src/ros2_learners/build/my_robot_controller/build/lib/my_robot_controller
copying my_robot_controller/Utils.py -> /home/vatsan/robo/src/ros2_learners/build/my_robot_controller/build/lib/my_robot_controller
copying my_robot_controller/updated_keras_ddpg.py -> /home/vatsan/robo/src/ros2_learners/build/my_robot_controller/build/lib/my_robot_controller
copying my_robot_controller/GazeboEnv.py -> /home/vatsan/robo/src/ros2_learners/build/my_robot_controller/build/lib/my_robot_controller
running install
running install_lib
creating /home/vatsan/robo/src/ros2_learners/install/my_robot_controller/lib/python3.10/site-packages/my_robot_controller
copying /home/vatsan/robo/src/ros2_learners/build/my_robot_controller/build/lib/my_robot_controller/keras_ddpg.py -> /home/vatsan/robo/src/ros2_learners/install/my_robot_controller/lib/python3.10/site-packages/my_robot_controller
copying /home/vatsan/robo/src/ros2_learners/build/my_robot_controller/build/lib/my_robot_controller/DDPG.py -> /home/vatsan/robo/src/ros2_learners/install/my_robot_controller/lib/python3.10/site-packages/my_robot_controller
copying /home/vatsan/robo/src/ros2_learners/build/my_robot_controller/build/lib/my_robot_controller/ddpg.py -> /home/vatsan/robo/src/ros2_learners/install/my_robot_controller/lib/python3.10/site-packages/my_robot_controller
copying /home/vatsan/robo/src/ros2_learners/build/my_robot_controller/build/lib/my_robot_controller/GazeboEnv (copy).py -> /home/vatsan/robo/src/ros2_learners/install/my_robot_controller/lib/python3.10/site-packages/my_robot_controller
copying /home/vatsan/robo/src/ros2_learners/build/my_robot_controller/build/lib/my_robot_controller/simplified_q.py -> /home/vatsan/robo/src/ros2_learners/install/my_robot_controller/lib/python3.10/site-packages/my_robot_controller
copying /home/vatsan/robo/src/ros2_learners/build/my_robot_controller/build/lib/my_robot_controller/common_definitions.py -> /home/vatsan/robo/src/ros2_learners/install/my_robot_controller/lib/python3.10/site-packages/my_robot_controller
copying /home/vatsan/robo/src/ros2_learners/build/my_robot_controller/build/lib/my_robot_controller/_Utils.py -> /home/vatsan/robo/src/ros2_learners/install/my_robot_controller/lib/python3.10/site-packages/my_robot_controller
copying /home/vatsan/robo/src/ros2_learners/build/my_robot_controller/build/lib/my_robot_controller/__init__.py -> /home/vatsan/robo/src/ros2_learners/install/my_robot_controller/lib/python3.10/site-packages/my_robot_controller
copying /home/vatsan/robo/src/ros2_learners/build/my_robot_controller/build/lib/my_robot_controller/q_learning.py -> /home/vatsan/robo/src/ros2_learners/install/my_robot_controller/lib/python3.10/site-packages/my_robot_controller
copying /home/vatsan/robo/src/ros2_learners/build/my_robot_controller/build/lib/my_robot_controller/Utils.py -> /home/vatsan/robo/src/ros2_learners/install/my_robot_controller/lib/python3.10/site-packages/my_robot_controller
copying /home/vatsan/robo/src/ros2_learners/build/my_robot_controller/build/lib/my_robot_controller/updated_keras_ddpg.py -> /home/vatsan/robo/src/ros2_learners/install/my_robot_controller/lib/python3.10/site-packages/my_robot_controller
copying /home/vatsan/robo/src/ros2_learners/build/my_robot_controller/build/lib/my_robot_controller/GazeboEnv.py -> /home/vatsan/robo/src/ros2_learners/install/my_robot_controller/lib/python3.10/site-packages/my_robot_controller
byte-compiling /home/vatsan/robo/src/ros2_learners/install/my_robot_controller/lib/python3.10/site-packages/my_robot_controller/keras_ddpg.py to keras_ddpg.cpython-310.pyc
byte-compiling /home/vatsan/robo/src/ros2_learners/install/my_robot_controller/lib/python3.10/site-packages/my_robot_controller/DDPG.py to DDPG.cpython-310.pyc
byte-compiling /home/vatsan/robo/src/ros2_learners/install/my_robot_controller/lib/python3.10/site-packages/my_robot_controller/ddpg.py to ddpg.cpython-310.pyc
byte-compiling /home/vatsan/robo/src/ros2_learners/install/my_robot_controller/lib/python3.10/site-packages/my_robot_controller/GazeboEnv (copy).py to GazeboEnv (copy).cpython-310.pyc
byte-compiling /home/vatsan/robo/src/ros2_learners/install/my_robot_controller/lib/python3.10/site-packages/my_robot_controller/simplified_q.py to simplified_q.cpython-310.pyc
byte-compiling /home/vatsan/robo/src/ros2_learners/install/my_robot_controller/lib/python3.10/site-packages/my_robot_controller/common_definitions.py to common_definitions.cpython-310.pyc
byte-compiling /home/vatsan/robo/src/ros2_learners/install/my_robot_controller/lib/python3.10/site-packages/my_robot_controller/_Utils.py to _Utils.cpython-310.pyc
byte-compiling /home/vatsan/robo/src/ros2_learners/install/my_robot_controller/lib/python3.10/site-packages/my_robot_controller/__init__.py to __init__.cpython-310.pyc
byte-compiling /home/vatsan/robo/src/ros2_learners/install/my_robot_controller/lib/python3.10/site-packages/my_robot_controller/q_learning.py to q_learning.cpython-310.pyc
byte-compiling /home/vatsan/robo/src/ros2_learners/install/my_robot_controller/lib/python3.10/site-packages/my_robot_controller/Utils.py to Utils.cpython-310.pyc
byte-compiling /home/vatsan/robo/src/ros2_learners/install/my_robot_controller/lib/python3.10/site-packages/my_robot_controller/updated_keras_ddpg.py to updated_keras_ddpg.cpython-310.pyc
byte-compiling /home/vatsan/robo/src/ros2_learners/install/my_robot_controller/lib/python3.10/site-packages/my_robot_controller/GazeboEnv.py to GazeboEnv.cpython-310.pyc
running install_data
creating /home/vatsan/robo/src/ros2_learners/install/my_robot_controller/share/ament_index
creating /home/vatsan/robo/src/ros2_learners/install/my_robot_controller/share/ament_index/resource_index
creating /home/vatsan/robo/src/ros2_learners/install/my_robot_controller/share/ament_index/resource_index/packages
copying resource/my_robot_controller -> /home/vatsan/robo/src/ros2_learners/install/my_robot_controller/share/ament_index/resource_index/packages
copying package.xml -> /home/vatsan/robo/src/ros2_learners/install/my_robot_controller/share/my_robot_controller
running install_egg_info
Copying ../build/my_robot_controller/my_robot_controller.egg-info to /home/vatsan/robo/src/ros2_learners/install/my_robot_controller/lib/python3.10/site-packages/my_robot_controller-0.0.0-py3.10.egg-info
running install_scripts
Installing DDPG script to /home/vatsan/robo/src/ros2_learners/install/my_robot_controller/lib/my_robot_controller
Installing common_def script to /home/vatsan/robo/src/ros2_learners/install/my_robot_controller/lib/my_robot_controller
Installing ddpg script to /home/vatsan/robo/src/ros2_learners/install/my_robot_controller/lib/my_robot_controller
Installing draw_circle script to /home/vatsan/robo/src/ros2_learners/install/my_robot_controller/lib/my_robot_controller
Installing number_count script to /home/vatsan/robo/src/ros2_learners/install/my_robot_controller/lib/my_robot_controller
Installing number_publish script to /home/vatsan/robo/src/ros2_learners/install/my_robot_controller/lib/my_robot_controller
Installing pose_publish script to /home/vatsan/robo/src/ros2_learners/install/my_robot_controller/lib/my_robot_controller
Installing pose_subscribe script to /home/vatsan/robo/src/ros2_learners/install/my_robot_controller/lib/my_robot_controller
Installing q_learning script to /home/vatsan/robo/src/ros2_learners/install/my_robot_controller/lib/my_robot_controller
Installing reset_count script to /home/vatsan/robo/src/ros2_learners/install/my_robot_controller/lib/my_robot_controller
Installing test_node script to /home/vatsan/robo/src/ros2_learners/install/my_robot_controller/lib/my_robot_controller
Installing updated_keras_ddpg script to /home/vatsan/robo/src/ros2_learners/install/my_robot_controller/lib/my_robot_controller
writing list of installed files to '/home/vatsan/robo/src/ros2_learners/build/my_robot_controller/install.log'
