[0.722s] Invoking command in '/home/vatsan/robo/src/ros2_learners/build/transforms': CMAKE_PREFIX_PATH=/opt/ros/humble DEBUGINFOD_URLS=https://debuginfod.ubuntu.com /home/vatsan/.local/bin/cmake --build /home/vatsan/robo/src/ros2_learners/build/transforms -- -j8 -l8
[0.828s] [ 20%] Built target rotation_frame
[0.828s] [ 40%] Built target translation_frame
[0.828s] [ 60%] Built target frame_chains
[0.828s] [ 80%] Built target transform_order
[0.829s] [100%] Built target static_dynamic_frame
[0.843s] Invoked command in '/home/vatsan/robo/src/ros2_learners/build/transforms' returned '0': CMAKE_PREFIX_PATH=/opt/ros/humble DEBUGINFOD_URLS=https://debuginfod.ubuntu.com /home/vatsan/.local/bin/cmake --build /home/vatsan/robo/src/ros2_learners/build/transforms -- -j8 -l8
[0.849s] Invoking command in '/home/vatsan/robo/src/ros2_learners/build/transforms': CMAKE_PREFIX_PATH=/opt/ros/humble DEBUGINFOD_URLS=https://debuginfod.ubuntu.com /home/vatsan/.local/bin/cmake --install /home/vatsan/robo/src/ros2_learners/build/transforms
[0.950s] -- Install configuration: ""
[0.951s] -- Up-to-date: /home/vatsan/robo/src/ros2_learners/install/transforms/lib/transforms/translation_frame
[0.952s] -- Up-to-date: /home/vatsan/robo/src/ros2_learners/install/transforms/lib/transforms/rotation_frame
[0.953s] -- Up-to-date: /home/vatsan/robo/src/ros2_learners/install/transforms/lib/transforms/transform_order
[0.953s] -- Up-to-date: /home/vatsan/robo/src/ros2_learners/install/transforms/lib/transforms/frame_chains
[0.954s] -- Up-to-date: /home/vatsan/robo/src/ros2_learners/install/transforms/lib/transforms/static_dynamic_frame
[0.955s] -- Up-to-date: /home/vatsan/robo/src/ros2_learners/install/transforms/share/transforms/launch
[0.955s] -- Up-to-date: /home/vatsan/robo/src/ros2_learners/install/transforms/share/transforms/launch/rviz.launch.py
[0.955s] -- Up-to-date: /home/vatsan/robo/src/ros2_learners/install/transforms/share/transforms/launch/gazebo.launch.py
[0.955s] -- Up-to-date: /home/vatsan/robo/src/ros2_learners/install/transforms/share/transforms/urdf
[0.955s] -- Up-to-date: /home/vatsan/robo/src/ros2_learners/install/transforms/share/transforms/urdf/diff_drive.urdf
[0.955s] -- Up-to-date: /home/vatsan/robo/src/ros2_learners/install/transforms/share/transforms/config
[0.956s] -- Up-to-date: /home/vatsan/robo/src/ros2_learners/install/transforms/share/transforms/config/urdf_view.rviz
[0.957s] -- Up-to-date: /home/vatsan/robo/src/ros2_learners/install/transforms/share/ament_index/resource_index/package_run_dependencies/transforms
[0.957s] -- Up-to-date: /home/vatsan/robo/src/ros2_learners/install/transforms/share/ament_index/resource_index/parent_prefix_path/transforms
[0.957s] -- Up-to-date: /home/vatsan/robo/src/ros2_learners/install/transforms/share/transforms/environment/ament_prefix_path.sh
[0.957s] -- Up-to-date: /home/vatsan/robo/src/ros2_learners/install/transforms/share/transforms/environment/ament_prefix_path.dsv
[0.957s] -- Up-to-date: /home/vatsan/robo/src/ros2_learners/install/transforms/share/transforms/environment/path.sh
[0.957s] -- Up-to-date: /home/vatsan/robo/src/ros2_learners/install/transforms/share/transforms/environment/path.dsv
[0.957s] -- Up-to-date: /home/vatsan/robo/src/ros2_learners/install/transforms/share/transforms/local_setup.bash
[0.957s] -- Up-to-date: /home/vatsan/robo/src/ros2_learners/install/transforms/share/transforms/local_setup.sh
[0.957s] -- Up-to-date: /home/vatsan/robo/src/ros2_learners/install/transforms/share/transforms/local_setup.zsh
[0.957s] -- Up-to-date: /home/vatsan/robo/src/ros2_learners/install/transforms/share/transforms/local_setup.dsv
[0.957s] -- Installing: /home/vatsan/robo/src/ros2_learners/install/transforms/share/transforms/package.dsv
[0.957s] -- Up-to-date: /home/vatsan/robo/src/ros2_learners/install/transforms/share/ament_index/resource_index/packages/transforms
[0.958s] -- Up-to-date: /home/vatsan/robo/src/ros2_learners/install/transforms/share/transforms/cmake/transformsConfig.cmake
[0.958s] -- Up-to-date: /home/vatsan/robo/src/ros2_learners/install/transforms/share/transforms/cmake/transformsConfig-version.cmake
[0.958s] -- Up-to-date: /home/vatsan/robo/src/ros2_learners/install/transforms/share/transforms/package.xml
[0.972s] Invoked command in '/home/vatsan/robo/src/ros2_learners/build/transforms' returned '0': CMAKE_PREFIX_PATH=/opt/ros/humble DEBUGINFOD_URLS=https://debuginfod.ubuntu.com /home/vatsan/.local/bin/cmake --install /home/vatsan/robo/src/ros2_learners/build/transforms
