-- The C compiler identification is GNU 11.4.0
-- The CXX compiler identification is GNU 11.4.0
-- Detecting C compiler ABI info
-- Detecting C compiler ABI info - done
-- Check for working C compiler: /usr/bin/cc - skipped
-- Detecting C compile features
-- Detecting C compile features - done
-- Detecting CXX compiler ABI info
-- Detecting CXX compiler ABI info - done
-- Check for working CXX compiler: /usr/bin/c++ - skipped
-- Detecting CXX compile features
-- Detecting CXX compile features - done
-- Found ament_cmake: 1.3.10 (/opt/ros/humble/share/ament_cmake/cmake)
-- Found Python3: /usr/bin/python3 (found version "3.10.12") found components: Interpreter
-- Found rclcpp: 16.0.10 (/opt/ros/humble/share/rclcpp/cmake)
-- Found rosidl_generator_c: 3.1.5 (/opt/ros/humble/share/rosidl_generator_c/cmake)
-- Found rosidl_adapter: 3.1.5 (/opt/ros/humble/share/rosidl_adapter/cmake)
-- Found rosidl_generator_cpp: 3.1.5 (/opt/ros/humble/share/rosidl_generator_cpp/cmake)
-- Using all available rosidl_typesupport_c: rosidl_typesupport_fastrtps_c;rosidl_typesupport_introspection_c
-- Using all available rosidl_typesupport_cpp: rosidl_typesupport_fastrtps_cpp;rosidl_typesupport_introspection_cpp
-- Found rmw_implementation_cmake: 6.1.2 (/opt/ros/humble/share/rmw_implementation_cmake/cmake)
-- Found rmw_fastrtps_cpp: 6.2.7 (/opt/ros/humble/share/rmw_fastrtps_cpp/cmake)
-- Found OpenSSL: /usr/lib/x86_64-linux-gnu/libcrypto.so (found version "3.0.2")
-- Found FastRTPS: /opt/ros/humble/include
-- Using RMW implementation 'rmw_fastrtps_cpp' as default
-- Performing Test CMAKE_HAVE_LIBC_PTHREAD
[0mCMake Deprecation Warning at CMakeLists.txt:1 (cmake_minimum_required):
  Compatibility with CMake < 3.10 will be removed from a future version of
  CMake.

  Update the VERSION argument <min> value.  Or, use the <min>...<max> syntax
  to tell CMake that the project requires at least <min> but has been updated
  to work with policies introduced by <max> or earlier.

[0m
-- Performing Test CMAKE_HAVE_LIBC_PTHREAD - Success
-- Found Threads: TRUE
-- Found nav_msgs: 4.2.4 (/opt/ros/humble/share/nav_msgs/cmake)
-- Found rclpy: 3.3.14 (/opt/ros/humble/share/rclpy/cmake)
-- Configuring done (1.1s)
-- Generating done (0.0s)
-- Build files have been written to: /home/vatsan/robo/src/ros2_learners/build/navigation_tb3
[ 50%] [32mBuilding CXX object CMakeFiles/pub_occupancy_grid.dir/src/pub_occupancy_grid.cpp.o[0m
[ 50%] Built target ament_cmake_python_copy_navigation_tb3
running egg_info
creating navigation_tb3.egg-info
writing navigation_tb3.egg-info/PKG-INFO
writing dependency_links to navigation_tb3.egg-info/dependency_links.txt
writing top-level names to navigation_tb3.egg-info/top_level.txt
writing manifest file 'navigation_tb3.egg-info/SOURCES.txt'
reading manifest file 'navigation_tb3.egg-info/SOURCES.txt'
writing manifest file 'navigation_tb3.egg-info/SOURCES.txt'
[ 50%] Built target ament_cmake_python_build_navigation_tb3_egg
[100%] [32m[1mLinking CXX executable pub_occupancy_grid[0m
[100%] Built target pub_occupancy_grid
-- Install configuration: ""
-- Installing: /home/vatsan/robo/src/ros2_learners/install/navigation_tb3/lib/navigation_tb3/pub_occupancy_grid
-- Set non-toolchain portion of runtime path of "/home/vatsan/robo/src/ros2_learners/install/navigation_tb3/lib/navigation_tb3/pub_occupancy_grid" to ""
-- Installing: /home/vatsan/robo/src/ros2_learners/install/navigation_tb3/share/navigation_tb3/launch
-- Installing: /home/vatsan/robo/src/ros2_learners/install/navigation_tb3/share/navigation_tb3/launch/mapping.launch.py
-- Installing: /home/vatsan/robo/src/ros2_learners/install/navigation_tb3/share/navigation_tb3/launch/navigation.launch.py
-- Installing: /home/vatsan/robo/src/ros2_learners/install/navigation_tb3/share/navigation_tb3/config
-- Installing: /home/vatsan/robo/src/ros2_learners/install/navigation_tb3/share/navigation_tb3/config/mapping.rviz
-- Installing: /home/vatsan/robo/src/ros2_learners/install/navigation_tb3/share/navigation_tb3/config/tb3_nav2_params.yaml
-- Installing: /home/vatsan/robo/src/ros2_learners/install/navigation_tb3/share/navigation_tb3/config/tb3_map.pgm
-- Installing: /home/vatsan/robo/src/ros2_learners/install/navigation_tb3/share/navigation_tb3/config/tb3_map.yaml
-- Installing: /home/vatsan/robo/src/ros2_learners/install/navigation_tb3/share/navigation_tb3/config/navigation.rviz
-- Installing: /home/vatsan/robo/src/ros2_learners/install/navigation_tb3/share/navigation_tb3/config/turtlebot3_lds_2d.lua
-- Installing: /home/vatsan/robo/src/ros2_learners/install/navigation_tb3/share/navigation_tb3/environment/pythonpath.sh
-- Installing: /home/vatsan/robo/src/ros2_learners/install/navigation_tb3/share/navigation_tb3/environment/pythonpath.dsv
-- Installing: /home/vatsan/robo/src/ros2_learners/install/navigation_tb3/local/lib/python3.10/dist-packages/navigation_tb3-0.0.0-py3.10.egg-info
-- Installing: /home/vatsan/robo/src/ros2_learners/install/navigation_tb3/local/lib/python3.10/dist-packages/navigation_tb3-0.0.0-py3.10.egg-info/dependency_links.txt
-- Installing: /home/vatsan/robo/src/ros2_learners/install/navigation_tb3/local/lib/python3.10/dist-packages/navigation_tb3-0.0.0-py3.10.egg-info/top_level.txt
-- Installing: /home/vatsan/robo/src/ros2_learners/install/navigation_tb3/local/lib/python3.10/dist-packages/navigation_tb3-0.0.0-py3.10.egg-info/PKG-INFO
-- Installing: /home/vatsan/robo/src/ros2_learners/install/navigation_tb3/local/lib/python3.10/dist-packages/navigation_tb3-0.0.0-py3.10.egg-info/SOURCES.txt
-- Installing: /home/vatsan/robo/src/ros2_learners/install/navigation_tb3/local/lib/python3.10/dist-packages/navigation_tb3
-- Installing: /home/vatsan/robo/src/ros2_learners/install/navigation_tb3/local/lib/python3.10/dist-packages/navigation_tb3/__init__.py
Listing '/home/vatsan/robo/src/ros2_learners/install/navigation_tb3/local/lib/python3.10/dist-packages/navigation_tb3'...
Compiling '/home/vatsan/robo/src/ros2_learners/install/navigation_tb3/local/lib/python3.10/dist-packages/navigation_tb3/__init__.py'...
-- Installing: /home/vatsan/robo/src/ros2_learners/install/navigation_tb3/lib/navigation_tb3/single_goal_nav.py
-- Installing: /home/vatsan/robo/src/ros2_learners/install/navigation_tb3/lib/navigation_tb3/multi_waypoints.py
-- Installing: /home/vatsan/robo/src/ros2_learners/install/navigation_tb3/share/ament_index/resource_index/package_run_dependencies/navigation_tb3
-- Installing: /home/vatsan/robo/src/ros2_learners/install/navigation_tb3/share/ament_index/resource_index/parent_prefix_path/navigation_tb3
-- Installing: /home/vatsan/robo/src/ros2_learners/install/navigation_tb3/share/navigation_tb3/environment/ament_prefix_path.sh
-- Installing: /home/vatsan/robo/src/ros2_learners/install/navigation_tb3/share/navigation_tb3/environment/ament_prefix_path.dsv
-- Installing: /home/vatsan/robo/src/ros2_learners/install/navigation_tb3/share/navigation_tb3/environment/path.sh
-- Installing: /home/vatsan/robo/src/ros2_learners/install/navigation_tb3/share/navigation_tb3/environment/path.dsv
-- Installing: /home/vatsan/robo/src/ros2_learners/install/navigation_tb3/share/navigation_tb3/local_setup.bash
-- Installing: /home/vatsan/robo/src/ros2_learners/install/navigation_tb3/share/navigation_tb3/local_setup.sh
-- Installing: /home/vatsan/robo/src/ros2_learners/install/navigation_tb3/share/navigation_tb3/local_setup.zsh
-- Installing: /home/vatsan/robo/src/ros2_learners/install/navigation_tb3/share/navigation_tb3/local_setup.dsv
-- Installing: /home/vatsan/robo/src/ros2_learners/install/navigation_tb3/share/navigation_tb3/package.dsv
-- Installing: /home/vatsan/robo/src/ros2_learners/install/navigation_tb3/share/ament_index/resource_index/packages/navigation_tb3
-- Installing: /home/vatsan/robo/src/ros2_learners/install/navigation_tb3/share/navigation_tb3/cmake/navigation_tb3Config.cmake
-- Installing: /home/vatsan/robo/src/ros2_learners/install/navigation_tb3/share/navigation_tb3/cmake/navigation_tb3Config-version.cmake
-- Installing: /home/vatsan/robo/src/ros2_learners/install/navigation_tb3/share/navigation_tb3/package.xml
