[0.248s] Invoking command in '/home/vatsan/robo/src/ros2_learners/build/navigation_tb3': CMAKE_PREFIX_PATH=/opt/ros/humble DEBUGINFOD_URLS=https://debuginfod.ubuntu.com /home/vatsan/.local/bin/cmake /home/vatsan/robo/src/ros2_learners/navigation_tb3 -DCMAKE_INSTALL_PREFIX=/home/vatsan/robo/src/ros2_learners/install/navigation_tb3
[0.991s] -- The C compiler identification is GNU 11.4.0
[0.991s] -- The CXX compiler identification is GNU 11.4.0
[0.991s] -- Detecting C compiler ABI info
[0.991s] -- Detecting C compiler ABI info - done
[0.992s] -- Check for working C compiler: /usr/bin/cc - skipped
[0.992s] -- Detecting C compile features
[0.992s] -- Detecting C compile features - done
[0.992s] -- Detecting CXX compiler ABI info
[0.993s] -- Detecting CXX compiler ABI info - done
[0.993s] -- Check for working CXX compiler: /usr/bin/c++ - skipped
[0.993s] -- Detecting CXX compile features
[0.993s] -- Detecting CXX compile features - done
[0.993s] -- Found ament_cmake: 1.3.10 (/opt/ros/humble/share/ament_cmake/cmake)
[0.993s] -- Found Python3: /usr/bin/python3 (found version "3.10.12") found components: Interpreter
[0.993s] -- Found rclcpp: 16.0.10 (/opt/ros/humble/share/rclcpp/cmake)
[0.993s] -- Found rosidl_generator_c: 3.1.5 (/opt/ros/humble/share/rosidl_generator_c/cmake)
[0.993s] -- Found rosidl_adapter: 3.1.5 (/opt/ros/humble/share/rosidl_adapter/cmake)
[0.994s] -- Found rosidl_generator_cpp: 3.1.5 (/opt/ros/humble/share/rosidl_generator_cpp/cmake)
[0.994s] -- Using all available rosidl_typesupport_c: rosidl_typesupport_fastrtps_c;rosidl_typesupport_introspection_c
[0.994s] -- Using all available rosidl_typesupport_cpp: rosidl_typesupport_fastrtps_cpp;rosidl_typesupport_introspection_cpp
[0.994s] -- Found rmw_implementation_cmake: 6.1.2 (/opt/ros/humble/share/rmw_implementation_cmake/cmake)
[0.994s] -- Found rmw_fastrtps_cpp: 6.2.7 (/opt/ros/humble/share/rmw_fastrtps_cpp/cmake)
[0.994s] -- Found OpenSSL: /usr/lib/x86_64-linux-gnu/libcrypto.so (found version "3.0.2")
[0.994s] -- Found FastRTPS: /opt/ros/humble/include
[0.994s] -- Using RMW implementation 'rmw_fastrtps_cpp' as default
[0.995s] -- Performing Test CMAKE_HAVE_LIBC_PTHREAD
[0.996s] [0mCMake Deprecation Warning at CMakeLists.txt:1 (cmake_minimum_required):
[0.996s]   Compatibility with CMake < 3.10 will be removed from a future version of
[0.996s]   CMake.
[0.996s] 
[0.996s]   Update the VERSION argument <min> value.  Or, use the <min>...<max> syntax
[0.997s]   to tell CMake that the project requires at least <min> but has been updated
[0.997s]   to work with policies introduced by <max> or earlier.
[0.997s] 
[0.997s] [0m
[1.051s] -- Performing Test CMAKE_HAVE_LIBC_PTHREAD - Success
[1.052s] -- Found Threads: TRUE
[1.154s] -- Found nav_msgs: 4.2.4 (/opt/ros/humble/share/nav_msgs/cmake)
[1.213s] -- Found rclpy: 3.3.14 (/opt/ros/humble/share/rclpy/cmake)
[1.401s] -- Configuring done (1.1s)
[1.419s] -- Generating done (0.0s)
[1.424s] -- Build files have been written to: /home/vatsan/robo/src/ros2_learners/build/navigation_tb3
[1.439s] Invoked command in '/home/vatsan/robo/src/ros2_learners/build/navigation_tb3' returned '0': CMAKE_PREFIX_PATH=/opt/ros/humble DEBUGINFOD_URLS=https://debuginfod.ubuntu.com /home/vatsan/.local/bin/cmake /home/vatsan/robo/src/ros2_learners/navigation_tb3 -DCMAKE_INSTALL_PREFIX=/home/vatsan/robo/src/ros2_learners/install/navigation_tb3
[1.440s] Invoking command in '/home/vatsan/robo/src/ros2_learners/build/navigation_tb3': CMAKE_PREFIX_PATH=/opt/ros/humble DEBUGINFOD_URLS=https://debuginfod.ubuntu.com /home/vatsan/.local/bin/cmake --build /home/vatsan/robo/src/ros2_learners/build/navigation_tb3 -- -j8 -l8
[1.599s] [ 50%] [32mBuilding CXX object CMakeFiles/pub_occupancy_grid.dir/src/pub_occupancy_grid.cpp.o[0m
[1.610s] [ 50%] Built target ament_cmake_python_copy_navigation_tb3
[2.068s] running egg_info
[2.068s] creating navigation_tb3.egg-info
[2.068s] writing navigation_tb3.egg-info/PKG-INFO
[2.068s] writing dependency_links to navigation_tb3.egg-info/dependency_links.txt
[2.068s] writing top-level names to navigation_tb3.egg-info/top_level.txt
[2.068s] writing manifest file 'navigation_tb3.egg-info/SOURCES.txt'
[2.072s] reading manifest file 'navigation_tb3.egg-info/SOURCES.txt'
[2.073s] writing manifest file 'navigation_tb3.egg-info/SOURCES.txt'
[2.114s] [ 50%] Built target ament_cmake_python_build_navigation_tb3_egg
[9.656s] [100%] [32m[1mLinking CXX executable pub_occupancy_grid[0m
[10.280s] [100%] Built target pub_occupancy_grid
[10.298s] Invoked command in '/home/vatsan/robo/src/ros2_learners/build/navigation_tb3' returned '0': CMAKE_PREFIX_PATH=/opt/ros/humble DEBUGINFOD_URLS=https://debuginfod.ubuntu.com /home/vatsan/.local/bin/cmake --build /home/vatsan/robo/src/ros2_learners/build/navigation_tb3 -- -j8 -l8
[10.410s] Invoking command in '/home/vatsan/robo/src/ros2_learners/build/navigation_tb3': CMAKE_PREFIX_PATH=/opt/ros/humble DEBUGINFOD_URLS=https://debuginfod.ubuntu.com /home/vatsan/.local/bin/cmake --install /home/vatsan/robo/src/ros2_learners/build/navigation_tb3
[10.533s] -- Install configuration: ""
[10.538s] -- Installing: /home/vatsan/robo/src/ros2_learners/install/navigation_tb3/lib/navigation_tb3/pub_occupancy_grid
[10.539s] -- Set non-toolchain portion of runtime path of "/home/vatsan/robo/src/ros2_learners/install/navigation_tb3/lib/navigation_tb3/pub_occupancy_grid" to ""
[10.539s] -- Installing: /home/vatsan/robo/src/ros2_learners/install/navigation_tb3/share/navigation_tb3/launch
[10.539s] -- Installing: /home/vatsan/robo/src/ros2_learners/install/navigation_tb3/share/navigation_tb3/launch/mapping.launch.py
[10.539s] -- Installing: /home/vatsan/robo/src/ros2_learners/install/navigation_tb3/share/navigation_tb3/launch/navigation.launch.py
[10.539s] -- Installing: /home/vatsan/robo/src/ros2_learners/install/navigation_tb3/share/navigation_tb3/config
[10.539s] -- Installing: /home/vatsan/robo/src/ros2_learners/install/navigation_tb3/share/navigation_tb3/config/mapping.rviz
[10.539s] -- Installing: /home/vatsan/robo/src/ros2_learners/install/navigation_tb3/share/navigation_tb3/config/tb3_nav2_params.yaml
[10.540s] -- Installing: /home/vatsan/robo/src/ros2_learners/install/navigation_tb3/share/navigation_tb3/config/tb3_map.pgm
[10.540s] -- Installing: /home/vatsan/robo/src/ros2_learners/install/navigation_tb3/share/navigation_tb3/config/tb3_map.yaml
[10.540s] -- Installing: /home/vatsan/robo/src/ros2_learners/install/navigation_tb3/share/navigation_tb3/config/navigation.rviz
[10.541s] -- Installing: /home/vatsan/robo/src/ros2_learners/install/navigation_tb3/share/navigation_tb3/config/turtlebot3_lds_2d.lua
[10.541s] -- Installing: /home/vatsan/robo/src/ros2_learners/install/navigation_tb3/share/navigation_tb3/environment/pythonpath.sh
[10.541s] -- Installing: /home/vatsan/robo/src/ros2_learners/install/navigation_tb3/share/navigation_tb3/environment/pythonpath.dsv
[10.545s] -- Installing: /home/vatsan/robo/src/ros2_learners/install/navigation_tb3/local/lib/python3.10/dist-packages/navigation_tb3-0.0.0-py3.10.egg-info
[10.545s] -- Installing: /home/vatsan/robo/src/ros2_learners/install/navigation_tb3/local/lib/python3.10/dist-packages/navigation_tb3-0.0.0-py3.10.egg-info/dependency_links.txt
[10.545s] -- Installing: /home/vatsan/robo/src/ros2_learners/install/navigation_tb3/local/lib/python3.10/dist-packages/navigation_tb3-0.0.0-py3.10.egg-info/top_level.txt
[10.545s] -- Installing: /home/vatsan/robo/src/ros2_learners/install/navigation_tb3/local/lib/python3.10/dist-packages/navigation_tb3-0.0.0-py3.10.egg-info/PKG-INFO
[10.545s] -- Installing: /home/vatsan/robo/src/ros2_learners/install/navigation_tb3/local/lib/python3.10/dist-packages/navigation_tb3-0.0.0-py3.10.egg-info/SOURCES.txt
[10.545s] -- Installing: /home/vatsan/robo/src/ros2_learners/install/navigation_tb3/local/lib/python3.10/dist-packages/navigation_tb3
[10.545s] -- Installing: /home/vatsan/robo/src/ros2_learners/install/navigation_tb3/local/lib/python3.10/dist-packages/navigation_tb3/__init__.py
[10.626s] Listing '/home/vatsan/robo/src/ros2_learners/install/navigation_tb3/local/lib/python3.10/dist-packages/navigation_tb3'...
[10.627s] Compiling '/home/vatsan/robo/src/ros2_learners/install/navigation_tb3/local/lib/python3.10/dist-packages/navigation_tb3/__init__.py'...
[10.645s] -- Installing: /home/vatsan/robo/src/ros2_learners/install/navigation_tb3/lib/navigation_tb3/single_goal_nav.py
[10.645s] -- Installing: /home/vatsan/robo/src/ros2_learners/install/navigation_tb3/lib/navigation_tb3/multi_waypoints.py
[10.645s] -- Installing: /home/vatsan/robo/src/ros2_learners/install/navigation_tb3/share/ament_index/resource_index/package_run_dependencies/navigation_tb3
[10.645s] -- Installing: /home/vatsan/robo/src/ros2_learners/install/navigation_tb3/share/ament_index/resource_index/parent_prefix_path/navigation_tb3
[10.646s] -- Installing: /home/vatsan/robo/src/ros2_learners/install/navigation_tb3/share/navigation_tb3/environment/ament_prefix_path.sh
[10.647s] -- Installing: /home/vatsan/robo/src/ros2_learners/install/navigation_tb3/share/navigation_tb3/environment/ament_prefix_path.dsv
[10.648s] -- Installing: /home/vatsan/robo/src/ros2_learners/install/navigation_tb3/share/navigation_tb3/environment/path.sh
[10.648s] -- Installing: /home/vatsan/robo/src/ros2_learners/install/navigation_tb3/share/navigation_tb3/environment/path.dsv
[10.648s] -- Installing: /home/vatsan/robo/src/ros2_learners/install/navigation_tb3/share/navigation_tb3/local_setup.bash
[10.648s] -- Installing: /home/vatsan/robo/src/ros2_learners/install/navigation_tb3/share/navigation_tb3/local_setup.sh
[10.648s] -- Installing: /home/vatsan/robo/src/ros2_learners/install/navigation_tb3/share/navigation_tb3/local_setup.zsh
[10.648s] -- Installing: /home/vatsan/robo/src/ros2_learners/install/navigation_tb3/share/navigation_tb3/local_setup.dsv
[10.648s] -- Installing: /home/vatsan/robo/src/ros2_learners/install/navigation_tb3/share/navigation_tb3/package.dsv
[10.648s] -- Installing: /home/vatsan/robo/src/ros2_learners/install/navigation_tb3/share/ament_index/resource_index/packages/navigation_tb3
[10.649s] -- Installing: /home/vatsan/robo/src/ros2_learners/install/navigation_tb3/share/navigation_tb3/cmake/navigation_tb3Config.cmake
[10.649s] -- Installing: /home/vatsan/robo/src/ros2_learners/install/navigation_tb3/share/navigation_tb3/cmake/navigation_tb3Config-version.cmake
[10.649s] -- Installing: /home/vatsan/robo/src/ros2_learners/install/navigation_tb3/share/navigation_tb3/package.xml
[10.659s] Invoked command in '/home/vatsan/robo/src/ros2_learners/build/navigation_tb3' returned '0': CMAKE_PREFIX_PATH=/opt/ros/humble DEBUGINFOD_URLS=https://debuginfod.ubuntu.com /home/vatsan/.local/bin/cmake --install /home/vatsan/robo/src/ros2_learners/build/navigation_tb3
