[1.113s] Invoking command in '/home/vatsan/robo/src/ros2_learners/build/transforms': CMAKE_PREFIX_PATH=/opt/ros/humble DEBUGINFOD_URLS=https://debuginfod.ubuntu.com /home/vatsan/.local/bin/cmake --build /home/vatsan/robo/src/ros2_learners/build/transforms -- -j8 -l8
[1.269s] [ 20%] Built target rotation_frame
[1.269s] [ 40%] Built target transform_order
[1.269s] [ 80%] Built target translation_frame
[1.269s] [ 60%] Built target frame_chains
[1.278s] [100%] Built target static_dynamic_frame
[1.331s] Invoked command in '/home/vatsan/robo/src/ros2_learners/build/transforms' returned '0': CMAKE_PREFIX_PATH=/opt/ros/humble DEBUGINFOD_URLS=https://debuginfod.ubuntu.com /home/vatsan/.local/bin/cmake --build /home/vatsan/robo/src/ros2_learners/build/transforms -- -j8 -l8
[1.335s] Invoking command in '/home/vatsan/robo/src/ros2_learners/build/transforms': CMAKE_PREFIX_PATH=/opt/ros/humble DEBUGINFOD_URLS=https://debuginfod.ubuntu.com /home/vatsan/.local/bin/cmake --install /home/vatsan/robo/src/ros2_learners/build/transforms
[1.542s] -- Install configuration: ""
[1.543s] -- Up-to-date: /home/vatsan/robo/src/ros2_learners/install/transforms/lib/transforms/translation_frame
[1.543s] -- Up-to-date: /home/vatsan/robo/src/ros2_learners/install/transforms/lib/transforms/rotation_frame
[1.543s] -- Up-to-date: /home/vatsan/robo/src/ros2_learners/install/transforms/lib/transforms/transform_order
[1.543s] -- Up-to-date: /home/vatsan/robo/src/ros2_learners/install/transforms/lib/transforms/frame_chains
[1.543s] -- Up-to-date: /home/vatsan/robo/src/ros2_learners/install/transforms/lib/transforms/static_dynamic_frame
[1.543s] -- Up-to-date: /home/vatsan/robo/src/ros2_learners/install/transforms/share/transforms/launch
[1.543s] -- Up-to-date: /home/vatsan/robo/src/ros2_learners/install/transforms/share/transforms/launch/rviz.launch.py
[1.551s] -- Up-to-date: /home/vatsan/robo/src/ros2_learners/install/transforms/share/transforms/launch/gazebo.launch.py
[1.551s] -- Up-to-date: /home/vatsan/robo/src/ros2_learners/install/transforms/share/transforms/urdf
[1.551s] -- Up-to-date: /home/vatsan/robo/src/ros2_learners/install/transforms/share/transforms/urdf/diff_drive.urdf
[1.551s] -- Up-to-date: /home/vatsan/robo/src/ros2_learners/install/transforms/share/transforms/config
[1.551s] -- Up-to-date: /home/vatsan/robo/src/ros2_learners/install/transforms/share/transforms/config/urdf_view.rviz
[1.551s] -- Up-to-date: /home/vatsan/robo/src/ros2_learners/install/transforms/share/ament_index/resource_index/package_run_dependencies/transforms
[1.551s] -- Up-to-date: /home/vatsan/robo/src/ros2_learners/install/transforms/share/ament_index/resource_index/parent_prefix_path/transforms
[1.551s] -- Up-to-date: /home/vatsan/robo/src/ros2_learners/install/transforms/share/transforms/environment/ament_prefix_path.sh
[1.552s] -- Up-to-date: /home/vatsan/robo/src/ros2_learners/install/transforms/share/transforms/environment/ament_prefix_path.dsv
[1.563s] -- Up-to-date: /home/vatsan/robo/src/ros2_learners/install/transforms/share/transforms/environment/path.sh
[1.563s] -- Up-to-date: /home/vatsan/robo/src/ros2_learners/install/transforms/share/transforms/environment/path.dsv
[1.563s] -- Up-to-date: /home/vatsan/robo/src/ros2_learners/install/transforms/share/transforms/local_setup.bash
[1.563s] -- Up-to-date: /home/vatsan/robo/src/ros2_learners/install/transforms/share/transforms/local_setup.sh
[1.563s] -- Up-to-date: /home/vatsan/robo/src/ros2_learners/install/transforms/share/transforms/local_setup.zsh
[1.563s] -- Up-to-date: /home/vatsan/robo/src/ros2_learners/install/transforms/share/transforms/local_setup.dsv
[1.563s] -- Installing: /home/vatsan/robo/src/ros2_learners/install/transforms/share/transforms/package.dsv
[1.563s] -- Up-to-date: /home/vatsan/robo/src/ros2_learners/install/transforms/share/ament_index/resource_index/packages/transforms
[1.563s] -- Up-to-date: /home/vatsan/robo/src/ros2_learners/install/transforms/share/transforms/cmake/transformsConfig.cmake
[1.564s] -- Up-to-date: /home/vatsan/robo/src/ros2_learners/install/transforms/share/transforms/cmake/transformsConfig-version.cmake
[1.564s] -- Up-to-date: /home/vatsan/robo/src/ros2_learners/install/transforms/share/transforms/package.xml
[1.616s] Invoked command in '/home/vatsan/robo/src/ros2_learners/build/transforms' returned '0': CMAKE_PREFIX_PATH=/opt/ros/humble DEBUGINFOD_URLS=https://debuginfod.ubuntu.com /home/vatsan/.local/bin/cmake --install /home/vatsan/robo/src/ros2_learners/build/transforms
